Log file open, 12/01/18 19:16:38
LogWindows: Failed to load 'aqProf.dll' (GetLastError=126)
LogWindows: File 'aqProf.dll' does not exist
LogWindows: Failed to load 'VtuneApi.dll' (GetLastError=126)
LogWindows: File 'VtuneApi.dll' does not exist
LogWindows: Failed to load 'VtuneApi32e.dll' (GetLastError=126)
LogWindows: File 'VtuneApi32e.dll' does not exist
LogInit: Display: Running engine for game: UTAMA_Alpha
LogPlatformFile: Not using cached read wrapper
LogInit: Display: RandInit(1275489318) SRandInit(1275489318).
LogInit: Read version file with build ID '3944462'
LogInit: Overriding engine version to CL 4033788, compatible CL 3944462
LogInit: Registered custom module enumerator with build ID '3944462'
LogTaskGraph: Started task graph with 5 named threads and 14 total threads with 3 sets of task threads.
LogStats: Stats thread started at 0.212552
LogD3D11RHI: Aftermath initialized
LogICUInternationalization: Display: ICU TimeZone Detection - Raw Offset: +0:00, Platform Override: ''
LogModuleManager: Display: Found up-to-date module file ../../../Engine/Plugins/2D/Paper2D/Binaries/Win64/UE4Editor-Paper2D.dll (API version 3944462).
LogModuleManager: Display: Found up-to-date module file ../../../Engine/Plugins/2D/Paper2D/Binaries/Win64/UE4Editor-Paper2DEditor.dll (API version 3944462).
LogModuleManager: Display: Found up-to-date module file ../../../Engine/Plugins/2D/Paper2D/Binaries/Win64/UE4Editor-PaperSpriteSheetImporter.dll (API version 3944462).
LogModuleManager: Display: Found up-to-date module file ../../../Engine/Plugins/2D/Paper2D/Binaries/Win64/UE4Editor-PaperTiledImporter.dll (API version 3944462).
LogModuleManager: Display: Found up-to-date module file ../../../Engine/Plugins/2D/Paper2D/Binaries/Win64/UE4Editor-SmartSnapping.dll (API version 3944462).
LogModuleManager: Display: Found up-to-date module file ../../../Engine/Plugins/Blendables/LightPropagationVolume/Binaries/Win64/UE4Editor-LightPropagationVolumeRuntime.dll (API version 3944462).
LogModuleManager: Display: Found up-to-date module file ../../../Engine/Plugins/Blendables/LightPropagationVolume/Binaries/Win64/UE4Editor-LightPropagationVolumeEditor.dll (API version 3944462).
LogModuleManager: Display: Found up-to-date module file ../../../Engine/Plugins/Developer/CLionSourceCodeAccess/Binaries/Win64/UE4Editor-CLionSourceCodeAccess.dll (API version 3944462).
LogModuleManager: Display: Found up-to-date module file ../../../Engine/Plugins/Developer/GitSourceControl/Binaries/Win64/UE4Editor-GitSourceControl.dll (API version 3944462).
LogModuleManager: Display: Found up-to-date module file ../../../Engine/Plugins/Developer/PerforceSourceControl/Binaries/Win64/UE4Editor-PerforceSourceControl.dll (API version 3944462).
LogModuleManager: Display: Found up-to-date module file ../../../Engine/Plugins/Developer/SubversionSourceControl/Binaries/Win64/UE4Editor-SubversionSourceControl.dll (API version 3944462).
LogModuleManager: Display: Found up-to-date module file ../../../Engine/Plugins/Developer/UObjectPlugin/Binaries/Win64/UE4Editor-UObjectPlugin.dll (API version 3944462).
LogModuleManager: Display: Found up-to-date module file ../../../Engine/Plugins/Developer/VisualStudioCodeSourceCodeAccess/Binaries/Win64/UE4Editor-VisualStudioCodeSourceCodeAccess.dll (API version 3944462).
LogModuleManager: Display: Found up-to-date module file ../../../Engine/Plugins/Developer/VisualStudioSourceCodeAccess/Binaries/Win64/UE4Editor-VisualStudioSourceCodeAccess.dll (API version 3944462).
LogModuleManager: Display: Found up-to-date module file ../../../Engine/Plugins/Editor/AssetManagerEditor/Binaries/Win64/UE4Editor-AssetManagerEditor.dll (API version 3944462).
LogModuleManager: Display: Found up-to-date module file ../../../Engine/Plugins/Editor/CryptoKeys/Binaries/Win64/UE4Editor-CryptoKeys.dll (API version 3944462).
LogModuleManager: Display: Found up-to-date module file ../../../Engine/Plugins/Editor/CryptoKeys/Binaries/Win64/UE4Editor-CryptoKeysOpenSSL.dll (API version 3944462).
LogModuleManager: Display: Found up-to-date module file ../../../Engine/Plugins/Editor/DataValidation/Binaries/Win64/UE4Editor-DataValidation.dll (API version 3944462).
LogModuleManager: Display: Found up-to-date module file ../../../Engine/Plugins/Editor/FacialAnimation/Binaries/Win64/UE4Editor-FacialAnimation.dll (API version 3944462).
LogModuleManager: Display: Found up-to-date module file ../../../Engine/Plugins/Editor/FacialAnimation/Binaries/Win64/UE4Editor-FacialAnimationEditor.dll (API version 3944462).
LogModuleManager: Display: Found up-to-date module file ../../../Engine/Plugins/Editor/GameplayTagsEditor/Binaries/Win64/UE4Editor-GameplayTagsEditor.dll (API version 3944462).
LogModuleManager: Display: Found up-to-date module file ../../../Engine/Plugins/Editor/MobileLauncherProfileWizard/Binaries/Win64/UE4Editor-MobileLauncherProfileWizard.dll (API version 3944462).
LogModuleManager: Display: Found up-to-date module file ../../../Engine/Plugins/Editor/PluginBrowser/Binaries/Win64/UE4Editor-PluginBrowser.dll (API version 3944462).
LogModuleManager: Display: Found up-to-date module file ../../../Engine/Plugins/Editor/SpeedTreeImporter/Binaries/Win64/UE4Editor-SpeedTreeImporter.dll (API version 3944462).
LogModuleManager: Display: Found up-to-date module file ../../../Engine/Plugins/Enterprise/DatasmithContent/Binaries/Win64/UE4Editor-DatasmithContent.dll (API version 3944462).
LogModuleManager: Display: Found up-to-date module file ../../../Engine/Plugins/Experimental/AlembicImporter/Binaries/Win64/UE4Editor-AlembicImporter.dll (API version 3944462).
LogModuleManager: Display: Found up-to-date module file ../../../Engine/Plugins/Experimental/AlembicImporter/Binaries/Win64/UE4Editor-AlembicLibrary.dll (API version 3944462).
LogModuleManager: Display: Found up-to-date module file ../../../Engine/Plugins/Experimental/CharacterAI/Binaries/Win64/UE4Editor-CharacterAI.dll (API version 3944462).
LogModuleManager: Display: Found up-to-date module file ../../../Engine/Plugins/Experimental/HTML5Networking/Binaries/Win64/UE4Editor-HTML5Networking.dll (API version 3944462).
LogModuleManager: Display: Found up-to-date module file ../../../Engine/Plugins/Media/AndroidMedia/Binaries/Win64/UE4Editor-AndroidMediaEditor.dll (API version 3944462).
LogModuleManager: Display: Found up-to-date module file ../../../Engine/Plugins/Media/AndroidMedia/Binaries/Win64/UE4Editor-AndroidMediaFactory.dll (API version 3944462).
LogModuleManager: Display: Found up-to-date module file ../../../Engine/Plugins/Media/AvfMedia/Binaries/Win64/UE4Editor-AvfMediaEditor.dll (API version 3944462).
LogModuleManager: Display: Found up-to-date module file ../../../Engine/Plugins/Media/AvfMedia/Binaries/Win64/UE4Editor-AvfMediaFactory.dll (API version 3944462).
LogModuleManager: Display: Found up-to-date module file ../../../Engine/Plugins/Media/AvfMedia/Binaries/Win64/UE4Editor-AvfMediaFactory.dll (API version 3944462).
LogModuleManager: Display: Found up-to-date module file ../../../Engine/Plugins/Media/ImgMedia/Binaries/Win64/UE4Editor-ImgMedia.dll (API version 3944462).
LogModuleManager: Display: Found up-to-date module file ../../../Engine/Plugins/Media/ImgMedia/Binaries/Win64/UE4Editor-ImgMediaEditor.dll (API version 3944462).
LogModuleManager: Display: Found up-to-date module file ../../../Engine/Plugins/Media/ImgMedia/Binaries/Win64/UE4Editor-ImgMediaFactory.dll (API version 3944462).
LogModuleManager: Display: Found up-to-date module file ../../../Engine/Plugins/Media/ImgMedia/Binaries/Win64/UE4Editor-ImgMediaFactory.dll (API version 3944462).
LogModuleManager: Display: Found up-to-date module file ../../../Engine/Plugins/Media/ImgMedia/Binaries/Win64/UE4Editor-OpenExrWrapper.dll (API version 3944462).
LogModuleManager: Display: Found up-to-date module file ../../../Engine/Plugins/Media/LinearTimecode/Binaries/Win64/UE4Editor-LinearTimecode.dll (API version 3944462).
LogModuleManager: Display: Found up-to-date module file ../../../Engine/Plugins/Media/MediaCompositing/Binaries/Win64/UE4Editor-MediaCompositing.dll (API version 3944462).
LogModuleManager: Display: Found up-to-date module file ../../../Engine/Plugins/Media/MediaCompositing/Binaries/Win64/UE4Editor-MediaCompositingEditor.dll (API version 3944462).
LogModuleManager: Display: Found up-to-date module file ../../../Engine/Plugins/Media/MediaPlayerEditor/Binaries/Win64/UE4Editor-MediaPlayerEditor.dll (API version 3944462).
LogModuleManager: Display: Found up-to-date module file ../../../Engine/Plugins/Media/WmfMedia/Binaries/Win64/UE4Editor-WmfMedia.dll (API version 3944462).
LogModuleManager: Display: Found up-to-date module file ../../../Engine/Plugins/Media/WmfMedia/Binaries/Win64/UE4Editor-WmfMediaEditor.dll (API version 3944462).
LogModuleManager: Display: Found up-to-date module file ../../../Engine/Plugins/Media/WmfMedia/Binaries/Win64/UE4Editor-WmfMediaFactory.dll (API version 3944462).
LogModuleManager: Display: Found up-to-date module file ../../../Engine/Plugins/Media/WmfMedia/Binaries/Win64/UE4Editor-WmfMediaFactory.dll (API version 3944462).
LogModuleManager: Display: Found up-to-date module file ../../../Engine/Plugins/Messaging/TcpMessaging/Binaries/Win64/UE4Editor-TcpMessaging.dll (API version 3944462).
LogModuleManager: Display: Found up-to-date module file ../../../Engine/Plugins/Messaging/UdpMessaging/Binaries/Win64/UE4Editor-UdpMessaging.dll (API version 3944462).
LogModuleManager: Display: Found up-to-date module file ../../../Engine/Plugins/MovieScene/ActorSequence/Binaries/Win64/UE4Editor-ActorSequence.dll (API version 3944462).
LogModuleManager: Display: Found up-to-date module file ../../../Engine/Plugins/MovieScene/LevelSequenceEditor/Binaries/Win64/UE4Editor-LevelSequenceEditor.dll (API version 3944462).
LogModuleManager: Display: Found up-to-date module file ../../../Engine/Plugins/MovieScene/MatineeToLevelSequence/Binaries/Win64/UE4Editor-MatineeToLevelSequence.dll (API version 3944462).
LogModuleManager: Display: Found up-to-date module file ../../../Engine/Plugins/NetcodeUnitTest/NetcodeUnitTest/Binaries/Win64/UE4Editor-NetcodeUnitTest.dll (API version 3944462).
LogModuleManager: Display: Found up-to-date module file ../../../Engine/Plugins/NetcodeUnitTest/NUTUnrealEngine4/Binaries/Win64/UE4Editor-NUTUnrealEngine4.dll (API version 3944462).
LogModuleManager: Display: Found up-to-date module file ../../../Engine/Plugins/Online/OnlineSubsystem/Binaries/Win64/UE4Editor-OnlineSubsystem.dll (API version 3944462).
LogModuleManager: Display: Found up-to-date module file ../../../Engine/Plugins/Runtime/AndroidPermission/Binaries/Win64/UE4Editor-AndroidPermission.dll (API version 3944462).
LogModuleManager: Display: Found up-to-date module file ../../../Engine/Plugins/Online/OnlineSubsystemNull/Binaries/Win64/UE4Editor-OnlineSubsystemNull.dll (API version 3944462).
LogModuleManager: Display: Found up-to-date module file ../../../Engine/Plugins/Online/OnlineSubsystemUtils/Binaries/Win64/UE4Editor-OnlineSubsystemUtils.dll (API version 3944462).
LogModuleManager: Display: Found up-to-date module file ../../../Engine/Plugins/Online/OnlineSubsystemUtils/Binaries/Win64/UE4Editor-OnlineBlueprintSupport.dll (API version 3944462).
LogModuleManager: Display: Found up-to-date module file ../../../Engine/Plugins/Runtime/AndroidDeviceProfileSelector/Binaries/Win64/UE4Editor-AndroidDeviceProfileSelector.dll (API version 3944462).
LogModuleManager: Display: Found up-to-date module file ../../../Engine/Plugins/Runtime/AppleARKit/Binaries/Win64/UE4Editor-AppleARKit.dll (API version 3944462).
LogModuleManager: Display: Found up-to-date module file ../../../Engine/Plugins/Runtime/ProceduralMeshComponent/Binaries/Win64/UE4Editor-ProceduralMeshComponent.dll (API version 3944462).
LogModuleManager: Display: Found up-to-date module file ../../../Engine/Plugins/Runtime/ProceduralMeshComponent/Binaries/Win64/UE4Editor-ProceduralMeshComponentEditor.dll (API version 3944462).
LogModuleManager: Display: Found up-to-date module file ../../../Engine/Plugins/Animation/LiveLink/Binaries/Win64/UE4Editor-LiveLink.dll (API version 3944462).
LogModuleManager: Display: Found up-to-date module file ../../../Engine/Plugins/Animation/LiveLink/Binaries/Win64/UE4Editor-LiveLinkEditor.dll (API version 3944462).
LogModuleManager: Display: Found up-to-date module file ../../../Engine/Plugins/Runtime/ArchVisCharacter/Binaries/Win64/UE4Editor-ArchVisCharacter.dll (API version 3944462).
LogModuleManager: Display: Found up-to-date module file ../../../Engine/Plugins/Runtime/AudioCapture/Binaries/Win64/UE4Editor-AudioCapture.dll (API version 3944462).
LogModuleManager: Display: Found up-to-date module file ../../../Engine/Plugins/Runtime/AudioCapture/Binaries/Win64/UE4Editor-AudioCaptureEditor.dll (API version 3944462).
LogModuleManager: Display: Found up-to-date module file ../../../Engine/Plugins/Runtime/CableComponent/Binaries/Win64/UE4Editor-CableComponent.dll (API version 3944462).
LogModuleManager: Display: Found up-to-date module file ../../../Engine/Plugins/Runtime/CustomMeshComponent/Binaries/Win64/UE4Editor-CustomMeshComponent.dll (API version 3944462).
LogModuleManager: Display: Found up-to-date module file ../../../Engine/Plugins/Runtime/ExampleDeviceProfileSelector/Binaries/Win64/UE4Editor-ExampleDeviceProfileSelector.dll (API version 3944462).
LogModuleManager: Display: Found up-to-date module file ../../../Engine/Plugins/Runtime/ImmediatePhysics/Binaries/Win64/UE4Editor-ImmediatePhysics.dll (API version 3944462).
LogModuleManager: Display: Found up-to-date module file ../../../Engine/Plugins/Runtime/ImmediatePhysics/Binaries/Win64/UE4Editor-ImmediatePhysicsEditor.dll (API version 3944462).
LogModuleManager: Display: Found up-to-date module file ../../../Engine/Plugins/Runtime/LocationServicesBPLibrary/Binaries/Win64/UE4Editor-LocationServicesBPLibrary.dll (API version 3944462).
LogModuleManager: Display: Found up-to-date module file ../../../Engine/Plugins/Runtime/MobilePatchingUtils/Binaries/Win64/UE4Editor-MobilePatchingUtils.dll (API version 3944462).
LogModuleManager: Display: Found up-to-date module file ../../../Engine/Plugins/Runtime/Oculus/OculusVR/Binaries/Win64/UE4Editor-OculusHMD.dll (API version 3944462).
LogModuleManager: Display: Found up-to-date module file ../../../Engine/Plugins/Runtime/Oculus/OculusVR/Binaries/Win64/UE4Editor-OculusInput.dll (API version 3944462).
LogModuleManager: Display: Found up-to-date module file ../../../Engine/Plugins/Runtime/Oculus/OculusVR/Binaries/Win64/UE4Editor-OculusEditor.dll (API version 3944462).
LogModuleManager: Display: Found up-to-date module file ../../../Engine/Plugins/Runtime/PhysXVehicles/Binaries/Win64/UE4Editor-PhysXVehicles.dll (API version 3944462).
LogModuleManager: Display: Found up-to-date module file ../../../Engine/Plugins/Runtime/PhysXVehicles/Binaries/Win64/UE4Editor-PhysXVehiclesEditor.dll (API version 3944462).
LogModuleManager: Display: Found up-to-date module file ../../../Engine/Plugins/Runtime/RuntimePhysXCooking/Binaries/Win64/UE4Editor-RuntimePhysXCooking.dll (API version 3944462).
LogModuleManager: Display: Found up-to-date module file ../../../Engine/Plugins/Runtime/Steam/SteamVR/Binaries/Win64/UE4Editor-SteamVR.dll (API version 3944462).
LogModuleManager: Display: Found up-to-date module file ../../../Engine/Plugins/Runtime/Steam/SteamVR/Binaries/Win64/UE4Editor-SteamVRController.dll (API version 3944462).
LogModuleManager: Display: Found up-to-date module file ../../../Engine/Plugins/Runtime/WindowsMoviePlayer/Binaries/Win64/UE4Editor-WindowsMoviePlayer.dll (API version 3944462).
LogPluginManager: Mounting plugin Paper2D
LogPluginManager: Mounting plugin LiveLink
LogPluginManager: Mounting plugin LightPropagationVolume
LogPluginManager: Mounting plugin CLionSourceCodeAccess
LogPluginManager: Mounting plugin CodeLiteSourceCodeAccess
LogPluginManager: Mounting plugin GitSourceControl
LogPluginManager: Mounting plugin KDevelopSourceCodeAccess
LogPluginManager: Mounting plugin NullSourceCodeAccess
LogPluginManager: Mounting plugin PerforceSourceControl
LogPluginManager: Mounting plugin SubversionSourceControl
LogPluginManager: Mounting plugin UObjectPlugin
LogPluginManager: Mounting plugin VisualStudioCodeSourceCodeAccess
LogPluginManager: Mounting plugin VisualStudioSourceCodeAccess
LogPluginManager: Mounting plugin XCodeSourceCodeAccess
LogPluginManager: Mounting plugin AssetManagerEditor
LogPluginManager: Mounting plugin CryptoKeys
LogPluginManager: Mounting plugin DataValidation
LogPluginManager: Mounting plugin FacialAnimation
LogPluginManager: Mounting plugin GameplayTagsEditor
LogPluginManager: Mounting plugin MobileLauncherProfileWizard
LogPluginManager: Mounting plugin PluginBrowser
LogPluginManager: Mounting plugin SpeedTreeImporter
LogPluginManager: Mounting plugin DatasmithContent
LogPluginManager: Mounting plugin AlembicImporter
LogPluginManager: Mounting plugin CharacterAI
LogPluginManager: Mounting plugin HTML5Networking
LogPluginManager: Mounting plugin AndroidMedia
LogPluginManager: Mounting plugin AvfMedia
LogPluginManager: Mounting plugin ImgMedia
LogPluginManager: Mounting plugin LinearTimecode
LogPluginManager: Mounting plugin MediaCompositing
LogPluginManager: Mounting plugin MediaPlayerEditor
LogPluginManager: Mounting plugin WmfMedia
LogPluginManager: Mounting plugin TcpMessaging
LogPluginManager: Mounting plugin UdpMessaging
LogPluginManager: Mounting plugin ActorSequence
LogPluginManager: Mounting plugin LevelSequenceEditor
LogPluginManager: Mounting plugin MatineeToLevelSequence
LogPluginManager: Mounting plugin NetcodeUnitTest
LogPluginManager: Mounting plugin NUTUnrealEngine4
LogPluginManager: Mounting plugin OnlineSubsystemGooglePlay
LogPluginManager: Mounting plugin OnlineSubsystemIOS
LogPluginManager: Mounting plugin OnlineSubsystem
LogPluginManager: Mounting plugin OnlineSubsystemNull
LogPluginManager: Mounting plugin OnlineSubsystemUtils
LogPluginManager: Mounting plugin AndroidDeviceProfileSelector
LogPluginManager: Mounting plugin AndroidMoviePlayer
LogPluginManager: Mounting plugin AndroidPermission
LogPluginManager: Mounting plugin AppleARKit
LogPluginManager: Mounting plugin AppleMoviePlayer
LogPluginManager: Mounting plugin ArchVisCharacter
LogPluginManager: Mounting plugin AudioCapture
LogPluginManager: Mounting plugin CableComponent
LogPluginManager: Mounting plugin CustomMeshComponent
LogPluginManager: Mounting plugin ExampleDeviceProfileSelector
LogPluginManager: Mounting plugin GoogleCloudMessaging
LogPluginManager: Mounting plugin ImmediatePhysics
LogPluginManager: Mounting plugin IOSDeviceProfileSelector
LogPluginManager: Mounting plugin LinuxDeviceProfileSelector
LogPluginManager: Mounting plugin LocationServicesBPLibrary
LogPluginManager: Mounting plugin MobilePatchingUtils
LogPluginManager: Mounting plugin OculusVR
LogPluginManager: Plugin shader directory ../../../Engine/Plugins/Runtime/Oculus/OculusVR/Shaders found
LogPluginManager: Mapping shader source directory ../../../Engine/Plugins/Runtime/Oculus/OculusVR/Shaders to virtual directory /Plugin/OculusVR
LogPluginManager: Mounting plugin PhysXVehicles
LogPluginManager: Mounting plugin ProceduralMeshComponent
LogPluginManager: Mounting plugin RuntimePhysXCooking
LogPluginManager: Mounting plugin SteamVR
LogPluginManager: Mounting plugin WindowsMoviePlayer
LogStreaming: Display: Took  3.949s to configure plugins.
LogInit: Using libcurl 7.47.1
LogInit:  - built for x86_64-pc-win32
LogInit:  - supports SSL with OpenSSL/1.0.2g
LogInit:  - supports HTTP deflate (compression) using libz 1.2.8
LogInit:  - other features:
LogInit:      CURL_VERSION_SSL
LogInit:      CURL_VERSION_LIBZ
LogInit:      CURL_VERSION_IPV6
LogInit:      CURL_VERSION_ASYNCHDNS
LogInit:      CURL_VERSION_LARGEFILE
LogInit:      CURL_VERSION_IDN
LogInit:  CurlRequestOptions (configurable via config and command line):
LogInit:  - bVerifyPeer = false  - Libcurl will NOT verify peer certificate
LogInit:  - bUseHttpProxy = false  - Libcurl will NOT use HTTP proxy
LogInit:  - bDontReuseConnections = false  - Libcurl will reuse connections
LogInit:  - CertBundlePath = nullptr  - Libcurl will use whatever was configured at build time.
LogInit:  - MaxHostConnections = 16  - Libcurl will limit the number of connections to a host
LogInit:  - LocalHostAddr = Default
LogInit: WinSock: version 1.1 (2.2), MaxSocks=32767, MaxUdp=65467
LogInit: WinSock: I am DESKTOP-03EVT9J (192.168.1.2:0)
LogInit: Build: ++UE4+Release-4.19-CL-4033788
LogInit: Engine Version: 4.19.2-4033788+++UE4+Release-4.19
LogInit: Compatible Engine Version: 4.19.0-3944462+++UE4+Release-4.19
LogInit: Net CL: 3944462
LogDevObjectVersion: Number of dev versions registered: 18
LogDevObjectVersion:   Dev-Blueprints (B0D832E4-1F89-4F0D-ACCF-7EB736FD4AA2): 10
LogDevObjectVersion:   Dev-Build (E1C64328-A22C-4D53-A36C-8E866417BD8C): 0
LogDevObjectVersion:   Dev-Core (375EC13C-06E4-48FB-B500-84F0262A717E): 2
LogDevObjectVersion:   Dev-Editor (E4B068ED-F494-42E9-A231-DA0B2E46BB41): 23
LogDevObjectVersion:   Dev-Framework (CFFC743F-43B0-4480-9391-14DF171D2073): 33
LogDevObjectVersion:   Dev-Mobile (B02B49B5-BB20-44E9-A304-32B752E40360): 2
LogDevObjectVersion:   Dev-Networking (A4E4105C-59A1-49B5-A7C5-40C4547EDFEE): 0
LogDevObjectVersion:   Dev-Online (39C831C9-5AE6-47DC-9A44-9C173E1C8E7C): 0
LogDevObjectVersion:   Dev-Physics (78F01B33-EBEA-4F98-B9B4-84EACCB95AA2): 0
LogDevObjectVersion:   Dev-Platform (6631380F-2D4D-43E0-8009-CF276956A95A): 0
LogDevObjectVersion:   Dev-Rendering (12F88B9F-8875-4AFC-A67C-D90C383ABD29): 25
LogDevObjectVersion:   Dev-Sequencer (7B5AE74C-D270-4C10-A958-57980B212A5A): 6
LogDevObjectVersion:   Dev-VR (D7296918-1DD6-4BDD-9DE2-64A83CC13884): 1
LogDevObjectVersion:   Dev-LoadTimes (C2A15278-BFE7-4AFE-6C17-90FF531DF755): 1
LogDevObjectVersion:   Private-Geometry (6EACA3D4-40EC-4CC1-B786-8BED09428FC5): 2
LogDevObjectVersion:   Dev-AnimPhys (29E575DD-E0A3-4627-9D10-D276232CDCEA): 16
LogDevObjectVersion:   Dev-ReflectionCapture (6B266CEC-1EC7-4B8F-A30B-E4D90942FC07): 1
LogDevObjectVersion:   Dev-Automation (0DF73D61-A23F-47EA-B727-89E90C41499A): 1
LogInit: Compiled (64-bit): Apr 27 2018 02:06:57
LogInit: Compiled with Visual C++: 19.00.24215.01
LogInit: Build Configuration: Development
LogInit: Branch Name: ++UE4+Release-4.19
LogInit: Command Line:  
LogInit: Base Directory: C:/Program Files/Epic Games/UE_4.19/Engine/Binaries/Win64/
LogInit: Installed Engine Build: 1
LogStreaming: Display: Took  0.000s to delete old logs.
LogInit: Presizing for max 8388607 objects, including 0 objects not considered by GC, pre-allocating 0 bytes for permanent pool.
LogInit: Object subsystem initialized
[2018.12.01-19.16.43:472][  0]LogInit: Selected Device Profile: [Windows]
[2018.12.01-19.16.43:472][  0]LogInit: Applying CVar settings loaded from the selected device profile: [Windows]
[2018.12.01-19.16.43:547][  0]LogInit: Computer: DESKTOP-03EVT9J
[2018.12.01-19.16.43:547][  0]LogInit: User: User
[2018.12.01-19.16.43:547][  0]LogInit: CPU Page size=4096, Cores=4
[2018.12.01-19.16.43:547][  0]LogInit: High frequency timer resolution =3.021663 MHz
[2018.12.01-19.16.43:547][  0]LogMemory: Memory total: Physical=7.9GB (8GB approx)
[2018.12.01-19.16.43:547][  0]LogMemory: Platform Memory Stats for Windows
[2018.12.01-19.16.43:547][  0]LogMemory: Process Physical Memory: 272.89 MB used, 272.89 MB peak
[2018.12.01-19.16.43:547][  0]LogMemory: Process Virtual Memory: 261.91 MB used, 261.91 MB peak
[2018.12.01-19.16.43:547][  0]LogMemory: Physical Memory: 4375.76 MB used,  3752.61 MB free, 8128.37 MB total
[2018.12.01-19.16.43:547][  0]LogMemory: Virtual Memory: 4781.90 MB used,  3752.61 MB free, 134217728.00 MB total
[2018.12.01-19.16.43:963][  0]LogInit: Using OS detected language (en-GB).
[2018.12.01-19.16.43:963][  0]LogInit: Using OS detected locale (en-GB).
[2018.12.01-19.16.44:205][  0]LogTextLocalizationManager: No specific localization for 'en-GB' exists, so the 'en' localization will be used.
[2018.12.01-19.16.45:146][  0]LogStreaming: Display: Took  1.183s to EndInitTextLocalization.
[2018.12.01-19.16.45:146][  0]LogInit: Setting process to per monitor DPI aware
[2018.12.01-19.16.45:440][  0]LogSlate: New Slate User Created.  User Index 0, Is Virtual User: 0
[2018.12.01-19.16.45:440][  0]LogSlate: Slate User Registered.  User Index 0, Is Virtual User: 0
[2018.12.01-19.16.50:638][  0]LogD3D11RHI: D3D11 adapters:
[2018.12.01-19.16.50:740][  0]LogD3D11RHI:    0. 'NVIDIA GeForce GTX 1050 Ti' (Feature Level 11_0)
[2018.12.01-19.16.50:740][  0]LogD3D11RHI:       4018/0/4064 MB DedicatedVideo/DedicatedSystem/SharedSystem, Outputs:1, VendorId:0x10de
[2018.12.01-19.16.50:743][  0]LogD3D11RHI:    1. 'Microsoft Basic Render Driver' (Feature Level 11_0)
[2018.12.01-19.16.50:743][  0]LogD3D11RHI:       0/0/4064 MB DedicatedVideo/DedicatedSystem/SharedSystem, Outputs:0, VendorId:0x1414
[2018.12.01-19.16.50:743][  0]LogD3D11RHI: Chosen D3D11 Adapter: 0
[2018.12.01-19.16.50:752][  0]LogD3D11RHI: Creating new Direct3DDevice
[2018.12.01-19.16.50:752][  0]LogD3D11RHI:     GPU DeviceId: 0x1c82 (for the marketing name, search the web for "GPU Device Id")
[2018.12.01-19.16.50:752][  0]LogWindows: EnumDisplayDevices:
[2018.12.01-19.16.50:752][  0]LogWindows:    0. 'NVIDIA GeForce GTX 1050 Ti' (P:1 D:1)
[2018.12.01-19.16.50:752][  0]LogWindows:    1. 'NVIDIA GeForce GTX 1050 Ti' (P:0 D:0)
[2018.12.01-19.16.50:752][  0]LogWindows:    2. 'NVIDIA GeForce GTX 1050 Ti' (P:0 D:0)
[2018.12.01-19.16.50:753][  0]LogWindows:    3. 'NVIDIA GeForce GTX 1050 Ti' (P:0 D:0)
[2018.12.01-19.16.50:753][  0]LogWindows: DebugString: GetVideoDriverDetailsInvalid PrimaryIsNotTheChoosenAdapter GetVideoDriverDetailsInvalid PrimaryIsNotTheChoosenAdapter GetVideoDriverDetailsInvalid PrimaryIsNotTheChoosenAdapter GetVideoDriverDetailsInvalid PrimaryIsNotTheChoosenAdapter FoundDriverCount:0 
[2018.12.01-19.16.50:753][  0]LogD3D11RHI:     Adapter Name: NVIDIA GeForce GTX 1050 Ti
[2018.12.01-19.16.50:753][  0]LogD3D11RHI:   Driver Version: Unknown (internal:Unknown, unified:Unknown)
[2018.12.01-19.16.50:753][  0]LogD3D11RHI:      Driver Date: Unknown
[2018.12.01-19.16.50:753][  0]LogRHI: Texture pool is 2812 MB (70% of 4018 MB)
[2018.12.01-19.16.50:811][  0]LogD3D11RHI: [Aftermath] Aftermath enabled and primed
[2018.12.01-19.16.50:811][  0]LogD3D11RHI: [Aftermath] Aftermath enabled and primed
[2018.12.01-19.16.50:811][  0]LogD3D11RHI: Async texture creation enabled
[2018.12.01-19.16.50:912][  0]LogD3D11RHI: GPU Timing Frequency: 1000.000000 (Debug: 2 1)
[2018.12.01-19.16.50:914][  0]LogShaderCompilers: Guid format shader working directory is -21 characters bigger than the processId version (../../../../../../Users/User/Documents/Unreal Projects/UTAMA_Alpha/Intermediate/Shaders/WorkingDirectory/4644/).
[2018.12.01-19.16.50:915][  0]LogShaderCompilers: Cleaned the shader compiler working directory 'C:/Users/User/AppData/Local/Temp/UnrealShaderWorkingDir/5D2CF07640985483E2F8F4B7C23EAF34/'.
[2018.12.01-19.16.51:969][  0]LogTemp: Display: Loaded TP AllDesktopTargetPlatform
[2018.12.01-19.16.51:989][  0]LogTemp: Display: Loaded TP MacClientTargetPlatform
[2018.12.01-19.16.52:010][  0]LogTemp: Display: Loaded TP MacNoEditorTargetPlatform
[2018.12.01-19.16.52:030][  0]LogTemp: Display: Loaded TP MacServerTargetPlatform
[2018.12.01-19.16.52:081][  0]LogTemp: Display: Loaded TP MacTargetPlatform
[2018.12.01-19.16.52:101][  0]LogTemp: Display: Loaded TP WindowsClientTargetPlatform
[2018.12.01-19.16.52:121][  0]LogTemp: Display: Loaded TP WindowsNoEditorTargetPlatform
[2018.12.01-19.16.52:142][  0]LogTemp: Display: Loaded TP WindowsServerTargetPlatform
[2018.12.01-19.16.52:153][  0]LogTemp: Display: Loaded TP WindowsTargetPlatform
[2018.12.01-19.16.52:171][  0]LogTemp: Display: Loaded TP Android_ASTCTargetPlatform
[2018.12.01-19.16.52:189][  0]LogTemp: Display: Loaded TP Android_ATCTargetPlatform
[2018.12.01-19.16.52:207][  0]LogTemp: Display: Loaded TP Android_DXTTargetPlatform
[2018.12.01-19.16.52:225][  0]LogTemp: Display: Loaded TP Android_ETC1aTargetPlatform
[2018.12.01-19.16.52:243][  0]LogTemp: Display: Loaded TP Android_ETC1TargetPlatform
[2018.12.01-19.16.52:261][  0]LogTemp: Display: Loaded TP Android_ETC2TargetPlatform
[2018.12.01-19.16.52:312][  0]LogTemp: Display: Loaded TP Android_MultiTargetPlatform
[2018.12.01-19.16.52:312][  0]LogTemp: Display: Loaded TP Android_PVRTCTargetPlatform
[2018.12.01-19.16.52:347][  0]LogTemp: Display: Loaded TP AndroidTargetPlatform
[2018.12.01-19.16.52:349][  0]LogTemp: Display: Loaded TP HTML5TargetPlatform
[2018.12.01-19.16.52:427][  0]LogTemp: Display: Loaded TP IOSTargetPlatform
[2018.12.01-19.16.52:444][  0]LogTemp: Display: Loaded TP TVOSTargetPlatform
[2018.12.01-19.16.52:464][  0]LogTemp: Display: Loaded TP LinuxClientTargetPlatform
[2018.12.01-19.16.52:482][  0]LogTemp: Display: Loaded TP LinuxNoEditorTargetPlatform
[2018.12.01-19.16.52:515][  0]LogTemp: Display: Loaded TP LinuxServerTargetPlatform
[2018.12.01-19.16.52:549][  0]LogTemp: Display: Loaded TP LinuxTargetPlatform
[2018.12.01-19.16.52:549][  0]LogTargetPlatformManager: Display: Building Assets For Windows
[2018.12.01-19.16.53:347][  0]LogXGEController: Cleaning working directory: C:/Users/User/AppData/Local/Temp/UnrealXGEWorkingDir/
[2018.12.01-19.16.53:348][  0]LogXGEController: Cannot use XGE Controller as Incredibuild is not installed on this machine.
[2018.12.01-19.16.53:348][  0]LogShaderCompilers: Cannot use XGE Shader Compiler as Incredibuild is not installed on this machine.
[2018.12.01-19.16.53:348][  0]LogShaderCompilers: Display: Using Local Shader Compiler.
[2018.12.01-19.16.57:807][  0]LogDerivedDataCache: Display: Max Cache Size: 512 MB
[2018.12.01-19.16.57:988][  0]LogDerivedDataCache: Loaded boot cache 0.18s 74MB C:/Users/User/AppData/Local/UnrealEngine/4.19/DerivedDataCache/Boot.ddc.
[2018.12.01-19.16.57:988][  0]LogDerivedDataCache: Display: Loaded Boot cache: C:/Users/User/AppData/Local/UnrealEngine/4.19/DerivedDataCache/Boot.ddc
[2018.12.01-19.16.57:988][  0]LogDerivedDataCache: FDerivedDataBackendGraph:  Pak pak cache file ../../../../../../Users/User/Documents/Unreal Projects/UTAMA_Alpha/DerivedDataCache/DDC.ddp not found, will not use a pak cache.
[2018.12.01-19.16.57:988][  0]LogDerivedDataCache: Unable to find inner node Pak for hierarchical cache Hierarchy.
[2018.12.01-19.16.57:988][  0]LogDerivedDataCache: FDerivedDataBackendGraph:  CompressedPak pak cache file ../../../../../../Users/User/Documents/Unreal Projects/UTAMA_Alpha/DerivedDataCache/Compressed.ddp not found, will not use a pak cache.
[2018.12.01-19.16.57:988][  0]LogDerivedDataCache: Unable to find inner node CompressedPak for hierarchical cache Hierarchy.
[2018.12.01-19.16.58:048][  0]LogDerivedDataCache: Display: Pak cache opened for reading ../../../Engine/DerivedDataCache/Compressed.ddp.
[2018.12.01-19.16.58:060][  0]LogDerivedDataCache: Using Local data cache path C:/Users/User/AppData/Local/UnrealEngine/Common/DerivedDataCache: Writable
[2018.12.01-19.16.58:060][  0]LogDerivedDataCache: Shared data cache path not found in *engine.ini, will not use an Shared cache.
[2018.12.01-19.16.58:060][  0]LogDerivedDataCache: Unable to find inner node Shared for hierarchical cache Hierarchy.
[2018.12.01-19.16.58:074][  0]LogMaterial: Verifying Global Shaders for PCD3D_SM5
[2018.12.01-19.16.58:075][  0]LogSlate: Using Freetype 2.6.0
[2018.12.01-19.16.58:144][  0]LogSlate: SlateFontCache - WITH_FREETYPE: 1, WITH_HARFBUZZ: 1
[2018.12.01-19.16.58:144][  0]LogSlate: SlateFontCache - WITH_FREETYPE: 1, WITH_HARFBUZZ: 1
[2018.12.01-19.17.01:231][  0]LogAssetRegistry: FAssetRegistry took 0.0290 seconds to start up
[2018.12.01-19.17.02:136][  0]LogInit: Selected Device Profile: [Windows]
[2018.12.01-19.17.02:847][  0]LogSimplygon: Simplygon DLL not present - disabling.
[2018.12.01-19.17.02:865][  0]LogMeshReduction: Using SimplygonSwarm for distributed automatic mesh merging
[2018.12.01-19.17.02:865][  0]LogMeshReduction: Using QuadricMeshReduction for automatic static mesh reduction
[2018.12.01-19.17.02:865][  0]LogMeshReduction: No automatic skeletal mesh reduction module available
[2018.12.01-19.17.02:865][  0]LogMeshReduction: No automatic mesh merging module available
[2018.12.01-19.17.02:865][  0]LogMeshMerging: No automatic mesh merging module available
[2018.12.01-19.17.02:954][  0]LogNetVersion: UTAMA_Alpha , NetCL: 3944462, EngineNetVer: 2, GameNetVer: 0 (Checksum: 1343494140)
[2018.12.01-19.17.04:571][  0]LogPackageLocalizationCache: Processed 9 localized package path(s) for 2 prioritized culture(s) in 0.132954 seconds
[2018.12.01-19.17.04:581][  0]LogUObjectArray: 36728 objects as part of root set at end of initial load.
[2018.12.01-19.17.04:581][  0]LogUObjectAllocator: 7314312 out of 0 bytes used by permanent object pool.
[2018.12.01-19.17.04:581][  0]LogUObjectArray: CloseDisregardForGC: 0/0 objects in disregard for GC pool
[2018.12.01-19.17.25:855][  0]LogTcpMessaging: Initializing TcpMessaging bridge
[2018.12.01-19.17.25:907][  0]LogUdpMessaging: Initializing bridge on interface 0.0.0.0:0 to multicast group 230.0.0.1:6666.
[2018.12.01-19.17.26:668][  0]SourceControl: Source control is disabled
[2018.12.01-19.17.30:437][  0]LogAndroidPermission: UAndroidPermissionCallbackProxy::GetInstance
[2018.12.01-19.17.30:763][  0]LogOcInput: OculusInput pre-init called
[2018.12.01-19.17.31:074][  0]LogEngine: Initializing Engine...
[2018.12.01-19.17.31:075][  0]LogHMD: Failed to initialize OpenVR with code 110
[2018.12.01-19.17.31:077][  0]LogStats: UGameplayTagsManager::ConstructGameplayTagTree: Construct from data asset -  0.000 s
[2018.12.01-19.17.31:077][  0]LogStats: UGameplayTagsManager::ConstructGameplayTagTree: GameplayTagTreeChangedEvent.Broadcast -  0.000 s
[2018.12.01-19.17.31:818][  0]LogAIModule: Creating AISystem for world Untitled
[2018.12.01-19.17.31:851][  0]LogInit: XAudio2 using 'Speakers (Realtek High Definition Audio)' : 2 channels at 48 kHz using 32 bits per sample (channel mask 0x3)
[2018.12.01-19.17.31:877][  0]LogInit: FAudioDevice initialized.
[2018.12.01-19.17.32:030][  0]LogDerivedDataCache: Saved boot cache 0.15s 74MB C:/Users/User/AppData/Local/UnrealEngine/4.19/DerivedDataCache/Boot.ddc.
[2018.12.01-19.17.32:051][  0]LogInit: Texture streaming: Enabled
[2018.12.01-19.17.32:169][  0]LogEngineSessionManager: EngineSessionManager initialized
[2018.12.01-19.17.32:250][  0]LogInit: Transaction tracking system initialized
[2018.12.01-19.17.32:599][  0]BlueprintLog: New page: Editor Load
[2018.12.01-19.17.33:335][  0]LocalizationService: Localization service is disabled
[2018.12.01-19.17.34:054][  0]LogConsoleResponse: Display: 
[2018.12.01-19.17.35:520][  0]LogCook: Display: Max memory allowance for cook 16384mb min free memory 0mb
[2018.12.01-19.17.35:520][  0]LogCook: Display: Mobile HDR setting 1
[2018.12.01-19.17.35:520][  0]LogGameplayTags: Display: UGameplayTagsManager::DoneAddingNativeTags. DelegateIsBound: 0
[2018.12.01-19.17.35:520][  0]LogStats: UGameplayTagsManager::ConstructGameplayTagTree: Construct from data asset -  0.000 s
[2018.12.01-19.17.35:520][  0]LogStats: UGameplayTagsManager::ConstructGameplayTagTree: GameplayTagTreeChangedEvent.Broadcast -  0.000 s
[2018.12.01-19.17.35:829][  0]LogFileCache: Scanning file cache for directory 'C:/Users/User/Documents/Unreal Projects/UTAMA_Alpha/Content/' took 0.02s
[2018.12.01-19.17.38:173][  0]Cmd: MAP LOAD FILE="../../../../../../Users/User/Documents/Unreal Projects/UTAMA_Alpha/Content/ThirdPersonBP/Maps/ThirdPersonExampleMap.umap" TEMPLATE=0 SHOWPROGRESS=1 FEATURELEVEL=3
[2018.12.01-19.17.38:180][  0]LightingResults: New page: Lighting Build
[2018.12.01-19.17.38:222][  0]MapCheck: New page: Map Check
[2018.12.01-19.17.38:222][  0]LightingResults: New page: Lighting Build
[2018.12.01-19.17.38:454][  0]LogUObjectGlobals: Created PersistentFrame Addr=0x00000236332b5dc0, Size=64, Default__ThirdPerson_AnimBP_C Function /Game/Mannequin/Animations/ThirdPerson_AnimBP.ThirdPerson_AnimBP_C:ExecuteUbergraph_ThirdPerson_AnimBP
[2018.12.01-19.17.38:468][  0]LogUObjectGlobals: Destroyed PersistentFrame Addr=0x00000236332b5dc0, Size=64
[2018.12.01-19.17.38:468][  0]LogUObjectGlobals: Created PersistentFrame Addr=0x00000236332b5f00, Size=64, Default__ThirdPerson_AnimBP_C Function /Engine/Transient.REINST_ThirdPerson_AnimBP_C_0:ExecuteUbergraph_ThirdPerson_AnimBP
[2018.12.01-19.17.38:479][  0]LogUObjectGlobals: Created PersistentFrame Addr=0x0000023633f81170, Size=72, Default__ThirdPerson_AnimBP_C Function /Game/Mannequin/Animations/ThirdPerson_AnimBP.ThirdPerson_AnimBP_C:ExecuteUbergraph_ThirdPerson_AnimBP
[2018.12.01-19.17.38:773][  0]LogUObjectGlobals: Created PersistentFrame Addr=0x0000023633f0bec0, Size=296, Default__ThirdPersonCharacter_C Function /Game/ThirdPersonBP/Blueprints/ThirdPersonCharacter.ThirdPersonCharacter_C:ExecuteUbergraph_ThirdPersonCharacter
[2018.12.01-19.17.38:780][  0]LogUObjectGlobals: Destroyed PersistentFrame Addr=0x0000023633f0bec0, Size=296
[2018.12.01-19.17.38:780][  0]LogUObjectGlobals: Created PersistentFrame Addr=0x0000023633f0bec0, Size=296, Default__ThirdPersonCharacter_C Function /Engine/Transient.REINST_ThirdPersonCharacter_C_4:ExecuteUbergraph_ThirdPersonCharacter
[2018.12.01-19.17.38:788][  0]LogUObjectGlobals: Created PersistentFrame Addr=0x0000023633f0a700, Size=296, Default__ThirdPersonCharacter_C Function /Game/ThirdPersonBP/Blueprints/ThirdPersonCharacter.ThirdPersonCharacter_C:ExecuteUbergraph_ThirdPersonCharacter
[2018.12.01-19.17.39:724][  0]LogSkeletalMesh: Skeletal Mesh found in DDC [29.298767ms] /Game/Mannequin/Character/Mesh/SK_Mannequin.SK_Mannequin
[2018.12.01-19.17.39:805][  0]LogAIModule: Creating AISystem for world ThirdPersonExampleMap
[2018.12.01-19.17.39:821][  0]LogEditorServer: Finished looking for orphan Actors (0.000 secs)
[2018.12.01-19.17.39:838][  0]LogUObjectGlobals: Destroyed PersistentFrame Addr=0x00000236332b5f00, Size=64
[2018.12.01-19.17.39:838][  0]LogUObjectGlobals: Destroyed PersistentFrame Addr=0x0000023633f0bec0, Size=296
[2018.12.01-19.17.39:840][  0]Cmd: MAP CHECKDEP NOCLEARLOG
[2018.12.01-19.17.39:918][  0]MapCheck: Map check complete: 0 Error(s), 0 Warning(s), took 78.25ms to complete.
[2018.12.01-19.17.39:918][  0]LogFileHelpers: Loading map 'ThirdPersonExampleMap' took 1.745
[2018.12.01-19.17.40:448][  0]LogCollectionManager: Loaded 0 collections in 0.002943 seconds
[2018.12.01-19.17.40:579][  0]LogFileCache: Scanning file cache for directory 'C:/Users/User/Documents/Unreal Projects/UTAMA_Alpha/Saved/Collections/' took 0.01s
[2018.12.01-19.17.40:580][  0]LogFileCache: Scanning file cache for directory 'C:/Users/User/Documents/Unreal Projects/UTAMA_Alpha/Content/Developers/User/Collections/' took 0.01s
[2018.12.01-19.17.40:580][  0]LogFileCache: Scanning file cache for directory 'C:/Users/User/Documents/Unreal Projects/UTAMA_Alpha/Content/Collections/' took 0.01s
[2018.12.01-19.17.40:580][  0]LogCollectionManager: Rebuilt the GUID cache for 0 collections in 0.000001 seconds
[2018.12.01-19.17.40:593][  0]LogContentBrowser: Native class hierarchy populated in 0.0130 seconds. Added 2452 classes and 558 folders.
[2018.12.01-19.17.40:654][  0]LogContentBrowser: Native class hierarchy updated for 'WidgetCarousel' in 0.0003 seconds. Added 0 classes and 0 folders.
[2018.12.01-19.17.42:344][  0]LogContentBrowser: Native class hierarchy updated for 'AddContentDialog' in 0.0003 seconds. Added 0 classes and 0 folders.
[2018.12.01-19.17.42:370][  0]LogContentBrowser: Native class hierarchy updated for 'SceneOutliner' in 0.0003 seconds. Added 1 classes and 2 folders.
[2018.12.01-19.17.42:506][  0]LogSlate: Took 0.034341 seconds to synchronously load lazily loaded font '../../../Engine/Content/Slate/Fonts/Roboto-Regular.ttf' (155K)
[2018.12.01-19.17.42:531][  0]LogSlate: Took 0.023126 seconds to synchronously load lazily loaded font '../../../Engine/Content/Slate/Fonts/Roboto-Bold.ttf' (160K)
[2018.12.01-19.17.42:563][  0]LogSlate: Took 0.024309 seconds to synchronously load lazily loaded font '../../../Engine/Content/Editor/Slate/Fonts/FontAwesome.ttf' (139K)
[2018.12.01-19.17.42:753][  0]LogRenderer: Reallocating scene render targets to support 1332x668 Format 9 NumSamples 1 (Frame:1).
[2018.12.01-19.17.43:021][  0]LogContentBrowser: Native class hierarchy updated for 'HierarchicalLODOutliner' in 0.0003 seconds. Added 0 classes and 0 folders.
[2018.12.01-19.17.43:021][  0]LogLoad: (Engine Initialization) Total time: 75.40 seconds
[2018.12.01-19.17.43:021][  0]LogLoad: (Engine Initialization) Total Blueprint compile time: 0.00 seconds
[2018.12.01-19.17.43:384][  0]LogContentStreaming: Texture pool size now 600 MB
[2018.12.01-19.17.43:476][  0]LogSlate: Took 0.015814 seconds to synchronously load lazily loaded font '../../../Engine/Content/Slate/Fonts/Roboto-Light.ttf' (167K)
[2018.12.01-19.17.43:707][  1]LogAssetRegistry: Asset discovery search completed in 42.5000 seconds
[2018.12.01-19.17.43:709][  1]LogCollectionManager: Rebuilt the object cache for 0 collections in 0.000000 seconds (found 0 objects)
[2018.12.01-19.17.43:711][  1]LogCollectionManager: Fixed up redirectors for 0 collections in 0.000084 seconds (updated 0 objects)
[2018.12.01-19.18.37:283][288]LogSlate: FSceneViewport::OnFocusLost() reason 0
[2018.12.01-19.18.37:442][303]LogSlate: Took 0.000299 seconds to synchronously load lazily loaded font '../../../Engine/Content/Slate/Fonts/Roboto-Light.ttf' (167K)
[2018.12.01-19.18.42:374][303]LogAIModule: Creating AISystem for world ALPHA2
[2018.12.01-19.18.42:792][303]Cmd: MAP LOAD FILE="../../../../../../Users/User/Documents/Unreal Projects/UTAMA_Alpha/Content/ALPHA2.umap" TEMPLATE=0 SHOWPROGRESS=1 FEATURELEVEL=3
[2018.12.01-19.18.42:793][303]LightingResults: New page: Lighting Build
[2018.12.01-19.18.42:794][303]LoadErrors: New page: Loading map: ALPHA2.umap
[2018.12.01-19.18.42:860][303]MapCheck: New page: Map Check
[2018.12.01-19.18.42:860][303]LightingResults: New page: Lighting Build
[2018.12.01-19.18.43:087][303]LogEditorServer: Finished looking for orphan Actors (0.000 secs)
[2018.12.01-19.18.43:143][303]Cmd: MAP CHECKDEP NOCLEARLOG
[2018.12.01-19.18.43:233][303]MapCheck: Map check complete: 0 Error(s), 0 Warning(s), took 89.27ms to complete.
[2018.12.01-19.18.43:233][303]LogFileHelpers: Loading map 'ALPHA2' took 0.442
[2018.12.01-19.19.00:724][561]LogSlate: Only BGRA pngs, bmps or icos are supported in by External Image Picker
[2018.12.01-19.19.01:795][564]LogTemp: Executing iPhonePackager certificates Engine -bundlename com.YourCompany.UTAMAAlpha
[2018.12.01-19.19.01:795][564]LogTemp: CWD: C:\Program Files\Epic Games\UE_4.19\Engine\Binaries\DotNET\IOS
[2018.12.01-19.19.01:795][564]LogTemp: Initial Dir: C:\Program Files\Epic Games\UE_4.19
[2018.12.01-19.19.01:795][564]LogTemp: Env CWD: C:\Program Files\Epic Games\UE_4.19\Engine\Binaries\DotNET\IOS
[2018.12.01-19.19.01:795][564]LogTemp: BranchPath = DESKTOP-03EVT9J/C/Program Files/Epic Games/UE_4.19/Engine/Binaries --- GameBranchPath = DESKTOP-03EVT9J/C/Program Files/Epic Games/UE_4.19/Engine/Binaries
[2018.12.01-19.19.02:617][567]LogTemp: IPP ERROR: Could not find provision directory 'C:\Users\User\AppData\Local/Apple Computer/MobileDevice/Provisioning Profiles/'.
[2018.12.01-19.21.19:875][298]SourceControl: fatal: /Script: '/Script' is outside repository
[2018.12.01-19.21.36:853][  4]LogEditorViewport: Clicking on Actor (LMB): Brush (Box Brush202)
[2018.12.01-19.21.38:610][185]LogEditorViewport: Clicking on Actor (CTRL LMB): Brush (Box Brush201)
[2018.12.01-19.21.40:116][339]LogEditorViewport: Clicking on Actor (CTRL LMB): Brush (Box Brush203)
[2018.12.01-19.21.41:221][451]LogEditorViewport: Clicking on Actor (CTRL LMB): Brush (Box Brush204)
[2018.12.01-19.21.43:049][635]Cmd: TRANSACTION UNDO
[2018.12.01-19.21.43:050][635]LogEditorTransaction: Undo Clicking on Actors
[2018.12.01-19.21.45:823][898]LogEditorViewport: Clicking on Actor (CTRL LMB): Brush (Box Brush93)
[2018.12.01-19.21.46:920][  6]LogEditorViewport: Clicking on Actor (CTRL LMB): Brush (Box Brush91)
[2018.12.01-19.21.48:333][149]LogEditorViewport: Clicking on Actor (CTRL LMB): Brush (Box Brush92)
[2018.12.01-19.22.00:332][410]LogEditorViewport: Clicking on Actor (CTRL LMB): Brush (Box Brush212)
[2018.12.01-19.22.01:373][514]LogEditorViewport: Clicking on Actor (CTRL LMB): Brush (Box Brush300)
[2018.12.01-19.22.02:456][622]LogEditorViewport: Clicking on Actor (CTRL LMB): Brush (Box Brush298)
[2018.12.01-19.22.03:568][734]LogEditorViewport: Clicking on Actor (CTRL LMB): Brush (Box Brush307)
[2018.12.01-19.22.05:373][919]LogEditorViewport: Clicking on Actor (CTRL LMB): Brush (Box Brush301)
[2018.12.01-19.22.07:307][112]LogEditorViewport: Clicking on Actor (CTRL LMB): Brush (Box Brush304)
[2018.12.01-19.22.09:229][311]LogEditorViewport: Clicking on Actor (CTRL LMB): Brush (Box Brush306)
[2018.12.01-19.22.11:976][585]LogEditorViewport: Clicking on Actor (CTRL LMB): Brush (Box Brush213)
[2018.12.01-19.22.14:375][818]LogEditorViewport: Clicking on Actor (CTRL LMB): Brush (Box Brush295)
[2018.12.01-19.22.15:572][937]LogEditorViewport: Clicking on Actor (CTRL LMB): Brush (Linear Stair Brush11)
[2018.12.01-19.22.16:313][ 12]Cmd: TRANSACTION UNDO
[2018.12.01-19.22.16:313][ 12]LogEditorTransaction: Undo Clicking on Actors
[2018.12.01-19.22.18:693][233]LogEditorViewport: Clicking on Actor (CTRL LMB): Brush (Box Brush296)
[2018.12.01-19.22.21:487][516]LogEditorViewport: Clicking on Actor (CTRL LMB): Brush (Box Brush294)
[2018.12.01-19.22.22:586][626]LogEditorViewport: Clicking on Actor (CTRL LMB): Brush (Box Brush297)
[2018.12.01-19.22.24:730][835]LogEditorViewport: Clicking on Actor (CTRL LMB): Brush (Box Brush115)
[2018.12.01-19.22.25:444][899]Cmd: TRANSACTION UNDO
[2018.12.01-19.22.25:444][899]LogEditorTransaction: Undo Clicking on Actors
[2018.12.01-19.22.26:647][  6]LogEditorViewport: Clicking on Actor (CTRL LMB): Brush (Box Brush215)
[2018.12.01-19.23.06:677][244]LogEditorViewport: Clicking on Actor (CTRL LMB): Brush (Box Brush128)
[2018.12.01-19.23.07:897][364]LogEditorViewport: Clicking on Actor (CTRL LMB): Brush (Box Brush118)
[2018.12.01-19.23.09:196][493]LogEditorViewport: Clicking on Actor (CTRL LMB): Brush (Box Brush314)
[2018.12.01-19.23.11:482][721]LogEditorViewport: Clicking on Actor (CTRL LMB): Brush (Box Brush311)
[2018.12.01-19.23.13:263][895]LogEditorViewport: Clicking on Actor (CTRL LMB): Brush (Box Brush317)
[2018.12.01-19.23.14:034][971]LogEditorViewport: Clicking on Actor (CTRL LMB): Brush (Box Brush309)
[2018.12.01-19.23.16:626][222]LogEditorViewport: Clicking on Actor (CTRL LMB): Brush (Box Brush129)
[2018.12.01-19.23.27:715][236]LogEditorViewport: Clicking Background
[2018.12.01-19.23.30:309][520]LogEditorViewport: Clicking on Actor (LMB): Brush (Box Brush92)
[2018.12.01-19.23.32:206][713]LogEditorViewport: Clicking on Actor (CTRL LMB): Brush (Box Brush93)
[2018.12.01-19.23.34:601][957]LogEditorViewport: Clicking on Actor (CTRL LMB): Brush (Box Brush91)
[2018.12.01-19.23.35:924][ 89]Cmd: TRANSACTION UNDO
[2018.12.01-19.23.35:924][ 89]LogEditorTransaction: Undo Clicking on Actors
[2018.12.01-19.23.39:138][392]LogEditorViewport: Clicking on Actor (CTRL LMB): Brush (Box Brush203)
[2018.12.01-19.23.39:777][454]LogEditorViewport: Clicking on Actor (CTRL LMB): Brush (Box Brush201)
[2018.12.01-19.23.41:236][600]LogEditorViewport: Clicking on Actor (CTRL LMB): Brush (Box Brush202)
[2018.12.01-19.23.46:530][141]LogSlate: FSceneViewport::OnFocusLost() reason 0
[2018.12.01-19.23.59:306][473]LogEditorViewport: Clicking on Actor (LMB): Brush (Box Brush201)
[2018.12.01-19.24.01:669][706]LogEditorViewport: Clicking on Actor (CTRL LMB): Brush (Box Brush13)
[2018.12.01-19.24.04:870][ 31]Cmd: TRANSACTION UNDO
[2018.12.01-19.24.04:870][ 31]LogEditorTransaction: Undo Clicking on Actors
[2018.12.01-19.24.05:682][ 99]LogEditorViewport: Clicking on Actor (CTRL LMB): Brush (Box Brush13)
[2018.12.01-19.24.06:840][214]Cmd: TRANSACTION UNDO
[2018.12.01-19.24.06:840][214]LogEditorTransaction: Undo Clicking on Actors
[2018.12.01-19.24.07:212][247]LogEditorViewport: Clicking on Actor (CTRL LMB): Brush (Box Brush91)
[2018.12.01-19.24.08:637][386]LogSlate: FSceneViewport::OnFocusLost() reason 0
[2018.12.01-19.24.16:843][798]LogEditorViewport: Clicking on Actor (LMB): Brush (Box Brush13)
[2018.12.01-19.24.19:524][ 64]LogEditorViewport: Clicking on Actor (CTRL LMB): Brush (Box Brush81)
[2018.12.01-19.24.21:481][261]LogSlate: FSceneViewport::OnFocusLost() reason 0
[2018.12.01-19.24.28:282][576]LogEditorViewport: Clicking Background
[2018.12.01-19.24.28:681][620]LogEditorViewport: Clicking on Actor (LMB): Brush (Box Brush82)
[2018.12.01-19.24.29:627][712]LogEditorViewport: Clicking on Actor (CTRL LMB): Brush (Box Brush83)
[2018.12.01-19.24.32:765][ 24]LogEditorViewport: Clicking on Actor (CTRL LMB): Brush (Box Brush78)
[2018.12.01-19.24.33:665][113]LogEditorViewport: Clicking on Actor (CTRL LMB): Brush (Box Brush79)
[2018.12.01-19.24.34:440][186]LogSlate: FSceneViewport::OnFocusLost() reason 0
[2018.12.01-19.24.43:901][451]LogEditorViewport: Clicking on Actor (LMB): Brush (Box Brush93)
[2018.12.01-19.24.47:266][792]LogEditorViewport: Clicking Background
[2018.12.01-19.24.52:062][230]LogEditorViewport: Clicking Background
[2018.12.01-19.24.52:597][281]LogEditorViewport: Clicking on Actor (LMB): Brush (Box Brush13)
[2018.12.01-19.24.53:838][403]LogEditorViewport: Clicking on Actor (CTRL LMB): Brush (Box Brush91)
[2018.12.01-19.25.06:117][410]LogEditorViewport: Clicking Background
[2018.12.01-19.25.06:586][459]LogEditorViewport: Clicking on Actor (LMB): Brush (Box Brush13)
[2018.12.01-19.25.07:365][535]LogEditorViewport: Clicking on Actor (CTRL LMB): Brush (Box Brush91)
[2018.12.01-19.25.09:648][763]LogSlate: FSceneViewport::OnFocusLost() reason 0
[2018.12.01-19.25.19:464][426]LogEditorViewport: Clicking on Actor (LMB): Brush (Box Brush79)
[2018.12.01-19.25.20:602][537]LogEditorViewport: Clicking on Actor (CTRL LMB): Brush (Box Brush93)
[2018.12.01-19.25.26:925][  0]LogEditorViewport: Clicking Background
[2018.12.01-19.25.28:906][227]LogEditorViewport: Clicking on Actor (LMB): Brush (Box Brush88)
[2018.12.01-19.25.30:384][377]LogEditorViewport: Clicking on Actor (CTRL LMB): Brush (Box Brush94)
[2018.12.01-19.25.31:292][467]LogEditorViewport: Clicking on Actor (CTRL LMB): ThirdPersonCharacter_C (ThirdPersonCharacter)
[2018.12.01-19.25.39:512][109]LogEditorViewport: Clicking Background
[2018.12.01-19.25.40:366][204]LogEditorViewport: Clicking Background
[2018.12.01-19.25.40:724][245]LogEditorViewport: Clicking on Actor (LMB): Brush (Box Brush80)
[2018.12.01-19.25.42:066][379]LogSlate: FSceneViewport::OnFocusLost() reason 2
[2018.12.01-19.25.55:455][555]LogSlate: FSceneViewport::OnFocusLost() reason 2
[2018.12.01-19.26.05:000][361]LogSlate: FSceneViewport::OnFocusLost() reason 2
[2018.12.01-19.26.06:264][495]LogSlate: FSceneViewport::OnFocusLost() reason 2
[2018.12.01-19.26.12:946][122]LogSlate: FSceneViewport::OnFocusLost() reason 2
[2018.12.01-19.26.14:992][330]LogEditorViewport: Clicking Background
[2018.12.01-19.26.17:136][578]LogEditorViewport: Clicking on Actor (LMB): Brush (Box Brush88)
[2018.12.01-19.26.17:794][641]LogEditorViewport: Clicking on Actor (CTRL LMB): Brush (Box Brush80)
[2018.12.01-19.26.18:641][723]LogEditorViewport: Clicking on Actor (CTRL LMB): Brush (Box Brush94)
[2018.12.01-19.26.23:993][119]LogSlate: FSceneViewport::OnFocusLost() reason 2
[2018.12.01-19.26.30:624][656]LogSlate: FSceneViewport::OnFocusLost() reason 2
[2018.12.01-19.26.32:662][868]LogEditorViewport: Clicking Background
[2018.12.01-19.26.33:547][966]LogEditorViewport: Clicking on Actor (LMB): Brush (Box Brush91)
[2018.12.01-19.26.35:616][169]LogSlate: FSceneViewport::OnFocusLost() reason 0
[2018.12.01-19.26.44:682][783]LogEditorViewport: Clicking on Actor (LMB): Brush (Box Brush13)
[2018.12.01-19.26.45:627][872]LogSlate: FSceneViewport::OnFocusLost() reason 0
[2018.12.01-19.27.01:694][881]LogEditorViewport: Clicking Background
[2018.12.01-19.27.06:328][403]LogSlate: FSceneViewport::OnFocusLost() reason 2
[2018.12.01-19.27.34:261][840]Cmd: TRANSACTION UNDO
[2018.12.01-19.27.34:261][840]LogEditorTransaction: Undo Select Brush Surface
[2018.12.01-19.27.36:492][946]Cmd: TRANSACTION UNDO
[2018.12.01-19.27.36:492][946]LogEditorTransaction: Undo Clicking Background
[2018.12.01-19.27.37:583][ 12]LogSlate: FSceneViewport::OnFocusLost() reason 2
[2018.12.01-19.27.40:045][257]LogEditorViewport: Clicking Background
[2018.12.01-19.27.41:716][444]LogEditorViewport: Clicking on Actor (LMB): Brush (Box Brush94)
[2018.12.01-19.27.45:220][800]LogSlate: FSceneViewport::OnFocusLost() reason 0
[2018.12.01-19.27.53:791][346]LogEditorViewport: Clicking Background
[2018.12.01-19.27.54:054][374]LogEditorViewport: Clicking on Actor (LMB): Brush (Box Brush88)
[2018.12.01-19.27.54:816][449]Cmd: DELETE
[2018.12.01-19.27.54:816][449]Cmd: ACTOR DELETE
[2018.12.01-19.27.54:909][449]LogEditorActor: Deleted Actor: Brush
[2018.12.01-19.27.56:811][449]LogEditorActor: Deleted 1 Actors (1.995 secs)
[2018.12.01-19.27.57:215][493]LogEditorViewport: Clicking on Actor (LMB): Brush (Box Brush80)
[2018.12.01-19.28.03:163][932]LogSlate: FSceneViewport::OnFocusLost() reason 2
[2018.12.01-19.28.40:878][ 62]LogSlate: FSceneViewport::OnFocusLost() reason 2
[2018.12.01-19.28.43:338][310]LogEditorViewport: Clicking Background
[2018.12.01-19.28.47:537][796]LogEditorViewport: Clicking on Actor (LMB): Brush (Box Brush81)
[2018.12.01-19.28.48:559][892]LogSlate: FSceneViewport::OnFocusLost() reason 0
[2018.12.01-19.28.51:673][ 72]LogEditorViewport: Clicking on Actor (LMB): Brush (Box Brush201)
[2018.12.01-19.28.52:549][152]LogSlate: FSceneViewport::OnFocusLost() reason 0
[2018.12.01-19.28.58:188][397]LogSlate: FSceneViewport::OnFocusLost() reason 0
[2018.12.01-19.29.02:138][642]LogEditorViewport: Clicking on Actor (LMB): Brush (Box Brush203)
[2018.12.01-19.29.06:669][ 71]LogEditorViewport: Clicking on Actor (CTRL LMB): PointLight (PointLight8)
[2018.12.01-19.29.37:124][106]LogEditorViewport: Clicking on Actor (LMB): Brush (Box Brush87)
[2018.12.01-19.29.37:596][146]LogEditorViewport: Clicking on Actor (LMB): Brush (Box Brush204)
[2018.12.01-19.29.38:511][234]LogSlate: FSceneViewport::OnFocusLost() reason 0
[2018.12.01-19.29.46:700][910]Cmd: DELETE
[2018.12.01-19.29.46:700][910]Cmd: ACTOR DELETE
[2018.12.01-19.29.46:777][910]LogEditorActor: Deleted Actor: PointLight
[2018.12.01-19.29.46:778][910]LogEditorActor: Deleted Actor: PointLight
[2018.12.01-19.29.46:779][910]LogEditorActor: Deleted Actor: ThirdPersonCharacter_C
[2018.12.01-19.29.46:879][910]LogEditorActor: Deleted 3 Actors (0.179 secs)
[2018.12.01-19.29.48:113][ 53]Cmd: TRANSACTION UNDO
[2018.12.01-19.29.48:113][ 53]LogEditorTransaction: Undo Delete Actors
[2018.12.01-19.29.48:867][102]LogEditorViewport: Clicking on Actor (LMB): PointLight (SpotLight21)
[2018.12.01-19.29.52:104][404]LogEditorViewport: Clicking on Actor (LMB): PointLight (SpotLight83)
[2018.12.01-19.29.52:751][463]Cmd: DELETE
[2018.12.01-19.29.52:751][463]Cmd: ACTOR DELETE
[2018.12.01-19.29.52:811][463]LogEditorActor: Deleted Actor: PointLight
[2018.12.01-19.29.52:827][463]LogEditorActor: Deleted 1 Actors (0.075 secs)
[2018.12.01-19.29.53:277][514]LogEditorViewport: Clicking on Actor (LMB): PointLight (SpotLight21)
[2018.12.01-19.29.57:783][947]LogSlate: FSceneViewport::OnFocusLost() reason 2
[2018.12.01-19.30.00:554][221]LogEditorViewport: Clicking on Actor (LMB): Brush (Box Brush87)
[2018.12.01-19.30.00:864][247]Cmd: DELETE
[2018.12.01-19.30.00:864][247]Cmd: ACTOR DELETE
[2018.12.01-19.30.00:927][247]LogEditorActor: Deleted Actor: Brush
[2018.12.01-19.30.02:412][247]LogEditorActor: Deleted 1 Actors (1.548 secs)
[2018.12.01-19.30.03:491][370]LogEditorViewport: Clicking on Actor (LMB): Brush (Box Brush204)
[2018.12.01-19.30.09:642][838]LogEditorViewport: Clicking on Actor (LMB): Brush (Box Brush84)
[2018.12.01-19.30.14:597][185]LogSlate: FSceneViewport::OnFocusLost() reason 2
[2018.12.01-19.31.02:582][903]Cmd: OBJ SAVEPACKAGE PACKAGE="/Game/ALPHA2" FILE="../../../../../../Users/User/Documents/Unreal Projects/UTAMA_Alpha/Saved/Autosaves/Game/ALPHA2_Auto1.umap" SILENT=true AUTOSAVING=true KEEPDIRTY=false
[2018.12.01-19.31.04:754][903]LogSavePackage: Save=2124.15ms
[2018.12.01-19.31.04:754][903]LogSavePackage: Moving '../../../../../../Users/User/Documents/Unreal Projects/UTAMA_Alpha/Saved/ALPHA2_Auto1D0FD9C20475FBB0A62EFBA90D5FA2302.tmp' to '../../../../../../Users/User/Documents/Unreal Projects/UTAMA_Alpha/Saved/Autosaves/Game/ALPHA2_Auto1.umap'
[2018.12.01-19.31.04:783][903]LogSavePackage: Display: Finished SavePackage ../../../../../../Users/User/Documents/Unreal Projects/UTAMA_Alpha/Saved/Autosaves/Game/ALPHA2_Auto1.umap
[2018.12.01-19.31.04:786][903]LogFileHelpers: Editor autosave (incl. sublevels) for '/Game/ALPHA2' took 2.243
[2018.12.01-19.31.04:786][903]LogFileHelpers: Editor autosave (incl. sublevels) for all levels took 2.243
[2018.12.01-19.31.55:824][117]LogSlate: FSceneViewport::OnFocusLost() reason 2
[2018.12.01-19.32.30:384][426]LogSlate: FSceneViewport::OnFocusLost() reason 2
[2018.12.01-19.32.33:006][698]LogEditorViewport: Clicking Background
[2018.12.01-19.32.38:541][318]LogEditorViewport: Clicking on Actor (LMB): Brush (Box Brush82)
[2018.12.01-19.32.43:899][842]LogEditorViewport: Clicking on Actor (LMB): Brush (Box Brush298)
[2018.12.01-19.32.46:235][ 79]LogEditorViewport: Clicking on Actor (CTRL LMB): Brush (Box Brush307)
[2018.12.01-19.32.48:326][288]LogEditorViewport: Clicking on Actor (CTRL LMB): Brush (Box Brush303)
[2018.12.01-19.32.49:407][394]Cmd: TRANSACTION UNDO
[2018.12.01-19.32.49:407][394]LogEditorTransaction: Undo Clicking on Actors
[2018.12.01-19.32.50:512][489]LogEditorViewport: Clicking on Actor (CTRL LMB): Brush (Box Brush304)
[2018.12.01-19.32.54:627][879]LogEditorViewport: Clicking on Actor (CTRL LMB): Brush (Box Brush312)
[2018.12.01-19.32.56:459][ 59]LogEditorViewport: Clicking on Actor (CTRL LMB): Brush (Box Brush317)
[2018.12.01-19.33.01:985][593]LogEditorViewport: Clicking on Actor (CTRL LMB): Brush (Box Brush294)
[2018.12.01-19.33.03:085][700]LogEditorViewport: Clicking on Actor (CTRL LMB): Brush (Box Brush215)
[2018.12.01-19.33.05:412][923]LogSlate: FSceneViewport::OnFocusLost() reason 0
[2018.12.01-19.33.20:967][251]LogEditorViewport: Clicking on Actor (LMB): Brush (Box Brush210)
[2018.12.01-19.33.21:933][341]LogEditorViewport: Clicking on Actor (CTRL LMB): Brush (Box Brush211)
[2018.12.01-19.33.23:198][465]LogEditorViewport: Clicking on Actor (CTRL LMB): Brush (Box Brush303)
[2018.12.01-19.33.25:671][704]LogEditorViewport: Clicking on Actor (CTRL LMB): Brush (Box Brush311)
[2018.12.01-19.33.26:539][788]LogEditorViewport: Clicking on Actor (CTRL LMB): Brush (Box Brush310)
[2018.12.01-19.33.28:477][981]LogEditorViewport: Clicking on Actor (CTRL LMB): Brush (Box Brush115)
[2018.12.01-19.33.29:485][ 78]LogEditorViewport: Clicking on Actor (CTRL LMB): Brush (Box Brush116)
[2018.12.01-19.33.30:396][165]LogSlate: FSceneViewport::OnFocusLost() reason 0
[2018.12.01-19.34.00:279][858]LogEditorViewport: Clicking Background
[2018.12.01-19.34.11:170][109]LogEditorViewport: Clicking on Actor (LMB): Brush (Box Brush308)
[2018.12.01-19.34.12:322][222]LogEditorViewport: Clicking on Actor (CTRL LMB): Brush (Box Brush313)
[2018.12.01-19.34.13:955][388]LogEditorViewport: Clicking on Actor (LMB): Brush (Box Brush314)
[2018.12.01-19.34.15:169][509]LogEditorViewport: Clicking on Actor (CTRL LMB): Brush (Box Brush309)
[2018.12.01-19.34.17:908][773]LogEditorViewport: Clicking on Actor (CTRL LMB): Brush (Box Brush300)
[2018.12.01-19.34.19:405][924]LogEditorViewport: Clicking on Actor (CTRL LMB): Brush (Box Brush302)
[2018.12.01-19.34.21:358][117]LogEditorViewport: Clicking on Actor (CTRL LMB): Brush (Box Brush213)
[2018.12.01-19.34.25:881][562]LogEditorViewport: Clicking on Actor (CTRL LMB): Brush (Box Brush306)
[2018.12.01-19.34.27:270][700]LogSlate: FSceneViewport::OnFocusLost() reason 0
[2018.12.01-19.34.42:938][954]LogEditorViewport: Clicking Background
[2018.12.01-19.34.43:196][982]LogEditorViewport: Clicking on Actor (LMB): Brush (Box Brush305)
[2018.12.01-19.34.45:420][197]LogEditorViewport: Clicking on Actor (CTRL LMB): Brush (Box Brush301)
[2018.12.01-19.34.46:357][289]LogEditorViewport: Clicking on Actor (CTRL LMB): Brush (Box Brush299)
[2018.12.01-19.34.47:873][434]LogEditorViewport: Clicking on Actor (CTRL LMB): Brush (Box Brush208)
[2018.12.01-19.34.51:936][827]LogEditorViewport: Clicking on Actor (CTRL LMB): Brush (Box Brush308)
[2018.12.01-19.34.54:609][ 95]LogEditorViewport: Clicking on Actor (CTRL LMB): Brush (Box Brush313)
[2018.12.01-19.34.58:199][307]LogSlate: FSceneViewport::OnFocusLost() reason 0
[2018.12.01-19.35.12:484][521]LogEditorViewport: Clicking Background
[2018.12.01-19.35.18:407][149]LogEditorViewport: Clicking on Actor (LMB): Brush (Box Brush85)
[2018.12.01-19.36.04:263][261]LogEditorViewport: Clicking Background
[2018.12.01-19.36.11:568][880]LogEditorViewport: Clicking Background
[2018.12.01-19.36.15:004][272]LogEditorViewport: Clicking on Actor (LMB): Brush (Sphere Brush28)
[2018.12.01-19.36.16:395][411]LogSlate: FSceneViewport::OnFocusLost() reason 0
[2018.12.01-19.36.22:529][913]LogEditorViewport: Clicking Background
[2018.12.01-19.36.39:522][582]LogEditorViewport: Clicking on Actor (LMB): Brush (Box Brush311)
[2018.12.01-19.36.41:765][809]LogSlate: FSceneViewport::OnFocusLost() reason 0
[2018.12.01-19.36.52:007][576]LogEditorViewport: Clicking Background
[2018.12.01-19.36.56:567][105]LogEditorViewport: Clicking on Actor (LMB): Brush (Box Brush312)
[2018.12.01-19.37.24:790][628]LogEditorViewport: Clicking on Actor (LMB): Brush (Box Brush305)
[2018.12.01-19.37.25:895][739]LogEditorViewport: Clicking on Actor (CTRL LMB): Brush (Box Brush306)
[2018.12.01-19.37.33:157][337]LogEditorViewport: Clicking on Actor (LMB): Brush (Box Brush304)
[2018.12.01-19.37.34:010][420]LogEditorViewport: Clicking on Actor (CTRL LMB): Brush (Box Brush303)
[2018.12.01-19.37.36:581][680]LogEditorViewport: Clicking on Actor (CTRL LMB): PointLight (PointLight18)
[2018.12.01-19.37.42:628][194]LogEditorViewport: Clicking Background
[2018.12.01-19.38.23:364][219]LogEditorViewport: Clicking Background
[2018.12.01-19.38.26:654][601]LogEditorViewport: Clicking on Actor (LMB): Brush (Box Brush301)
[2018.12.01-19.38.28:151][754]LogEditorViewport: Clicking on Actor (LMB): Brush (Box Brush301)
[2018.12.01-19.38.29:057][845]LogEditorViewport: Clicking Background
[2018.12.01-19.38.30:414][  1]LogEditorViewport: Clicking on Actor (LMB): Brush (Box Brush302)
[2018.12.01-19.38.33:040][260]LogSlate: FSceneViewport::OnFocusLost() reason 0
[2018.12.01-19.38.54:606][798]LogSlate: FSceneViewport::OnFocusLost() reason 0
[2018.12.01-19.39.45:652][697]LogEditorViewport: Clicking on Actor (LMB): Brush (Box Brush301)
[2018.12.01-19.39.46:972][826]LogSlate: FSceneViewport::OnFocusLost() reason 0
[2018.12.01-19.40.24:677][522]LogEditorViewport: Clicking Background
[2018.12.01-19.40.31:193][265]LogEditorViewport: Clicking on Actor (LMB): Brush (Box Brush302)
[2018.12.01-19.40.32:577][406]LogEditorViewport: Clicking on Actor (CTRL LMB): Brush (Box Brush301)
[2018.12.01-19.40.33:867][536]LogEditorViewport: Clicking on Actor (CTRL LMB): PointLight (PointLight15)
[2018.12.01-19.40.35:113][667]LogEditorViewport: Clicking on Actor (CTRL LMB): PointLight (PointLight16)
[2018.12.01-19.40.42:055][266]LogEditorViewport: Clicking Background
[2018.12.01-19.40.47:248][845]LogEditorViewport: Clicking on Actor (LMB): PointLight (PointLight17)
[2018.12.01-19.40.48:258][937]LogSlate: FSceneViewport::OnFocusLost() reason 2
[2018.12.01-19.41.51:106][444]LogSlate: FSceneViewport::OnFocusLost() reason 2
[2018.12.01-19.41.53:482][678]LogEditorViewport: Clicking on Actor (LMB): Brush (Box Brush307)
[2018.12.01-19.42.05:534][908]LogSlate: FSceneViewport::OnFocusLost() reason 0
[2018.12.01-19.42.17:701][714]LogSlate: FSceneViewport::OnFocusLost() reason 0
[2018.12.01-19.42.28:453][388]LogEditorViewport: Clicking on Actor (LMB): Brush (Box Brush210)
[2018.12.01-19.42.29:790][518]LogSlate: FSceneViewport::OnFocusLost() reason 0
[2018.12.01-19.42.37:903][ 61]LogEditorViewport: Clicking Background
[2018.12.01-19.42.44:328][789]LogEditorViewport: Clicking on Actor (LMB): Brush (Box Brush212)
[2018.12.01-19.42.46:741][ 32]LogEditorViewport: Clicking on Actor (CTRL LMB): Brush (Box Brush295)
[2018.12.01-19.42.49:319][290]LogEditorViewport: Clicking on Actor (CTRL LMB): Brush (Box Brush127)
[2018.12.01-19.42.51:254][486]LogEditorViewport: Clicking on Actor (CTRL LMB): Brush (Box Brush118)
[2018.12.01-19.42.54:646][826]Cmd: TRANSACTION UNDO
[2018.12.01-19.42.54:646][826]LogEditorTransaction: Undo Clicking on Actors
[2018.12.01-19.42.58:299][177]LogEditorViewport: Clicking on Actor (CTRL LMB): Brush (Box Brush118)
[2018.12.01-19.42.59:129][257]LogEditorViewport: Clicking on Actor (CTRL LMB): Brush (Box Brush129)
[2018.12.01-19.43.01:305][475]LogEditorViewport: Clicking on Actor (CTRL LMB): Brush (Box Brush128)
[2018.12.01-19.43.04:429][771]LogEditorViewport: Clicking on Actor (CTRL LMB): Brush (Box Brush296)
[2018.12.01-19.43.07:264][ 46]LogSlate: FSceneViewport::OnFocusLost() reason 0
[2018.12.01-19.43.33:390][685]LogSlate: FSceneViewport::OnFocusLost() reason 2
[2018.12.01-19.43.33:645][685]Cmd: OBJ SAVEPACKAGE PACKAGE="/Game/ALPHA2" FILE="../../../../../../Users/User/Documents/Unreal Projects/UTAMA_Alpha/Saved/Autosaves/Game/ALPHA2_Auto2.umap" SILENT=true AUTOSAVING=true KEEPDIRTY=false
[2018.12.01-19.43.35:570][685]LogSavePackage: Save=1899.98ms
[2018.12.01-19.43.35:570][685]LogSavePackage: Moving '../../../../../../Users/User/Documents/Unreal Projects/UTAMA_Alpha/Saved/ALPHA2_Auto2FF5D10FD4E8500233A5D1A8D4B38DE7F.tmp' to '../../../../../../Users/User/Documents/Unreal Projects/UTAMA_Alpha/Saved/Autosaves/Game/ALPHA2_Auto2.umap'
[2018.12.01-19.43.35:572][685]LogSavePackage: Display: Finished SavePackage ../../../../../../Users/User/Documents/Unreal Projects/UTAMA_Alpha/Saved/Autosaves/Game/ALPHA2_Auto2.umap
[2018.12.01-19.43.35:576][685]LogFileHelpers: Editor autosave (incl. sublevels) for '/Game/ALPHA2' took 2.170
[2018.12.01-19.43.35:576][685]LogFileHelpers: Editor autosave (incl. sublevels) for all levels took 2.170
[2018.12.01-19.44.08:769][ 53]LogEditorViewport: Clicking Background
[2018.12.01-19.44.10:391][234]LogEditorViewport: Clicking on Actor (LMB): Brush (Box Brush219)
[2018.12.01-19.44.11:923][385]LogEditorViewport: Clicking on Actor (CTRL LMB): Brush (Box Brush103)
[2018.12.01-19.44.13:777][568]LogEditorViewport: Clicking on Actor (CTRL LMB): Brush (Box Brush127)
[2018.12.01-19.44.14:863][674]LogEditorViewport: Clicking on Actor (CTRL LMB): Brush (Box Brush101)
[2018.12.01-19.44.16:629][848]LogSlate: FSceneViewport::OnFocusLost() reason 0
[2018.12.01-19.44.57:148][855]LogEditorViewport: Clicking on Actor (LMB): Brush (Box Brush118)
[2018.12.01-19.44.59:004][ 42]LogEditorViewport: Clicking on Actor (LMB): Brush (Box Brush127)
[2018.12.01-19.44.59:473][ 84]LogEditorViewport: Clicking on Actor (CTRL LMB): Brush (Box Brush101)
[2018.12.01-19.45.01:765][305]LogEditorViewport: Clicking on Actor (CTRL LMB): Brush (Box Brush219)
[2018.12.01-19.45.02:709][396]LogEditorViewport: Clicking on Actor (CTRL LMB): Brush (Box Brush103)
[2018.12.01-19.45.03:969][518]LogSlate: FSceneViewport::OnFocusLost() reason 0
[2018.12.01-19.45.12:981][720]LogEditorViewport: Clicking on Actor (LMB): Brush (Linear Stair Brush11)
[2018.12.01-19.45.15:947][ 18]LogSlate: FSceneViewport::OnFocusLost() reason 0
[2018.12.01-19.45.25:291][698]LogEditorViewport: Clicking Background
[2018.12.01-19.45.26:792][868]LogEditorViewport: Clicking on Actor (LMB): Brush (Linear Stair Brush9)
[2018.12.01-19.45.27:720][955]LogSlate: FSceneViewport::OnFocusLost() reason 0
[2018.12.01-19.45.34:584][384]LogEditorViewport: Clicking Background
[2018.12.01-19.45.47:905][847]LogEditorViewport: Clicking Background
[2018.12.01-19.45.52:626][397]LogEditorViewport: Clicking on Actor (LMB): Brush (Box Brush205)
[2018.12.01-19.45.56:201][761]LogSlate: FSceneViewport::OnFocusLost() reason 0
[2018.12.01-19.46.08:788][795]LogEditorViewport: Clicking on Actor (LMB): Brush (Box Brush297)
[2018.12.01-19.46.12:535][165]LogSlate: FSceneViewport::OnFocusLost() reason 0
[2018.12.01-19.46.17:851][581]LogSlate: FSceneViewport::OnFocusLost() reason 0
[2018.12.01-19.46.21:476][826]LogEditorViewport: Clicking on Actor (LMB): Brush (Box Brush205)
[2018.12.01-19.46.22:412][914]LogSlate: FSceneViewport::OnFocusLost() reason 0
[2018.12.01-19.46.35:014][937]LogNavigationPoint: PostEditMove Clear paths rebuilt
[2018.12.01-19.46.35:034][937]LogNavigationPoint: PostEditMove Clear paths rebuilt
[2018.12.01-19.46.35:774][  9]LogEditorViewport: Clicking Background
[2018.12.01-19.46.39:145][391]LogSlate: FSceneViewport::OnFocusLost() reason 2
[2018.12.01-19.47.21:321][744]LogSlate: FSceneViewport::OnFocusLost() reason 0
[2018.12.01-19.47.23:833][939]Cmd: BRUSH ADD SELECTNEWBRUSH
[2018.12.01-19.47.28:123][216]LogSlate: FSceneViewport::OnFocusLost() reason 0
[2018.12.01-19.47.46:026][538]LogSlate: FSceneViewport::OnFocusLost() reason 0
[2018.12.01-19.48.12:107][431]LogSlate: FSceneViewport::OnFocusLost() reason 2
[2018.12.01-19.48.16:480][879]LogEditorViewport: Clicking on Actor (CTRL LMB): Brush (Box Brush128)
[2018.12.01-19.48.19:208][154]LogEditorViewport: Clicking Background
[2018.12.01-19.48.20:436][296]LogEditorViewport: Clicking on Actor (LMB): Brush (Box Brush128)
[2018.12.01-19.48.22:191][477]LogEditorViewport: Clicking on Actor (LMB): Brush (Box Brush118)
[2018.12.01-19.48.26:350][920]LogSlate: FSceneViewport::OnFocusLost() reason 0
[2018.12.01-19.48.32:195][379]LogEditorViewport: Clicking on Actor (LMB): Brush (Box Brush128)
[2018.12.01-19.48.33:787][537]LogSlate: FSceneViewport::OnFocusLost() reason 0
[2018.12.01-19.48.41:306][195]LogEditorViewport: Clicking on Actor (LMB): Brush (Box Brush297)
[2018.12.01-19.48.43:314][399]LogSlate: FSceneViewport::OnFocusLost() reason 0
[2018.12.01-19.48.48:648][832]LogEditorViewport: Clicking on Actor (LMB): Brush (Box Brush295)
[2018.12.01-19.48.49:835][950]LogSlate: FSceneViewport::OnFocusLost() reason 0
[2018.12.01-19.48.53:860][248]LogEditorViewport: Clicking on Actor (LMB): Brush (Box Brush212)
[2018.12.01-19.48.54:882][348]LogSlate: FSceneViewport::OnFocusLost() reason 0
[2018.12.01-19.49.04:015][796]LogSlate: FSceneViewport::OnFocusLost() reason 0
[2018.12.01-19.49.04:316][803]LogSlate: FSceneViewport::OnFocusLost() reason 2
[2018.12.01-19.49.04:327][803]Cmd: OBJ SAVEPACKAGE PACKAGE="/Game/ALPHA2" FILE="../../../../../../Users/User/Documents/Unreal Projects/UTAMA_Alpha/Content/ALPHA2.umap" SILENT=true AUTOSAVING=false KEEPDIRTY=false
[2018.12.01-19.49.06:352][803]LogSavePackage: Save=1887.61ms
[2018.12.01-19.49.06:352][803]LogSavePackage: Moving '../../../../../../Users/User/Documents/Unreal Projects/UTAMA_Alpha/Saved/ALPHA242644F7E4FD133D0E7C472AE1E6065B5.tmp' to '../../../../../../Users/User/Documents/Unreal Projects/UTAMA_Alpha/Content/ALPHA2.umap'
[2018.12.01-19.49.06:396][803]LogSavePackage: Display: Finished SavePackage ../../../../../../Users/User/Documents/Unreal Projects/UTAMA_Alpha/Content/ALPHA2.umap
[2018.12.01-19.49.06:583][803]Cmd: OBJ SAVEPACKAGE PACKAGE="/Game/ALPHA2_BuiltData" FILE="../../../../../../Users/User/Documents/Unreal Projects/UTAMA_Alpha/Content/ALPHA2_BuiltData.uasset" SILENT=true
[2018.12.01-19.49.07:322][803]LogSavePackage: Save=584.99ms
[2018.12.01-19.49.07:322][803]LogSavePackage: Moving '../../../../../../Users/User/Documents/Unreal Projects/UTAMA_Alpha/Saved/ALPHA2_BuiltData378B87424637AFC467FA99B6DBFF3AE6.tmp' to '../../../../../../Users/User/Documents/Unreal Projects/UTAMA_Alpha/Content/ALPHA2_BuiltData.uasset'
[2018.12.01-19.49.07:325][803]LogSavePackage: Display: Finished SavePackage ../../../../../../Users/User/Documents/Unreal Projects/UTAMA_Alpha/Content/ALPHA2_BuiltData.uasset
[2018.12.01-19.49.09:485][ 29]LogEditorViewport: Clicking on Actor (LMB): Brush (Box Brush103)
[2018.12.01-19.49.14:661][570]LogEditorViewport: Clicking on Actor (LMB): Brush (Box Brush219)
[2018.12.01-19.49.16:934][800]LogSlate: FSceneViewport::OnFocusLost() reason 2
[2018.12.01-19.50.15:328][599]LogSlate: FSceneViewport::OnFocusLost() reason 0
[2018.12.01-19.51.12:635][728]LogSlate: FSceneViewport::OnFocusLost() reason 2
[2018.12.01-19.51.13:741][847]LogSlate: FSceneViewport::OnFocusLost() reason 2
[2018.12.01-19.51.23:446][732]LogEditorViewport: Clicking on Actor (LMB): Brush (Box Brush116)
[2018.12.01-19.51.25:202][899]LogEditorViewport: Clicking on Actor (LMB): Brush (Box Brush129)
[2018.12.01-19.51.31:566][523]LogSlate: FSceneViewport::OnFocusLost() reason 0
[2018.12.01-19.51.40:600][148]LogSlate: FSceneViewport::OnFocusLost() reason 2
[2018.12.01-19.51.41:696][271]LogSlate: FSceneViewport::OnFocusLost() reason 2
[2018.12.01-19.52.02:730][920]LogSlate: FSceneViewport::OnFocusLost() reason 2
[2018.12.01-19.52.05:696][185]LogEditorViewport: Clicking on Actor (LMB): Brush (Linear Stair Brush11)
[2018.12.01-19.52.08:049][360]LogEditorViewport: Clicking on Actor (LMB): Brush (Linear Stair Brush9)
[2018.12.01-19.52.18:383][400]LogSlate: FSceneViewport::OnFocusLost() reason 0
[2018.12.01-19.52.30:093][302]LogSlate: FSceneViewport::OnFocusLost() reason 2
[2018.12.01-19.52.39:214][176]LogSlate: FSceneViewport::OnFocusLost() reason 2
[2018.12.01-19.52.40:522][319]LogSlate: FSceneViewport::OnFocusLost() reason 2
[2018.12.01-19.52.46:722][849]LogEditorViewport: Clicking on Actor (LMB): Brush (Box Brush128)
[2018.12.01-19.52.50:590][228]LogSlate: FSceneViewport::OnFocusLost() reason 0
[2018.12.01-19.52.57:870][854]LogSlate: FSceneViewport::OnFocusLost() reason 2
[2018.12.01-19.52.59:404][ 18]LogSlate: FSceneViewport::OnFocusLost() reason 2
[2018.12.01-19.53.00:868][180]LogSlate: FSceneViewport::OnFocusLost() reason 2
[2018.12.01-19.53.25:989][ 69]LogSlate: FSceneViewport::OnFocusLost() reason 2
[2018.12.01-19.53.27:489][203]LogSlate: FSceneViewport::OnFocusLost() reason 2
[2018.12.01-19.53.30:618][485]LogEditorViewport: Clicking on Actor (LMB): Brush (Box Brush127)
[2018.12.01-19.53.34:903][896]LogSlate: FSceneViewport::OnFocusLost() reason 0
[2018.12.01-19.54.01:432][ 47]LogSlate: FSceneViewport::OnFocusLost() reason 2
[2018.12.01-19.54.02:285][138]LogSlate: FSceneViewport::OnFocusLost() reason 2
[2018.12.01-19.54.26:213][811]LogSlate: FSceneViewport::OnFocusLost() reason 0
[2018.12.01-19.55.03:618][298]LogSlate: FSceneViewport::OnFocusLost() reason 2
[2018.12.01-19.55.06:865][570]LogSlate: FSceneViewport::OnFocusLost() reason 2
[2018.12.01-19.55.14:471][370]LogEditorViewport: Clicking on Actor (LMB): Brush (Linear Stair Brush11)
[2018.12.01-19.55.15:407][454]LogSlate: FSceneViewport::OnFocusLost() reason 0
[2018.12.01-19.55.26:873][159]LogEditorViewport: Clicking on Actor (LMB): Brush (Box Brush127)
[2018.12.01-19.55.31:586][657]LogEditorViewport: Clicking on Actor (LMB): Brush (Box Brush219)
[2018.12.01-19.55.32:183][713]LogSlate: FSceneViewport::OnFocusLost() reason 0
[2018.12.01-19.55.38:123][199]LogEditorViewport: Clicking on Actor (LMB): Brush (Box Brush127)
[2018.12.01-19.55.39:823][363]LogEditorViewport: Clicking on Actor (LMB): Brush (Box Brush219)
[2018.12.01-19.55.40:737][451]LogSlate: FSceneViewport::OnFocusLost() reason 0
[2018.12.01-19.55.46:605][931]LogEditorViewport: Clicking on Actor (LMB): Brush (Box Brush127)
[2018.12.01-19.55.47:873][ 56]LogEditorViewport: Clicking Background
[2018.12.01-19.55.48:303][105]LogEditorViewport: Clicking on Actor (LMB): Brush (Box Brush128)
[2018.12.01-19.55.52:400][529]LogEditorViewport: Clicking on Actor (LMB): Brush (Box Brush295)
[2018.12.01-19.55.53:529][641]LogSlate: FSceneViewport::OnFocusLost() reason 0
[2018.12.01-19.55.59:390][109]LogEditorViewport: Clicking on Actor (LMB): Brush (Box Brush101)
[2018.12.01-19.56.00:000][169]LogEditorViewport: Clicking on Actor (LMB): Brush (Box Brush118)
[2018.12.01-19.56.02:993][474]LogEditorViewport: Clicking on Actor (LMB): Brush (Box Brush212)
[2018.12.01-19.56.03:792][550]LogSlate: FSceneViewport::OnFocusLost() reason 0
[2018.12.01-19.56.09:271][998]LogEditorViewport: Clicking on Actor (LMB): Brush (Box Brush129)
[2018.12.01-19.56.12:401][318]LogEditorViewport: Clicking on Actor (LMB): Brush (Box Brush296)
[2018.12.01-19.56.13:454][422]LogSlate: FSceneViewport::OnFocusLost() reason 0
[2018.12.01-19.56.39:045][522]LogSlate: FSceneViewport::OnFocusLost() reason 2
[2018.12.01-19.56.41:501][780]LogSlate: FSceneViewport::OnFocusLost() reason 2
[2018.12.01-19.56.43:691][  8]LogEditorViewport: Clicking on Actor (LMB): Brush (Box Brush103)
[2018.12.01-19.56.47:774][413]LogEditorViewport: Clicking on Actor (LMB): Brush (Box Brush101)
[2018.12.01-19.56.49:570][597]LogEditorViewport: Clicking Background
[2018.12.01-19.56.49:981][644]LogEditorViewport: Clicking on Actor (LMB): Brush (Box Brush103)
[2018.12.01-19.56.50:862][731]LogSlate: FSceneViewport::OnFocusLost() reason 0
[2018.12.01-19.56.55:543][ 85]LogEditorViewport: Clicking on Actor (LMB): Brush (Box Brush101)
[2018.12.01-19.57.00:766][630]LogEditorViewport: Clicking on Actor (LMB): Brush (Box Brush103)
[2018.12.01-19.57.08:204][396]LogEditorViewport: Clicking on Actor (LMB): Brush (Box Brush101)
[2018.12.01-19.57.12:359][818]LogSlate: FSceneViewport::OnFocusLost() reason 2
[2018.12.01-19.57.13:142][903]LogSlate: FSceneViewport::OnFocusLost() reason 2
[2018.12.01-19.57.16:770][146]LogSlate: FSceneViewport::OnFocusLost() reason 2
[2018.12.01-19.57.37:259][954]LogSlate: FSceneViewport::OnFocusLost() reason 2
[2018.12.01-19.57.51:526][440]LogSlate: FSceneViewport::OnFocusLost() reason 2
[2018.12.01-19.57.52:967][599]LogSlate: FSceneViewport::OnFocusLost() reason 2
[2018.12.01-19.57.54:239][736]LogSlate: FSceneViewport::OnFocusLost() reason 2
[2018.12.01-19.57.55:594][876]LogSlate: FSceneViewport::OnFocusLost() reason 2
[2018.12.01-19.58.05:085][829]LogEditorViewport: Clicking on Actor (LMB): Brush (Box Brush103)
[2018.12.01-19.58.06:494][958]LogSlate: FSceneViewport::OnFocusLost() reason 0
[2018.12.01-19.58.11:762][351]LogEditorViewport: Clicking on Actor (LMB): Brush (Box Brush207)
[2018.12.01-19.58.12:904][462]LogEditorViewport: Clicking on Actor (LMB): Brush (Box Brush296)
[2018.12.01-19.58.16:645][816]LogSlate: FSceneViewport::OnFocusLost() reason 0
[2018.12.01-19.58.26:529][658]LogEditorViewport: Clicking on Actor (LMB): Brush (Box Brush129)
[2018.12.01-19.58.31:171][ 93]LogEditorViewport: Clicking on Actor (LMB): Brush (Linear Stair Brush11)
[2018.12.01-19.58.35:792][429]LogSlate: FSceneViewport::OnFocusLost() reason 2
[2018.12.01-19.58.44:663][228]LogSlate: FSceneViewport::OnFocusLost() reason 2
[2018.12.01-19.58.46:407][402]LogSlate: FSceneViewport::OnFocusLost() reason 2
[2018.12.01-19.58.58:041][383]LogSlate: FSceneViewport::OnFocusLost() reason 2
[2018.12.01-19.59.00:208][625]LogSlate: FSceneViewport::OnFocusLost() reason 2
[2018.12.01-19.59.02:021][803]LogEditorViewport: Clicking on Actor (LMB): Brush (Box Brush296)
[2018.12.01-19.59.04:225][985]LogEditorViewport: Clicking on Actor (LMB): Brush (Box Brush295)
[2018.12.01-19.59.05:643][109]LogSlate: FSceneViewport::OnFocusLost() reason 0
[2018.12.01-19.59.11:640][591]LogSlate: FSceneViewport::OnFocusLost() reason 2
[2018.12.01-19.59.20:171][457]LogSlate: FSceneViewport::OnFocusLost() reason 2
[2018.12.01-19.59.32:904][526]LogSlate: FSceneViewport::OnFocusLost() reason 2
[2018.12.01-19.59.57:333][765]LogSlate: FSceneViewport::OnFocusLost() reason 0
[2018.12.01-19.59.57:607][774]LogSlate: FSceneViewport::OnFocusLost() reason 2
[2018.12.01-19.59.57:618][774]Cmd: OBJ SAVEPACKAGE PACKAGE="/Game/ALPHA2" FILE="../../../../../../Users/User/Documents/Unreal Projects/UTAMA_Alpha/Content/ALPHA2.umap" SILENT=true AUTOSAVING=false KEEPDIRTY=false
[2018.12.01-19.59.59:590][774]LogSavePackage: Save=1741.20ms
[2018.12.01-19.59.59:590][774]LogSavePackage: Moving '../../../../../../Users/User/Documents/Unreal Projects/UTAMA_Alpha/Saved/ALPHA2159058844A8A49A4BB9AF49E1258152F.tmp' to '../../../../../../Users/User/Documents/Unreal Projects/UTAMA_Alpha/Content/ALPHA2.umap'
[2018.12.01-19.59.59:596][774]LogSavePackage: Display: Finished SavePackage ../../../../../../Users/User/Documents/Unreal Projects/UTAMA_Alpha/Content/ALPHA2.umap
[2018.12.01-19.59.59:789][774]Cmd: OBJ SAVEPACKAGE PACKAGE="/Game/ALPHA2_BuiltData" FILE="../../../../../../Users/User/Documents/Unreal Projects/UTAMA_Alpha/Content/ALPHA2_BuiltData.uasset" SILENT=true
[2018.12.01-20.00.00:246][774]LogSavePackage: Save=434.32ms
[2018.12.01-20.00.00:246][774]LogSavePackage: Moving '../../../../../../Users/User/Documents/Unreal Projects/UTAMA_Alpha/Saved/ALPHA2_BuiltData48F2287348566964F9AF3C98B09DFDAA.tmp' to '../../../../../../Users/User/Documents/Unreal Projects/UTAMA_Alpha/Content/ALPHA2_BuiltData.uasset'
[2018.12.01-20.00.00:249][774]LogSavePackage: Display: Finished SavePackage ../../../../../../Users/User/Documents/Unreal Projects/UTAMA_Alpha/Content/ALPHA2_BuiltData.uasset
[2018.12.01-20.00.05:554][177]LogEditorViewport: Clicking Background
[2018.12.01-20.00.15:300][112]LogSlate: FSceneViewport::OnFocusLost() reason 2
[2018.12.01-20.00.58:702][573]LogSlate: FSceneViewport::OnFocusLost() reason 0
[2018.12.01-20.01.51:188][529]LogSlate: FSceneViewport::OnFocusLost() reason 0
[2018.12.01-20.01.57:838][ 23]LogSlate: FSceneViewport::OnFocusLost() reason 2
[2018.12.01-20.02.02:271][463]LogSlate: FSceneViewport::OnFocusLost() reason 2
[2018.12.01-20.02.03:202][567]LogSlate: FSceneViewport::OnFocusLost() reason 2
[2018.12.01-20.02.11:748][ 54]LogNavigationPoint: PostEditMove Clear paths rebuilt
[2018.12.01-20.02.11:748][ 54]LogNavigationPoint: PostEditMove Clear paths rebuilt
[2018.12.01-20.02.12:687][124]LogSlate: FSceneViewport::OnFocusLost() reason 2
[2018.12.01-20.02.20:723][796]LogNavigationPoint: PostEditMove Clear paths rebuilt
[2018.12.01-20.02.20:724][796]LogNavigationPoint: PostEditMove Clear paths rebuilt
[2018.12.01-20.02.21:117][826]Cmd: TRANSACTION UNDO
[2018.12.01-20.02.21:117][826]LogEditorTransaction: Undo Move Actors
[2018.12.01-20.02.21:259][826]LogActorComponent: ~FComponentReregisterContext: (/Game/ALPHA2.ALPHA2:PersistentLevel.CylinderBrush6.BrushComponent0) Component already registered.
[2018.12.01-20.02.21:264][826]LogActorComponent: ~FComponentReregisterContext: (/Game/ALPHA2.ALPHA2:PersistentLevel.BoxBrush230.BrushComponent0) Component already registered.
[2018.12.01-20.02.21:272][826]LogActorComponent: ~FComponentReregisterContext: (/Game/ALPHA2.ALPHA2:PersistentLevel.BoxBrush181_88.BrushComponent0) Component already registered.
[2018.12.01-20.02.21:273][826]LogActorComponent: ~FComponentReregisterContext: (/Game/ALPHA2.ALPHA2:PersistentLevel.BoxBrush288_147.BrushComponent0) Component already registered.
[2018.12.01-20.02.21:277][826]LogActorComponent: ~FComponentReregisterContext: (/Game/ALPHA2.ALPHA2:PersistentLevel.BoxBrush27.BrushComponent0) Component already registered.
[2018.12.01-20.02.21:280][826]LogActorComponent: ~FComponentReregisterContext: (/Game/ALPHA2.ALPHA2:PersistentLevel.PlayerStart_1.CollisionCapsule) Component already registered.
[2018.12.01-20.02.21:370][826]LogActorComponent: ~FComponentReregisterContext: (/Game/ALPHA2.ALPHA2:PersistentLevel.BoxBrush2.BrushComponent0) Component already registered.
[2018.12.01-20.02.21:371][826]LogActorComponent: ~FComponentReregisterContext: (/Game/ALPHA2.ALPHA2:PersistentLevel.BoxBrush125.BrushComponent0) Component already registered.
[2018.12.01-20.02.21:372][826]LogActorComponent: ~FComponentReregisterContext: (/Game/ALPHA2.ALPHA2:PersistentLevel.LinearStairBrush8.BrushComponent0) Component already registered.
[2018.12.01-20.02.21:386][826]LogActorComponent: ~FComponentReregisterContext: (/Game/ALPHA2.ALPHA2:PersistentLevel.BoxBrush405.BrushComponent0) Component already registered.
[2018.12.01-20.02.21:387][826]LogActorComponent: ~FComponentReregisterContext: (/Game/ALPHA2.ALPHA2:PersistentLevel.BoxBrush438.BrushComponent0) Component already registered.
[2018.12.01-20.02.21:388][826]LogActorComponent: ~FComponentReregisterContext: (/Game/ALPHA2.ALPHA2:PersistentLevel.BoxBrush480.BrushComponent0) Component already registered.
[2018.12.01-20.02.21:389][826]LogActorComponent: ~FComponentReregisterContext: (/Game/ALPHA2.ALPHA2:PersistentLevel.BoxBrush498.BrushComponent0) Component already registered.
[2018.12.01-20.02.21:392][826]LogActorComponent: ~FComponentReregisterContext: (/Game/ALPHA2.ALPHA2:PersistentLevel.BoxBrush443.BrushComponent0) Component already registered.
[2018.12.01-20.02.21:394][826]LogActorComponent: ~FComponentReregisterContext: (/Game/ALPHA2.ALPHA2:PersistentLevel.BoxBrush452.BrushComponent0) Component already registered.
[2018.12.01-20.02.21:396][826]LogActorComponent: ~FComponentReregisterContext: (/Game/ALPHA2.ALPHA2:PersistentLevel.BoxBrush299.BrushComponent0) Component already registered.
[2018.12.01-20.02.21:404][826]LogActorComponent: ~FComponentReregisterContext: (/Game/ALPHA2.ALPHA2:PersistentLevel.BoxBrush364.BrushComponent0) Component already registered.
[2018.12.01-20.02.21:406][826]LogActorComponent: ~FComponentReregisterContext: (/Game/ALPHA2.ALPHA2:PersistentLevel.BoxBrush.BrushComponent0) Component already registered.
[2018.12.01-20.02.22:668][879]Cmd: TRANSACTION UNDO
[2018.12.01-20.02.22:668][879]LogEditorTransaction: Undo Marquee Select
[2018.12.01-20.02.23:110][879]LogWindows: Windows GetLastError: The operation completed successfully. (0)
[2018.12.01-20.02.32:743][879]LogWindows: Error: === Critical error: ===
[2018.12.01-20.02.32:743][879]LogWindows: Error: 
[2018.12.01-20.02.32:743][879]LogWindows: Error: Assertion failed: (Index >= 0) & (Index < ArrayNum) [File:D:\Build\++UE4+Release-4.19+Compile\Sync\Engine\Source\Runtime\Core\Public\Containers/Array.h] [Line: 610] 
[2018.12.01-20.02.32:743][879]LogWindows: Error: Array index out of bounds: 18915 from an array of size 18902
[2018.12.01-20.02.32:743][879]LogWindows: Error: 
[2018.12.01-20.02.32:743][879]LogWindows: Error: 
[2018.12.01-20.02.32:743][879]LogWindows: Error: [Callstack] 0x000000005DEBA388 KERNELBASE.dll!UnknownFunction []
[2018.12.01-20.02.32:743][879]LogWindows: Error: [Callstack] 0x000000003D397884 UE4Editor-ApplicationCore.dll!UnknownFunction []
[2018.12.01-20.02.32:743][879]LogWindows: Error: [Callstack] 0x00000000283B6D9B UE4Editor-Core.dll!UnknownFunction []
[2018.12.01-20.02.32:744][879]LogWindows: Error: [Callstack] 0x00000000282F1949 UE4Editor-Core.dll!UnknownFunction []
[2018.12.01-20.02.32:744][879]LogWindows: Error: [Callstack] 0x0000000007C06E45 UE4Editor-Engine.dll!UnknownFunction []
[2018.12.01-20.02.32:744][879]LogWindows: Error: [Callstack] 0x0000000007FF6559 UE4Editor-Engine.dll!UnknownFunction []
[2018.12.01-20.02.32:744][879]LogWindows: Error: [Callstack] 0x00000000089D783B UE4Editor-Engine.dll!UnknownFunction []
[2018.12.01-20.02.32:744][879]LogWindows: Error: [Callstack] 0x000000001876DC4B UE4Editor-UnrealEd.dll!UnknownFunction []
[2018.12.01-20.02.32:744][879]LogWindows: Error: [Callstack] 0x0000000019009626 UE4Editor-UnrealEd.dll!UnknownFunction []
[2018.12.01-20.02.32:744][879]LogWindows: Error: [Callstack] 0x00000000948F5EAC UE4Editor.exe!UnknownFunction []
[2018.12.01-20.02.32:744][879]LogWindows: Error: [Callstack] 0x0000000094906BD0 UE4Editor.exe!UnknownFunction []
[2018.12.01-20.02.32:744][879]LogWindows: Error: [Callstack] 0x0000000094906C4A UE4Editor.exe!UnknownFunction []
[2018.12.01-20.02.32:744][879]LogWindows: Error: [Callstack] 0x0000000094914177 UE4Editor.exe!UnknownFunction []
[2018.12.01-20.02.32:744][879]LogWindows: Error: [Callstack] 0x0000000094915B87 UE4Editor.exe!UnknownFunction []
[2018.12.01-20.02.32:744][879]LogWindows: Error: [Callstack] 0x000000005EC83034 KERNEL32.DLL!UnknownFunction []
[2018.12.01-20.02.32:744][879]LogWindows: Error: [Callstack] 0x0000000061081471 ntdll.dll!UnknownFunction []
[2018.12.01-20.02.32:744][879]LogWindows: Error: [Callstack] 0x0000000061081471 ntdll.dll!UnknownFunction []
[2018.12.01-20.02.32:744][879]LogWindows: Error: 
[2018.12.01-20.02.32:784][879]LogExit: Executing StaticShutdownAfterError
[2018.12.01-20.02.32:856][879]LogWindows: FPlatformMisc::RequestExit(1)
[2018.12.01-20.02.32:876][879]Log file closed, 12/01/18 20:02:32
