Log file open, 01/02/19 22:30:51
LogWindows: Failed to load 'aqProf.dll' (GetLastError=126)
LogWindows: File 'aqProf.dll' does not exist
LogWindows: Failed to load 'VtuneApi.dll' (GetLastError=126)
LogWindows: File 'VtuneApi.dll' does not exist
LogWindows: Failed to load 'VtuneApi32e.dll' (GetLastError=126)
LogWindows: File 'VtuneApi32e.dll' does not exist
LogInit: Display: Running engine for game: UTAMA_Alpha
LogPlatformFile: Not using cached read wrapper
LogInit: Display: RandInit(1108692434) SRandInit(1108692434).
LogInit: Read version file with build ID '3944462'
LogInit: Overriding engine version to CL 4033788, compatible CL 3944462
LogInit: Registered custom module enumerator with build ID '3944462'
LogTaskGraph: Started task graph with 5 named threads and 14 total threads with 3 sets of task threads.
LogStats: Stats thread started at 1.875125
LogD3D11RHI: Aftermath initialized
LogICUInternationalization: Display: ICU TimeZone Detection - Raw Offset: +0:00, Platform Override: ''
LogModuleManager: Display: Found up-to-date module file ../../../Engine/Plugins/2D/Paper2D/Binaries/Win64/UE4Editor-Paper2D.dll (API version 3944462).
LogModuleManager: Display: Found up-to-date module file ../../../Engine/Plugins/2D/Paper2D/Binaries/Win64/UE4Editor-Paper2DEditor.dll (API version 3944462).
LogModuleManager: Display: Found up-to-date module file ../../../Engine/Plugins/2D/Paper2D/Binaries/Win64/UE4Editor-PaperSpriteSheetImporter.dll (API version 3944462).
LogModuleManager: Display: Found up-to-date module file ../../../Engine/Plugins/2D/Paper2D/Binaries/Win64/UE4Editor-PaperTiledImporter.dll (API version 3944462).
LogModuleManager: Display: Found up-to-date module file ../../../Engine/Plugins/2D/Paper2D/Binaries/Win64/UE4Editor-SmartSnapping.dll (API version 3944462).
LogModuleManager: Display: Found up-to-date module file ../../../Engine/Plugins/Blendables/LightPropagationVolume/Binaries/Win64/UE4Editor-LightPropagationVolumeRuntime.dll (API version 3944462).
LogModuleManager: Display: Found up-to-date module file ../../../Engine/Plugins/Blendables/LightPropagationVolume/Binaries/Win64/UE4Editor-LightPropagationVolumeEditor.dll (API version 3944462).
LogModuleManager: Display: Found up-to-date module file ../../../Engine/Plugins/Developer/CLionSourceCodeAccess/Binaries/Win64/UE4Editor-CLionSourceCodeAccess.dll (API version 3944462).
LogModuleManager: Display: Found up-to-date module file ../../../Engine/Plugins/Developer/GitSourceControl/Binaries/Win64/UE4Editor-GitSourceControl.dll (API version 3944462).
LogModuleManager: Display: Found up-to-date module file ../../../Engine/Plugins/Developer/PerforceSourceControl/Binaries/Win64/UE4Editor-PerforceSourceControl.dll (API version 3944462).
LogModuleManager: Display: Found up-to-date module file ../../../Engine/Plugins/Developer/SubversionSourceControl/Binaries/Win64/UE4Editor-SubversionSourceControl.dll (API version 3944462).
LogModuleManager: Display: Found up-to-date module file ../../../Engine/Plugins/Developer/UObjectPlugin/Binaries/Win64/UE4Editor-UObjectPlugin.dll (API version 3944462).
LogModuleManager: Display: Found up-to-date module file ../../../Engine/Plugins/Developer/VisualStudioCodeSourceCodeAccess/Binaries/Win64/UE4Editor-VisualStudioCodeSourceCodeAccess.dll (API version 3944462).
LogModuleManager: Display: Found up-to-date module file ../../../Engine/Plugins/Developer/VisualStudioSourceCodeAccess/Binaries/Win64/UE4Editor-VisualStudioSourceCodeAccess.dll (API version 3944462).
LogModuleManager: Display: Found up-to-date module file ../../../Engine/Plugins/Editor/AssetManagerEditor/Binaries/Win64/UE4Editor-AssetManagerEditor.dll (API version 3944462).
LogModuleManager: Display: Found up-to-date module file ../../../Engine/Plugins/Editor/CryptoKeys/Binaries/Win64/UE4Editor-CryptoKeys.dll (API version 3944462).
LogModuleManager: Display: Found up-to-date module file ../../../Engine/Plugins/Editor/CryptoKeys/Binaries/Win64/UE4Editor-CryptoKeysOpenSSL.dll (API version 3944462).
LogModuleManager: Display: Found up-to-date module file ../../../Engine/Plugins/Editor/DataValidation/Binaries/Win64/UE4Editor-DataValidation.dll (API version 3944462).
LogModuleManager: Display: Found up-to-date module file ../../../Engine/Plugins/Editor/FacialAnimation/Binaries/Win64/UE4Editor-FacialAnimation.dll (API version 3944462).
LogModuleManager: Display: Found up-to-date module file ../../../Engine/Plugins/Editor/FacialAnimation/Binaries/Win64/UE4Editor-FacialAnimationEditor.dll (API version 3944462).
LogModuleManager: Display: Found up-to-date module file ../../../Engine/Plugins/Editor/GameplayTagsEditor/Binaries/Win64/UE4Editor-GameplayTagsEditor.dll (API version 3944462).
LogModuleManager: Display: Found up-to-date module file ../../../Engine/Plugins/Editor/MobileLauncherProfileWizard/Binaries/Win64/UE4Editor-MobileLauncherProfileWizard.dll (API version 3944462).
LogModuleManager: Display: Found up-to-date module file ../../../Engine/Plugins/Editor/PluginBrowser/Binaries/Win64/UE4Editor-PluginBrowser.dll (API version 3944462).
LogModuleManager: Display: Found up-to-date module file ../../../Engine/Plugins/Editor/SpeedTreeImporter/Binaries/Win64/UE4Editor-SpeedTreeImporter.dll (API version 3944462).
LogModuleManager: Display: Found up-to-date module file ../../../Engine/Plugins/Enterprise/DatasmithContent/Binaries/Win64/UE4Editor-DatasmithContent.dll (API version 3944462).
LogModuleManager: Display: Found up-to-date module file ../../../Engine/Plugins/Experimental/AlembicImporter/Binaries/Win64/UE4Editor-AlembicImporter.dll (API version 3944462).
LogModuleManager: Display: Found up-to-date module file ../../../Engine/Plugins/Experimental/AlembicImporter/Binaries/Win64/UE4Editor-AlembicLibrary.dll (API version 3944462).
LogModuleManager: Display: Found up-to-date module file ../../../Engine/Plugins/Experimental/CharacterAI/Binaries/Win64/UE4Editor-CharacterAI.dll (API version 3944462).
LogModuleManager: Display: Found up-to-date module file ../../../Engine/Plugins/Experimental/HTML5Networking/Binaries/Win64/UE4Editor-HTML5Networking.dll (API version 3944462).
LogModuleManager: Display: Found up-to-date module file ../../../Engine/Plugins/Media/AndroidMedia/Binaries/Win64/UE4Editor-AndroidMediaEditor.dll (API version 3944462).
LogModuleManager: Display: Found up-to-date module file ../../../Engine/Plugins/Media/AndroidMedia/Binaries/Win64/UE4Editor-AndroidMediaFactory.dll (API version 3944462).
LogModuleManager: Display: Found up-to-date module file ../../../Engine/Plugins/Media/AvfMedia/Binaries/Win64/UE4Editor-AvfMediaEditor.dll (API version 3944462).
LogModuleManager: Display: Found up-to-date module file ../../../Engine/Plugins/Media/AvfMedia/Binaries/Win64/UE4Editor-AvfMediaFactory.dll (API version 3944462).
LogModuleManager: Display: Found up-to-date module file ../../../Engine/Plugins/Media/AvfMedia/Binaries/Win64/UE4Editor-AvfMediaFactory.dll (API version 3944462).
LogModuleManager: Display: Found up-to-date module file ../../../Engine/Plugins/Media/ImgMedia/Binaries/Win64/UE4Editor-ImgMedia.dll (API version 3944462).
LogModuleManager: Display: Found up-to-date module file ../../../Engine/Plugins/Media/ImgMedia/Binaries/Win64/UE4Editor-ImgMediaEditor.dll (API version 3944462).
LogModuleManager: Display: Found up-to-date module file ../../../Engine/Plugins/Media/ImgMedia/Binaries/Win64/UE4Editor-ImgMediaFactory.dll (API version 3944462).
LogModuleManager: Display: Found up-to-date module file ../../../Engine/Plugins/Media/ImgMedia/Binaries/Win64/UE4Editor-ImgMediaFactory.dll (API version 3944462).
LogModuleManager: Display: Found up-to-date module file ../../../Engine/Plugins/Media/ImgMedia/Binaries/Win64/UE4Editor-OpenExrWrapper.dll (API version 3944462).
LogModuleManager: Display: Found up-to-date module file ../../../Engine/Plugins/Media/LinearTimecode/Binaries/Win64/UE4Editor-LinearTimecode.dll (API version 3944462).
LogModuleManager: Display: Found up-to-date module file ../../../Engine/Plugins/Media/MediaCompositing/Binaries/Win64/UE4Editor-MediaCompositing.dll (API version 3944462).
LogModuleManager: Display: Found up-to-date module file ../../../Engine/Plugins/Media/MediaCompositing/Binaries/Win64/UE4Editor-MediaCompositingEditor.dll (API version 3944462).
LogModuleManager: Display: Found up-to-date module file ../../../Engine/Plugins/Media/MediaPlayerEditor/Binaries/Win64/UE4Editor-MediaPlayerEditor.dll (API version 3944462).
LogModuleManager: Display: Found up-to-date module file ../../../Engine/Plugins/Media/WmfMedia/Binaries/Win64/UE4Editor-WmfMedia.dll (API version 3944462).
LogModuleManager: Display: Found up-to-date module file ../../../Engine/Plugins/Media/WmfMedia/Binaries/Win64/UE4Editor-WmfMediaEditor.dll (API version 3944462).
LogModuleManager: Display: Found up-to-date module file ../../../Engine/Plugins/Media/WmfMedia/Binaries/Win64/UE4Editor-WmfMediaFactory.dll (API version 3944462).
LogModuleManager: Display: Found up-to-date module file ../../../Engine/Plugins/Media/WmfMedia/Binaries/Win64/UE4Editor-WmfMediaFactory.dll (API version 3944462).
LogModuleManager: Display: Found up-to-date module file ../../../Engine/Plugins/Messaging/TcpMessaging/Binaries/Win64/UE4Editor-TcpMessaging.dll (API version 3944462).
LogModuleManager: Display: Found up-to-date module file ../../../Engine/Plugins/Messaging/UdpMessaging/Binaries/Win64/UE4Editor-UdpMessaging.dll (API version 3944462).
LogModuleManager: Display: Found up-to-date module file ../../../Engine/Plugins/MovieScene/ActorSequence/Binaries/Win64/UE4Editor-ActorSequence.dll (API version 3944462).
LogModuleManager: Display: Found up-to-date module file ../../../Engine/Plugins/MovieScene/LevelSequenceEditor/Binaries/Win64/UE4Editor-LevelSequenceEditor.dll (API version 3944462).
LogModuleManager: Display: Found up-to-date module file ../../../Engine/Plugins/MovieScene/MatineeToLevelSequence/Binaries/Win64/UE4Editor-MatineeToLevelSequence.dll (API version 3944462).
LogModuleManager: Display: Found up-to-date module file ../../../Engine/Plugins/NetcodeUnitTest/NetcodeUnitTest/Binaries/Win64/UE4Editor-NetcodeUnitTest.dll (API version 3944462).
LogModuleManager: Display: Found up-to-date module file ../../../Engine/Plugins/NetcodeUnitTest/NUTUnrealEngine4/Binaries/Win64/UE4Editor-NUTUnrealEngine4.dll (API version 3944462).
LogModuleManager: Display: Found up-to-date module file ../../../Engine/Plugins/Online/OnlineSubsystem/Binaries/Win64/UE4Editor-OnlineSubsystem.dll (API version 3944462).
LogModuleManager: Display: Found up-to-date module file ../../../Engine/Plugins/Runtime/AndroidPermission/Binaries/Win64/UE4Editor-AndroidPermission.dll (API version 3944462).
LogModuleManager: Display: Found up-to-date module file ../../../Engine/Plugins/Online/OnlineSubsystemNull/Binaries/Win64/UE4Editor-OnlineSubsystemNull.dll (API version 3944462).
LogModuleManager: Display: Found up-to-date module file ../../../Engine/Plugins/Online/OnlineSubsystemUtils/Binaries/Win64/UE4Editor-OnlineSubsystemUtils.dll (API version 3944462).
LogModuleManager: Display: Found up-to-date module file ../../../Engine/Plugins/Online/OnlineSubsystemUtils/Binaries/Win64/UE4Editor-OnlineBlueprintSupport.dll (API version 3944462).
LogModuleManager: Display: Found up-to-date module file ../../../Engine/Plugins/Runtime/AndroidDeviceProfileSelector/Binaries/Win64/UE4Editor-AndroidDeviceProfileSelector.dll (API version 3944462).
LogModuleManager: Display: Found up-to-date module file ../../../Engine/Plugins/Runtime/AppleARKit/Binaries/Win64/UE4Editor-AppleARKit.dll (API version 3944462).
LogModuleManager: Display: Found up-to-date module file ../../../Engine/Plugins/Runtime/ProceduralMeshComponent/Binaries/Win64/UE4Editor-ProceduralMeshComponent.dll (API version 3944462).
LogModuleManager: Display: Found up-to-date module file ../../../Engine/Plugins/Runtime/ProceduralMeshComponent/Binaries/Win64/UE4Editor-ProceduralMeshComponentEditor.dll (API version 3944462).
LogModuleManager: Display: Found up-to-date module file ../../../Engine/Plugins/Animation/LiveLink/Binaries/Win64/UE4Editor-LiveLink.dll (API version 3944462).
LogModuleManager: Display: Found up-to-date module file ../../../Engine/Plugins/Animation/LiveLink/Binaries/Win64/UE4Editor-LiveLinkEditor.dll (API version 3944462).
LogModuleManager: Display: Found up-to-date module file ../../../Engine/Plugins/Runtime/ArchVisCharacter/Binaries/Win64/UE4Editor-ArchVisCharacter.dll (API version 3944462).
LogModuleManager: Display: Found up-to-date module file ../../../Engine/Plugins/Runtime/AudioCapture/Binaries/Win64/UE4Editor-AudioCapture.dll (API version 3944462).
LogModuleManager: Display: Found up-to-date module file ../../../Engine/Plugins/Runtime/AudioCapture/Binaries/Win64/UE4Editor-AudioCaptureEditor.dll (API version 3944462).
LogModuleManager: Display: Found up-to-date module file ../../../Engine/Plugins/Runtime/CableComponent/Binaries/Win64/UE4Editor-CableComponent.dll (API version 3944462).
LogModuleManager: Display: Found up-to-date module file ../../../Engine/Plugins/Runtime/CustomMeshComponent/Binaries/Win64/UE4Editor-CustomMeshComponent.dll (API version 3944462).
LogModuleManager: Display: Found up-to-date module file ../../../Engine/Plugins/Runtime/ExampleDeviceProfileSelector/Binaries/Win64/UE4Editor-ExampleDeviceProfileSelector.dll (API version 3944462).
LogModuleManager: Display: Found up-to-date module file ../../../Engine/Plugins/Runtime/ImmediatePhysics/Binaries/Win64/UE4Editor-ImmediatePhysics.dll (API version 3944462).
LogModuleManager: Display: Found up-to-date module file ../../../Engine/Plugins/Runtime/ImmediatePhysics/Binaries/Win64/UE4Editor-ImmediatePhysicsEditor.dll (API version 3944462).
LogModuleManager: Display: Found up-to-date module file ../../../Engine/Plugins/Runtime/LocationServicesBPLibrary/Binaries/Win64/UE4Editor-LocationServicesBPLibrary.dll (API version 3944462).
LogModuleManager: Display: Found up-to-date module file ../../../Engine/Plugins/Runtime/MobilePatchingUtils/Binaries/Win64/UE4Editor-MobilePatchingUtils.dll (API version 3944462).
LogModuleManager: Display: Found up-to-date module file ../../../Engine/Plugins/Runtime/Oculus/OculusVR/Binaries/Win64/UE4Editor-OculusHMD.dll (API version 3944462).
LogModuleManager: Display: Found up-to-date module file ../../../Engine/Plugins/Runtime/Oculus/OculusVR/Binaries/Win64/UE4Editor-OculusInput.dll (API version 3944462).
LogModuleManager: Display: Found up-to-date module file ../../../Engine/Plugins/Runtime/Oculus/OculusVR/Binaries/Win64/UE4Editor-OculusEditor.dll (API version 3944462).
LogModuleManager: Display: Found up-to-date module file ../../../Engine/Plugins/Runtime/PhysXVehicles/Binaries/Win64/UE4Editor-PhysXVehicles.dll (API version 3944462).
LogModuleManager: Display: Found up-to-date module file ../../../Engine/Plugins/Runtime/PhysXVehicles/Binaries/Win64/UE4Editor-PhysXVehiclesEditor.dll (API version 3944462).
LogModuleManager: Display: Found up-to-date module file ../../../Engine/Plugins/Runtime/RuntimePhysXCooking/Binaries/Win64/UE4Editor-RuntimePhysXCooking.dll (API version 3944462).
LogModuleManager: Display: Found up-to-date module file ../../../Engine/Plugins/Runtime/Steam/SteamVR/Binaries/Win64/UE4Editor-SteamVR.dll (API version 3944462).
LogModuleManager: Display: Found up-to-date module file ../../../Engine/Plugins/Runtime/Steam/SteamVR/Binaries/Win64/UE4Editor-SteamVRController.dll (API version 3944462).
LogModuleManager: Display: Found up-to-date module file ../../../Engine/Plugins/Runtime/WindowsMoviePlayer/Binaries/Win64/UE4Editor-WindowsMoviePlayer.dll (API version 3944462).
LogPluginManager: Mounting plugin Paper2D
LogPluginManager: Mounting plugin LiveLink
LogPluginManager: Mounting plugin LightPropagationVolume
LogPluginManager: Mounting plugin CLionSourceCodeAccess
LogPluginManager: Mounting plugin CodeLiteSourceCodeAccess
LogPluginManager: Mounting plugin GitSourceControl
LogPluginManager: Mounting plugin KDevelopSourceCodeAccess
LogPluginManager: Mounting plugin NullSourceCodeAccess
LogPluginManager: Mounting plugin PerforceSourceControl
LogPluginManager: Mounting plugin SubversionSourceControl
LogPluginManager: Mounting plugin UObjectPlugin
LogPluginManager: Mounting plugin VisualStudioCodeSourceCodeAccess
LogPluginManager: Mounting plugin VisualStudioSourceCodeAccess
LogPluginManager: Mounting plugin XCodeSourceCodeAccess
LogPluginManager: Mounting plugin AssetManagerEditor
LogPluginManager: Mounting plugin CryptoKeys
LogPluginManager: Mounting plugin DataValidation
LogPluginManager: Mounting plugin FacialAnimation
LogPluginManager: Mounting plugin GameplayTagsEditor
LogPluginManager: Mounting plugin MobileLauncherProfileWizard
LogPluginManager: Mounting plugin PluginBrowser
LogPluginManager: Mounting plugin SpeedTreeImporter
LogPluginManager: Mounting plugin DatasmithContent
LogPluginManager: Mounting plugin AlembicImporter
LogPluginManager: Mounting plugin CharacterAI
LogPluginManager: Mounting plugin HTML5Networking
LogPluginManager: Mounting plugin AndroidMedia
LogPluginManager: Mounting plugin AvfMedia
LogPluginManager: Mounting plugin ImgMedia
LogPluginManager: Mounting plugin LinearTimecode
LogPluginManager: Mounting plugin MediaCompositing
LogPluginManager: Mounting plugin MediaPlayerEditor
LogPluginManager: Mounting plugin WmfMedia
LogPluginManager: Mounting plugin TcpMessaging
LogPluginManager: Mounting plugin UdpMessaging
LogPluginManager: Mounting plugin ActorSequence
LogPluginManager: Mounting plugin LevelSequenceEditor
LogPluginManager: Mounting plugin MatineeToLevelSequence
LogPluginManager: Mounting plugin NetcodeUnitTest
LogPluginManager: Mounting plugin NUTUnrealEngine4
LogPluginManager: Mounting plugin OnlineSubsystemGooglePlay
LogPluginManager: Mounting plugin OnlineSubsystemIOS
LogPluginManager: Mounting plugin OnlineSubsystem
LogPluginManager: Mounting plugin OnlineSubsystemNull
LogPluginManager: Mounting plugin OnlineSubsystemUtils
LogPluginManager: Mounting plugin AndroidDeviceProfileSelector
LogPluginManager: Mounting plugin AndroidMoviePlayer
LogPluginManager: Mounting plugin AndroidPermission
LogPluginManager: Mounting plugin AppleARKit
LogPluginManager: Mounting plugin AppleMoviePlayer
LogPluginManager: Mounting plugin ArchVisCharacter
LogPluginManager: Mounting plugin AudioCapture
LogPluginManager: Mounting plugin CableComponent
LogPluginManager: Mounting plugin CustomMeshComponent
LogPluginManager: Mounting plugin ExampleDeviceProfileSelector
LogPluginManager: Mounting plugin GoogleCloudMessaging
LogPluginManager: Mounting plugin ImmediatePhysics
LogPluginManager: Mounting plugin IOSDeviceProfileSelector
LogPluginManager: Mounting plugin LinuxDeviceProfileSelector
LogPluginManager: Mounting plugin LocationServicesBPLibrary
LogPluginManager: Mounting plugin MobilePatchingUtils
LogPluginManager: Mounting plugin OculusVR
LogPluginManager: Plugin shader directory ../../../Engine/Plugins/Runtime/Oculus/OculusVR/Shaders found
LogPluginManager: Mapping shader source directory ../../../Engine/Plugins/Runtime/Oculus/OculusVR/Shaders to virtual directory /Plugin/OculusVR
LogPluginManager: Mounting plugin PhysXVehicles
LogPluginManager: Mounting plugin ProceduralMeshComponent
LogPluginManager: Mounting plugin RuntimePhysXCooking
LogPluginManager: Mounting plugin SteamVR
LogPluginManager: Mounting plugin WindowsMoviePlayer
LogStreaming: Display: Took  4.469s to configure plugins.
LogInit: Using libcurl 7.47.1
LogInit:  - built for x86_64-pc-win32
LogInit:  - supports SSL with OpenSSL/1.0.2g
LogInit:  - supports HTTP deflate (compression) using libz 1.2.8
LogInit:  - other features:
LogInit:      CURL_VERSION_SSL
LogInit:      CURL_VERSION_LIBZ
LogInit:      CURL_VERSION_IPV6
LogInit:      CURL_VERSION_ASYNCHDNS
LogInit:      CURL_VERSION_LARGEFILE
LogInit:      CURL_VERSION_IDN
LogInit:  CurlRequestOptions (configurable via config and command line):
LogInit:  - bVerifyPeer = false  - Libcurl will NOT verify peer certificate
LogInit:  - bUseHttpProxy = false  - Libcurl will NOT use HTTP proxy
LogInit:  - bDontReuseConnections = false  - Libcurl will reuse connections
LogInit:  - CertBundlePath = nullptr  - Libcurl will use whatever was configured at build time.
LogInit:  - MaxHostConnections = 16  - Libcurl will limit the number of connections to a host
LogInit:  - LocalHostAddr = Default
LogInit: WinSock: version 1.1 (2.2), MaxSocks=32767, MaxUdp=65467
LogInit: WinSock: I am DESKTOP-03EVT9J (192.168.1.2:0)
LogInit: Build: ++UE4+Release-4.19-CL-4033788
LogInit: Engine Version: 4.19.2-4033788+++UE4+Release-4.19
LogInit: Compatible Engine Version: 4.19.0-3944462+++UE4+Release-4.19
LogInit: Net CL: 3944462
LogDevObjectVersion: Number of dev versions registered: 18
LogDevObjectVersion:   Dev-Blueprints (B0D832E4-1F89-4F0D-ACCF-7EB736FD4AA2): 10
LogDevObjectVersion:   Dev-Build (E1C64328-A22C-4D53-A36C-8E866417BD8C): 0
LogDevObjectVersion:   Dev-Core (375EC13C-06E4-48FB-B500-84F0262A717E): 2
LogDevObjectVersion:   Dev-Editor (E4B068ED-F494-42E9-A231-DA0B2E46BB41): 23
LogDevObjectVersion:   Dev-Framework (CFFC743F-43B0-4480-9391-14DF171D2073): 33
LogDevObjectVersion:   Dev-Mobile (B02B49B5-BB20-44E9-A304-32B752E40360): 2
LogDevObjectVersion:   Dev-Networking (A4E4105C-59A1-49B5-A7C5-40C4547EDFEE): 0
LogDevObjectVersion:   Dev-Online (39C831C9-5AE6-47DC-9A44-9C173E1C8E7C): 0
LogDevObjectVersion:   Dev-Physics (78F01B33-EBEA-4F98-B9B4-84EACCB95AA2): 0
LogDevObjectVersion:   Dev-Platform (6631380F-2D4D-43E0-8009-CF276956A95A): 0
LogDevObjectVersion:   Dev-Rendering (12F88B9F-8875-4AFC-A67C-D90C383ABD29): 25
LogDevObjectVersion:   Dev-Sequencer (7B5AE74C-D270-4C10-A958-57980B212A5A): 6
LogDevObjectVersion:   Dev-VR (D7296918-1DD6-4BDD-9DE2-64A83CC13884): 1
LogDevObjectVersion:   Dev-LoadTimes (C2A15278-BFE7-4AFE-6C17-90FF531DF755): 1
LogDevObjectVersion:   Private-Geometry (6EACA3D4-40EC-4CC1-B786-8BED09428FC5): 2
LogDevObjectVersion:   Dev-AnimPhys (29E575DD-E0A3-4627-9D10-D276232CDCEA): 16
LogDevObjectVersion:   Dev-ReflectionCapture (6B266CEC-1EC7-4B8F-A30B-E4D90942FC07): 1
LogDevObjectVersion:   Dev-Automation (0DF73D61-A23F-47EA-B727-89E90C41499A): 1
LogInit: Compiled (64-bit): Apr 27 2018 02:06:57
LogInit: Compiled with Visual C++: 19.00.24215.01
LogInit: Build Configuration: Development
LogInit: Branch Name: ++UE4+Release-4.19
LogInit: Command Line:  
LogInit: Base Directory: C:/Program Files/Epic Games/UE_4.19/Engine/Binaries/Win64/
LogInit: Installed Engine Build: 1
LogStreaming: Display: Took  0.013s to delete old logs.
LogInit: Presizing for max 8388607 objects, including 0 objects not considered by GC, pre-allocating 0 bytes for permanent pool.
LogInit: Object subsystem initialized
[2019.01.02-22.30.58:231][  0]LogInit: Selected Device Profile: [Windows]
[2019.01.02-22.30.58:231][  0]LogInit: Applying CVar settings loaded from the selected device profile: [Windows]
[2019.01.02-22.30.58:413][  0]LogInit: Computer: DESKTOP-03EVT9J
[2019.01.02-22.30.58:413][  0]LogInit: User: User
[2019.01.02-22.30.58:413][  0]LogInit: CPU Page size=4096, Cores=4
[2019.01.02-22.30.58:413][  0]LogInit: High frequency timer resolution =3.021666 MHz
[2019.01.02-22.30.58:414][  0]LogMemory: Memory total: Physical=7.9GB (8GB approx)
[2019.01.02-22.30.58:414][  0]LogMemory: Platform Memory Stats for Windows
[2019.01.02-22.30.58:414][  0]LogMemory: Process Physical Memory: 272.95 MB used, 272.95 MB peak
[2019.01.02-22.30.58:414][  0]LogMemory: Process Virtual Memory: 261.95 MB used, 261.95 MB peak
[2019.01.02-22.30.58:414][  0]LogMemory: Physical Memory: 4937.17 MB used,  3191.20 MB free, 8128.37 MB total
[2019.01.02-22.30.58:414][  0]LogMemory: Virtual Memory: 4782.21 MB used,  3191.20 MB free, 134217728.00 MB total
[2019.01.02-22.30.59:146][  0]LogInit: Using OS detected language (en-GB).
[2019.01.02-22.30.59:146][  0]LogInit: Using OS detected locale (en-GB).
[2019.01.02-22.30.59:551][  0]LogTextLocalizationManager: No specific localization for 'en-GB' exists, so the 'en' localization will be used.
[2019.01.02-22.31.00:813][  0]LogStreaming: Display: Took  1.651s to EndInitTextLocalization.
[2019.01.02-22.31.00:859][  0]LogInit: Setting process to per monitor DPI aware
[2019.01.02-22.31.01:895][  0]LogSlate: New Slate User Created.  User Index 0, Is Virtual User: 0
[2019.01.02-22.31.01:895][  0]LogSlate: Slate User Registered.  User Index 0, Is Virtual User: 0
[2019.01.02-22.31.07:664][  0]LogD3D11RHI: D3D11 adapters:
[2019.01.02-22.31.07:835][  0]LogD3D11RHI:    0. 'NVIDIA GeForce GTX 1050 Ti' (Feature Level 11_0)
[2019.01.02-22.31.07:835][  0]LogD3D11RHI:       4018/0/4064 MB DedicatedVideo/DedicatedSystem/SharedSystem, Outputs:1, VendorId:0x10de
[2019.01.02-22.31.07:879][  0]LogD3D11RHI:    1. 'Microsoft Basic Render Driver' (Feature Level 11_0)
[2019.01.02-22.31.07:879][  0]LogD3D11RHI:       0/0/4064 MB DedicatedVideo/DedicatedSystem/SharedSystem, Outputs:0, VendorId:0x1414
[2019.01.02-22.31.07:879][  0]LogD3D11RHI: Chosen D3D11 Adapter: 0
[2019.01.02-22.31.07:913][  0]LogD3D11RHI: Creating new Direct3DDevice
[2019.01.02-22.31.07:913][  0]LogD3D11RHI:     GPU DeviceId: 0x1c82 (for the marketing name, search the web for "GPU Device Id")
[2019.01.02-22.31.07:913][  0]LogWindows: EnumDisplayDevices:
[2019.01.02-22.31.07:914][  0]LogWindows:    0. 'NVIDIA GeForce GTX 1050 Ti' (P:1 D:1)
[2019.01.02-22.31.07:914][  0]LogWindows:    1. 'NVIDIA GeForce GTX 1050 Ti' (P:0 D:0)
[2019.01.02-22.31.07:914][  0]LogWindows:    2. 'NVIDIA GeForce GTX 1050 Ti' (P:0 D:0)
[2019.01.02-22.31.07:914][  0]LogWindows:    3. 'NVIDIA GeForce GTX 1050 Ti' (P:0 D:0)
[2019.01.02-22.31.07:914][  0]LogWindows: DebugString: GetVideoDriverDetailsInvalid PrimaryIsNotTheChoosenAdapter GetVideoDriverDetailsInvalid PrimaryIsNotTheChoosenAdapter GetVideoDriverDetailsInvalid PrimaryIsNotTheChoosenAdapter GetVideoDriverDetailsInvalid PrimaryIsNotTheChoosenAdapter FoundDriverCount:0 
[2019.01.02-22.31.07:914][  0]LogD3D11RHI:     Adapter Name: NVIDIA GeForce GTX 1050 Ti
[2019.01.02-22.31.07:914][  0]LogD3D11RHI:   Driver Version: Unknown (internal:Unknown, unified:Unknown)
[2019.01.02-22.31.07:914][  0]LogD3D11RHI:      Driver Date: Unknown
[2019.01.02-22.31.07:915][  0]LogRHI: Texture pool is 2812 MB (70% of 4018 MB)
[2019.01.02-22.31.08:059][  0]LogD3D11RHI: [Aftermath] Aftermath enabled and primed
[2019.01.02-22.31.08:060][  0]LogD3D11RHI: [Aftermath] Aftermath enabled and primed
[2019.01.02-22.31.08:060][  0]LogD3D11RHI: Async texture creation enabled
[2019.01.02-22.31.08:451][  0]LogD3D11RHI: GPU Timing Frequency: 1000.000000 (Debug: 2 2)
[2019.01.02-22.31.08:553][  0]LogShaderCompilers: Guid format shader working directory is -21 characters bigger than the processId version (../../../../../../Users/User/Documents/Unreal Projects/UTAMA_Alpha/Intermediate/Shaders/WorkingDirectory/2804/).
[2019.01.02-22.31.08:563][  0]LogShaderCompilers: Cleaned the shader compiler working directory 'C:/Users/User/AppData/Local/Temp/UnrealShaderWorkingDir/45D4B46F4CA73AA5BA66CAA9099C8D22/'.
[2019.01.02-22.31.10:661][  0]LogTemp: Display: Loaded TP AllDesktopTargetPlatform
[2019.01.02-22.31.10:688][  0]LogTemp: Display: Loaded TP MacClientTargetPlatform
[2019.01.02-22.31.10:712][  0]LogTemp: Display: Loaded TP MacNoEditorTargetPlatform
[2019.01.02-22.31.10:739][  0]LogTemp: Display: Loaded TP MacServerTargetPlatform
[2019.01.02-22.31.10:796][  0]LogTemp: Display: Loaded TP MacTargetPlatform
[2019.01.02-22.31.10:826][  0]LogTemp: Display: Loaded TP WindowsClientTargetPlatform
[2019.01.02-22.31.10:854][  0]LogTemp: Display: Loaded TP WindowsNoEditorTargetPlatform
[2019.01.02-22.31.10:881][  0]LogTemp: Display: Loaded TP WindowsServerTargetPlatform
[2019.01.02-22.31.10:905][  0]LogTemp: Display: Loaded TP WindowsTargetPlatform
[2019.01.02-22.31.10:929][  0]LogTemp: Display: Loaded TP Android_ASTCTargetPlatform
[2019.01.02-22.31.10:952][  0]LogTemp: Display: Loaded TP Android_ATCTargetPlatform
[2019.01.02-22.31.10:977][  0]LogTemp: Display: Loaded TP Android_DXTTargetPlatform
[2019.01.02-22.31.11:002][  0]LogTemp: Display: Loaded TP Android_ETC1aTargetPlatform
[2019.01.02-22.31.11:026][  0]LogTemp: Display: Loaded TP Android_ETC1TargetPlatform
[2019.01.02-22.31.11:048][  0]LogTemp: Display: Loaded TP Android_ETC2TargetPlatform
[2019.01.02-22.31.11:114][  0]LogTemp: Display: Loaded TP Android_MultiTargetPlatform
[2019.01.02-22.31.11:114][  0]LogTemp: Display: Loaded TP Android_PVRTCTargetPlatform
[2019.01.02-22.31.11:154][  0]LogTemp: Display: Loaded TP AndroidTargetPlatform
[2019.01.02-22.31.11:157][  0]LogTemp: Display: Loaded TP HTML5TargetPlatform
[2019.01.02-22.31.11:263][  0]LogTemp: Display: Loaded TP IOSTargetPlatform
[2019.01.02-22.31.11:286][  0]LogTemp: Display: Loaded TP TVOSTargetPlatform
[2019.01.02-22.31.11:312][  0]LogTemp: Display: Loaded TP LinuxClientTargetPlatform
[2019.01.02-22.31.11:339][  0]LogTemp: Display: Loaded TP LinuxNoEditorTargetPlatform
[2019.01.02-22.31.11:375][  0]LogTemp: Display: Loaded TP LinuxServerTargetPlatform
[2019.01.02-22.31.11:413][  0]LogTemp: Display: Loaded TP LinuxTargetPlatform
[2019.01.02-22.31.11:413][  0]LogTargetPlatformManager: Display: Building Assets For Windows
[2019.01.02-22.31.12:334][  0]LogXGEController: Cleaning working directory: C:/Users/User/AppData/Local/Temp/UnrealXGEWorkingDir/
[2019.01.02-22.31.12:335][  0]LogXGEController: Cannot use XGE Controller as Incredibuild is not installed on this machine.
[2019.01.02-22.31.12:336][  0]LogShaderCompilers: Cannot use XGE Shader Compiler as Incredibuild is not installed on this machine.
[2019.01.02-22.31.12:336][  0]LogShaderCompilers: Display: Using Local Shader Compiler.
[2019.01.02-22.31.18:024][  0]LogDerivedDataCache: Display: Max Cache Size: 512 MB
[2019.01.02-22.31.18:700][  0]LogDerivedDataCache: Loaded boot cache 0.67s 74MB C:/Users/User/AppData/Local/UnrealEngine/4.19/DerivedDataCache/Boot.ddc.
[2019.01.02-22.31.18:700][  0]LogDerivedDataCache: Display: Loaded Boot cache: C:/Users/User/AppData/Local/UnrealEngine/4.19/DerivedDataCache/Boot.ddc
[2019.01.02-22.31.18:700][  0]LogDerivedDataCache: FDerivedDataBackendGraph:  Pak pak cache file ../../../../../../Users/User/Documents/Unreal Projects/UTAMA_Alpha/DerivedDataCache/DDC.ddp not found, will not use a pak cache.
[2019.01.02-22.31.18:700][  0]LogDerivedDataCache: Unable to find inner node Pak for hierarchical cache Hierarchy.
[2019.01.02-22.31.18:700][  0]LogDerivedDataCache: FDerivedDataBackendGraph:  CompressedPak pak cache file ../../../../../../Users/User/Documents/Unreal Projects/UTAMA_Alpha/DerivedDataCache/Compressed.ddp not found, will not use a pak cache.
[2019.01.02-22.31.18:700][  0]LogDerivedDataCache: Unable to find inner node CompressedPak for hierarchical cache Hierarchy.
[2019.01.02-22.31.18:801][  0]LogDerivedDataCache: Display: Pak cache opened for reading ../../../Engine/DerivedDataCache/Compressed.ddp.
[2019.01.02-22.31.18:833][  0]LogDerivedDataCache: Using Local data cache path C:/Users/User/AppData/Local/UnrealEngine/Common/DerivedDataCache: Writable
[2019.01.02-22.31.18:833][  0]LogDerivedDataCache: Shared data cache path not found in *engine.ini, will not use an Shared cache.
[2019.01.02-22.31.18:833][  0]LogDerivedDataCache: Unable to find inner node Shared for hierarchical cache Hierarchy.
[2019.01.02-22.31.18:893][  0]LogMaterial: Verifying Global Shaders for PCD3D_SM5
[2019.01.02-22.31.18:947][  0]LogSlate: Using Freetype 2.6.0
[2019.01.02-22.31.19:045][  0]LogSlate: SlateFontCache - WITH_FREETYPE: 1, WITH_HARFBUZZ: 1
[2019.01.02-22.31.19:045][  0]LogSlate: SlateFontCache - WITH_FREETYPE: 1, WITH_HARFBUZZ: 1
[2019.01.02-22.31.25:467][  0]LogAssetRegistry: FAssetRegistry took 0.0832 seconds to start up
[2019.01.02-22.31.30:598][  0]LogInit: Selected Device Profile: [Windows]
[2019.01.02-22.31.33:885][  0]LogSimplygon: Simplygon DLL not present - disabling.
[2019.01.02-22.31.33:966][  0]LogMeshReduction: Using SimplygonSwarm for distributed automatic mesh merging
[2019.01.02-22.31.33:967][  0]LogMeshReduction: Using QuadricMeshReduction for automatic static mesh reduction
[2019.01.02-22.31.33:967][  0]LogMeshReduction: No automatic skeletal mesh reduction module available
[2019.01.02-22.31.33:967][  0]LogMeshReduction: No automatic mesh merging module available
[2019.01.02-22.31.33:967][  0]LogMeshMerging: No automatic mesh merging module available
[2019.01.02-22.31.34:487][  0]LogNetVersion: UTAMA_Alpha , NetCL: 3944462, EngineNetVer: 2, GameNetVer: 0 (Checksum: 1343494140)
[2019.01.02-22.31.41:067][  0]LogPackageLocalizationCache: Processed 9 localized package path(s) for 2 prioritized culture(s) in 0.320476 seconds
[2019.01.02-22.31.41:112][  0]LogUObjectArray: 36728 objects as part of root set at end of initial load.
[2019.01.02-22.31.41:113][  0]LogUObjectAllocator: 7314312 out of 0 bytes used by permanent object pool.
[2019.01.02-22.31.41:113][  0]LogUObjectArray: CloseDisregardForGC: 0/0 objects in disregard for GC pool
[2019.01.02-22.32.09:005][  0]LogTcpMessaging: Initializing TcpMessaging bridge
[2019.01.02-22.32.09:070][  0]LogUdpMessaging: Initializing bridge on interface 0.0.0.0:0 to multicast group 230.0.0.1:6666.
[2019.01.02-22.32.10:537][  0]SourceControl: Source control is disabled
[2019.01.02-22.32.14:257][  0]LogAndroidPermission: UAndroidPermissionCallbackProxy::GetInstance
[2019.01.02-22.32.14:667][  0]LogOcInput: OculusInput pre-init called
[2019.01.02-22.32.15:743][  0]LogEngine: Initializing Engine...
[2019.01.02-22.32.15:832][  0]LogHMD: Failed to initialize OpenVR with code 110
[2019.01.02-22.32.15:895][  0]LogStats: UGameplayTagsManager::ConstructGameplayTagTree: Construct from data asset -  0.000 s
[2019.01.02-22.32.15:898][  0]LogStats: UGameplayTagsManager::ConstructGameplayTagTree: GameplayTagTreeChangedEvent.Broadcast -  0.002 s
[2019.01.02-22.32.17:486][  0]LogAIModule: Creating AISystem for world Untitled
[2019.01.02-22.32.17:707][  0]LogInit: XAudio2 using 'Speakers (Realtek High Definition Audio)' : 2 channels at 48 kHz using 32 bits per sample (channel mask 0x3)
[2019.01.02-22.32.17:756][  0]LogInit: FAudioDevice initialized.
[2019.01.02-22.32.17:984][  0]LogDerivedDataCache: Saved boot cache 0.19s 74MB C:/Users/User/AppData/Local/UnrealEngine/4.19/DerivedDataCache/Boot.ddc.
[2019.01.02-22.32.18:009][  0]LogInit: Texture streaming: Enabled
[2019.01.02-22.32.18:207][  0]LogEngineSessionManager: EngineSessionManager initialized
[2019.01.02-22.32.18:530][  0]LogInit: Transaction tracking system initialized
[2019.01.02-22.32.19:240][  0]BlueprintLog: New page: Editor Load
[2019.01.02-22.32.21:283][  0]LocalizationService: Localization service is disabled
[2019.01.02-22.32.22:578][  0]LogConsoleResponse: Display: 
[2019.01.02-22.32.25:823][  0]LogFileCache: Scanning file cache for directory 'C:/Users/User/Documents/Unreal Projects/UTAMA_Alpha/Content/' took 0.08s
[2019.01.02-22.32.25:823][  0]LogCook: Display: Max memory allowance for cook 16384mb min free memory 0mb
[2019.01.02-22.32.25:823][  0]LogCook: Display: Mobile HDR setting 1
[2019.01.02-22.32.25:823][  0]LogGameplayTags: Display: UGameplayTagsManager::DoneAddingNativeTags. DelegateIsBound: 0
[2019.01.02-22.32.25:823][  0]LogStats: UGameplayTagsManager::ConstructGameplayTagTree: Construct from data asset -  0.000 s
[2019.01.02-22.32.25:823][  0]LogStats: UGameplayTagsManager::ConstructGameplayTagTree: GameplayTagTreeChangedEvent.Broadcast -  0.000 s
[2019.01.02-22.32.30:604][  0]Cmd: MAP LOAD FILE="../../../../../../Users/User/Documents/Unreal Projects/UTAMA_Alpha/Content/Baywatch.umap" TEMPLATE=0 SHOWPROGRESS=1 FEATURELEVEL=3
[2019.01.02-22.32.30:663][  0]LightingResults: New page: Lighting Build
[2019.01.02-22.32.30:842][  0]MapCheck: New page: Map Check
[2019.01.02-22.32.30:842][  0]LightingResults: New page: Lighting Build
[2019.01.02-22.32.32:165][  0]LogUObjectGlobals: Created PersistentFrame Addr=0x000002a96eae5b00, Size=64, Default__ThirdPerson_AnimBP_C Function /Game/Mannequin/Animations/ThirdPerson_AnimBP.ThirdPerson_AnimBP_C:ExecuteUbergraph_ThirdPerson_AnimBP
[2019.01.02-22.32.32:291][  0]LogUObjectGlobals: Destroyed PersistentFrame Addr=0x000002a96eae5b00, Size=64
[2019.01.02-22.32.32:291][  0]LogUObjectGlobals: Created PersistentFrame Addr=0x000002a96eae5c40, Size=64, Default__ThirdPerson_AnimBP_C Function /Engine/Transient.REINST_ThirdPerson_AnimBP_C_0:ExecuteUbergraph_ThirdPerson_AnimBP
[2019.01.02-22.32.32:353][  0]LogUObjectGlobals: Created PersistentFrame Addr=0x000002a9557a11c0, Size=72, Default__ThirdPerson_AnimBP_C Function /Game/Mannequin/Animations/ThirdPerson_AnimBP.ThirdPerson_AnimBP_C:ExecuteUbergraph_ThirdPerson_AnimBP
[2019.01.02-22.32.33:030][  0]LogUObjectGlobals: Created PersistentFrame Addr=0x000002a955754680, Size=296, Default__ThirdPersonCharacter_C Function /Game/ThirdPersonBP/Blueprints/ThirdPersonCharacter.ThirdPersonCharacter_C:ExecuteUbergraph_ThirdPersonCharacter
[2019.01.02-22.32.33:086][  0]LogUObjectGlobals: Destroyed PersistentFrame Addr=0x000002a955754680, Size=296
[2019.01.02-22.32.33:086][  0]LogUObjectGlobals: Created PersistentFrame Addr=0x000002a9556ef880, Size=296, Default__ThirdPersonCharacter_C Function /Engine/Transient.REINST_ThirdPersonCharacter_C_4:ExecuteUbergraph_ThirdPersonCharacter
[2019.01.02-22.32.33:094][  0]LogUObjectGlobals: Created PersistentFrame Addr=0x000002a9556eec00, Size=296, Default__ThirdPersonCharacter_C Function /Game/ThirdPersonBP/Blueprints/ThirdPersonCharacter.ThirdPersonCharacter_C:ExecuteUbergraph_ThirdPersonCharacter
[2019.01.02-22.32.37:558][  0]LogSkeletalMesh: Skeletal Mesh found in DDC [36.818100ms] /Game/Mannequin/Character/Mesh/SK_Mannequin.SK_Mannequin
[2019.01.02-22.32.42:098][  0]LogAIModule: Creating AISystem for world Baywatch
[2019.01.02-22.32.43:029][  0]LogEditorServer: Finished looking for orphan Actors (0.000 secs)
[2019.01.02-22.32.43:147][  0]LogUObjectGlobals: Destroyed PersistentFrame Addr=0x000002a96eae5c40, Size=64
[2019.01.02-22.32.43:148][  0]LogUObjectGlobals: Destroyed PersistentFrame Addr=0x000002a9556ef880, Size=296
[2019.01.02-22.32.43:225][  0]Cmd: MAP CHECKDEP NOCLEARLOG
[2019.01.02-22.32.43:321][  0]MapCheck: Map check complete: 0 Error(s), 0 Warning(s), took 94.285ms to complete.
[2019.01.02-22.32.43:322][  0]LogFileHelpers: Loading map 'Baywatch' took 12.735
[2019.01.02-22.32.46:136][  0]LogCollectionManager: Loaded 0 collections in 0.003228 seconds
[2019.01.02-22.32.46:339][  0]LogFileCache: Scanning file cache for directory 'C:/Users/User/Documents/Unreal Projects/UTAMA_Alpha/Saved/Collections/' took 0.01s
[2019.01.02-22.32.46:339][  0]LogFileCache: Scanning file cache for directory 'C:/Users/User/Documents/Unreal Projects/UTAMA_Alpha/Content/Developers/User/Collections/' took 0.01s
[2019.01.02-22.32.46:339][  0]LogFileCache: Scanning file cache for directory 'C:/Users/User/Documents/Unreal Projects/UTAMA_Alpha/Content/Collections/' took 0.01s
[2019.01.02-22.32.46:339][  0]LogCollectionManager: Rebuilt the GUID cache for 0 collections in 0.000000 seconds
[2019.01.02-22.32.46:355][  0]LogContentBrowser: Native class hierarchy populated in 0.0142 seconds. Added 2452 classes and 558 folders.
[2019.01.02-22.32.46:604][  0]LogContentBrowser: Native class hierarchy updated for 'WidgetCarousel' in 0.0003 seconds. Added 0 classes and 0 folders.
[2019.01.02-22.32.48:595][  0]LogContentBrowser: Native class hierarchy updated for 'AddContentDialog' in 0.0003 seconds. Added 0 classes and 0 folders.
[2019.01.02-22.32.48:650][  0]LogContentBrowser: Native class hierarchy updated for 'SceneOutliner' in 0.0004 seconds. Added 1 classes and 2 folders.
[2019.01.02-22.32.49:835][  0]LogSlate: Took 0.038476 seconds to synchronously load lazily loaded font '../../../Engine/Content/Slate/Fonts/Roboto-Regular.ttf' (155K)
[2019.01.02-22.32.49:878][  0]LogSlate: Took 0.034136 seconds to synchronously load lazily loaded font '../../../Engine/Content/Slate/Fonts/Roboto-Bold.ttf' (160K)
[2019.01.02-22.32.49:963][  0]LogSlate: Took 0.020618 seconds to synchronously load lazily loaded font '../../../Engine/Content/Editor/Slate/Fonts/FontAwesome.ttf' (139K)
[2019.01.02-22.32.50:516][  0]LogRenderer: Reallocating scene render targets to support 1332x632 Format 9 NumSamples 1 (Frame:1).
[2019.01.02-22.32.51:154][  0]LogSlate: Took 0.014523 seconds to synchronously load lazily loaded font '../../../Engine/Content/Slate/Fonts/Roboto-Light.ttf' (167K)
[2019.01.02-22.32.51:877][  0]LogContentBrowser: Native class hierarchy updated for 'HierarchicalLODOutliner' in 0.0003 seconds. Added 0 classes and 0 folders.
[2019.01.02-22.32.51:877][  0]LogLoad: (Engine Initialization) Total time: 138.58 seconds
[2019.01.02-22.32.51:877][  0]LogLoad: (Engine Initialization) Total Blueprint compile time: 0.00 seconds
[2019.01.02-22.32.52:622][  0]LogContentStreaming: Texture pool size now 600 MB
[2019.01.02-22.32.54:044][  4]LogAssetRegistry: Asset discovery search completed in 88.6257 seconds
[2019.01.02-22.32.54:072][  4]LogCollectionManager: Rebuilt the object cache for 0 collections in 0.000001 seconds (found 0 objects)
[2019.01.02-22.32.54:073][  4]LogCollectionManager: Fixed up redirectors for 0 collections in 0.007024 seconds (updated 0 objects)
[2019.01.02-22.33.07:088][179]LogEditorViewport: Clicking on Actor (LMB): Brush (Box Brush85)
[2019.01.02-22.33.07:611][180]LogEditorViewport: Clicking Background
[2019.01.02-22.33.08:054][213]LogEditorViewport: Clicking on Actor (LMB): Brush (Box Brush23)
[2019.01.02-22.33.09:465][325]LogEditorViewport: Clicking on Actor (LMB): Brush (Box Brush85)
[2019.01.02-22.33.17:081][  1]LogEditorViewport: Clicking on Actor (LMB): Brush (Box Brush104)
[2019.01.02-22.41.40:918][194]LogSlate: FSceneViewport::OnFocusLost() reason 0
[2019.01.02-22.41.41:215][203]LogSlate: Window 'UTAMA_Alpha - Unreal Editor' being destroyed
[2019.01.02-22.41.41:813][204]Cmd: QUIT_EDITOR
[2019.01.02-22.41.42:478][204]LogWindowsTextInputMethodSystem: Display: IME system now deactivated.
[2019.01.02-22.41.43:878][204]LogSlate: Slate User Destroyed.  User Index 0, Is Virtual User: 0
[2019.01.02-22.41.43:900][204]LogExit: Preparing to exit.
[2019.01.02-22.41.44:863][204]LogDirectoryWatcher: A directory notification for 'C:/Users/User/Documents/Unreal Projects/UTAMA_Alpha/Content/' was aborted.
[2019.01.02-22.41.45:101][204]LogExit: Editor shut down
[2019.01.02-22.41.45:108][204]LogExit: Transaction tracking system shut down
[2019.01.02-22.41.45:109][204]LogUObjectGlobals: Destroyed PersistentFrame Addr=0x000002a9557a11c0, Size=72
[2019.01.02-22.41.45:109][204]LogUObjectGlobals: Destroyed PersistentFrame Addr=0x000002a9556eec00, Size=296
[2019.01.02-22.41.45:364][204]LogDirectoryWatcher: A directory notification for '../../../Engine/Content/' was aborted.
[2019.01.02-22.41.45:364][204]LogDirectoryWatcher: A directory notification for '../../../../../../Users/User/Documents/Unreal Projects/UTAMA_Alpha/Content/' was aborted.
[2019.01.02-22.41.45:364][204]LogDirectoryWatcher: A directory notification for '../../Plugins/2D/Paper2D/Content/' was aborted.
[2019.01.02-22.41.45:364][204]LogDirectoryWatcher: A directory notification for '../../Plugins/Enterprise/DatasmithContent/Content/' was aborted.
[2019.01.02-22.41.45:364][204]LogDirectoryWatcher: A directory notification for '../../Plugins/Media/MediaCompositing/Content/' was aborted.
[2019.01.02-22.41.45:364][204]LogDirectoryWatcher: A directory notification for '../../Plugins/Runtime/AppleARKit/Content/' was aborted.
[2019.01.02-22.41.45:364][204]LogDirectoryWatcher: A directory notification for '../../Plugins/Runtime/Oculus/OculusVR/Content/' was aborted.
[2019.01.02-22.41.45:364][204]LogDirectoryWatcher: A directory notification for '../../Plugins/Runtime/Steam/SteamVR/Content/' was aborted.
[2019.01.02-22.41.47:154][204]LogExit: Object subsystem successfully closed.
[2019.01.02-22.41.47:345][204]LogShaderCompilers: Display: Shaders left to compile 0
[2019.01.02-22.41.47:374][204]LogD3D11RHI: Shutdown
[2019.01.02-22.41.47:374][204]LogD3D11RHI: CleanupD3DDevice
[2019.01.02-22.41.47:390][204]LogD3D11RHI: ~FD3D11DynamicRHI
[2019.01.02-22.41.48:235][204]LogModuleManager: Shutting down and abandoning module HierarchicalLODOutliner (574)
[2019.01.02-22.41.48:236][204]LogModuleManager: Shutting down and abandoning module SceneOutliner (572)
[2019.01.02-22.41.48:247][204]LogModuleManager: Shutting down and abandoning module AddContentDialog (570)
[2019.01.02-22.41.48:277][204]LogDirectoryWatcher: A directory notification for 'C:/Program Files/Epic Games/UE_4.19/FeaturePacks/' was aborted.
[2019.01.02-22.41.48:279][204]LogModuleManager: Shutting down and abandoning module WidgetCarousel (569)
[2019.01.02-22.41.48:279][204]LogModuleManager: Shutting down and abandoning module EditorWidgets (566)
[2019.01.02-22.41.48:279][204]LogModuleManager: Shutting down and abandoning module CollectionManager (564)
[2019.01.02-22.41.48:292][204]LogDirectoryWatcher: A directory notification for 'C:/Users/User/Documents/Unreal Projects/UTAMA_Alpha/Content/Collections/' was aborted.
[2019.01.02-22.41.48:292][204]LogDirectoryWatcher: A directory notification for 'C:/Users/User/Documents/Unreal Projects/UTAMA_Alpha/Content/Developers/User/Collections/' was aborted.
[2019.01.02-22.41.48:292][204]LogDirectoryWatcher: A directory notification for 'C:/Users/User/Documents/Unreal Projects/UTAMA_Alpha/Saved/Collections/' was aborted.
[2019.01.02-22.41.48:292][204]LogModuleManager: Shutting down and abandoning module StatsViewer (562)
[2019.01.02-22.41.48:299][204]LogModuleManager: Shutting down and abandoning module FoliageEdit (560)
[2019.01.02-22.41.48:299][204]LogModuleManager: Shutting down and abandoning module LandscapeEditor (558)
[2019.01.02-22.41.48:300][204]LogModuleManager: Shutting down and abandoning module MeshPaintMode (556)
[2019.01.02-22.41.48:300][204]LogModuleManager: Shutting down and abandoning module SceneDepthPickerMode (554)
[2019.01.02-22.41.48:300][204]LogModuleManager: Shutting down and abandoning module ActorPickerMode (552)
[2019.01.02-22.41.48:300][204]LogModuleManager: Shutting down and abandoning module GeometryMode (550)
[2019.01.02-22.41.48:310][204]LogModuleManager: Shutting down and abandoning module TextureAlignMode (548)
[2019.01.02-22.41.48:310][204]LogModuleManager: Shutting down and abandoning module BspMode (546)
[2019.01.02-22.41.48:310][204]LogModuleManager: Shutting down and abandoning module PIEPreviewDeviceProfileSelector (544)
[2019.01.02-22.41.48:310][204]LogModuleManager: Shutting down and abandoning module HardwareSurvey (542)
[2019.01.02-22.41.48:310][204]LogModuleManager: Shutting down and abandoning module SequenceRecorderSections (540)
[2019.01.02-22.41.48:321][204]LogModuleManager: Shutting down and abandoning module AutomationWorker (538)
[2019.01.02-22.41.48:321][204]LogModuleManager: Shutting down and abandoning module AudioCaptureEditor (536)
[2019.01.02-22.41.48:321][204]LogModuleManager: Shutting down and abandoning module SequenceRecorder (535)
[2019.01.02-22.41.48:338][204]LogModuleManager: Shutting down and abandoning module MatineeToLevelSequence (532)
[2019.01.02-22.41.48:350][204]LogModuleManager: Shutting down and abandoning module LevelSequenceEditor (530)
[2019.01.02-22.41.48:403][204]LogModuleManager: Shutting down and abandoning module PlacementMode (529)
[2019.01.02-22.41.48:403][204]LogModuleManager: Shutting down and abandoning module MaterialEditor (528)
[2019.01.02-22.41.48:443][204]LogModuleManager: Shutting down and abandoning module WmfMediaFactory (524)
[2019.01.02-22.41.48:443][204]LogModuleManager: Shutting down and abandoning module WmfMediaEditor (522)
[2019.01.02-22.41.48:443][204]LogModuleManager: Shutting down and abandoning module MediaPlayerEditor (520)
[2019.01.02-22.41.48:466][204]LogModuleManager: Shutting down and abandoning module OpenExrWrapper (518)
[2019.01.02-22.41.48:466][204]LogModuleManager: Shutting down and abandoning module ImgMediaFactory (516)
[2019.01.02-22.41.48:466][204]LogModuleManager: Shutting down and abandoning module ImgMediaEditor (514)
[2019.01.02-22.41.48:466][204]LogModuleManager: Shutting down and abandoning module AvfMediaFactory (512)
[2019.01.02-22.41.48:466][204]LogModuleManager: Shutting down and abandoning module AvfMediaEditor (510)
[2019.01.02-22.41.48:467][204]LogModuleManager: Shutting down and abandoning module AndroidMediaFactory (508)
[2019.01.02-22.41.48:467][204]LogModuleManager: Shutting down and abandoning module AndroidMediaEditor (506)
[2019.01.02-22.41.48:467][204]LogModuleManager: Shutting down and abandoning module CharacterAI (504)
[2019.01.02-22.41.48:467][204]LogModuleManager: Shutting down and abandoning module SmartSnapping (502)
[2019.01.02-22.41.48:467][204]LogModuleManager: Shutting down and abandoning module SessionServices (500)
[2019.01.02-22.41.48:467][204]LogModuleManager: Shutting down and abandoning module ViewportSnapping (498)
[2019.01.02-22.41.48:467][204]LogModuleManager: Shutting down and abandoning module ViewportInteraction (496)
[2019.01.02-22.41.48:467][204]LogModuleManager: Shutting down and abandoning module ClothPainter (494)
[2019.01.02-22.41.48:486][204]LogModuleManager: Shutting down and abandoning module SkeletalMeshEditor (493)
[2019.01.02-22.41.48:504][204]LogModuleManager: Shutting down and abandoning module LogVisualizer (490)
[2019.01.02-22.41.48:510][204]LogModuleManager: Shutting down and abandoning module IntroTutorials (488)
[2019.01.02-22.41.48:529][204]LogModuleManager: Shutting down and abandoning module GameProjectGeneration (487)
[2019.01.02-22.41.48:564][204]LogModuleManager: Shutting down and abandoning module IOSPlatformEditor (484)
[2019.01.02-22.41.48:565][204]LogModuleManager: Shutting down and abandoning module HTML5PlatformEditor (482)
[2019.01.02-22.41.48:565][204]LogModuleManager: Shutting down and abandoning module AndroidPlatformEditor (480)
[2019.01.02-22.41.48:565][204]LogModuleManager: Shutting down and abandoning module AndroidDeviceDetection (479)
[2019.01.02-22.41.48:750][204]LogModuleManager: Shutting down and abandoning module WindowsPlatformEditor (476)
[2019.01.02-22.41.48:750][204]LogModuleManager: Shutting down and abandoning module IOSRuntimeSettings (474)
[2019.01.02-22.41.48:750][204]LogModuleManager: Shutting down and abandoning module AndroidRuntimeSettings (472)
[2019.01.02-22.41.48:750][204]LogModuleManager: Shutting down and abandoning module InputBindingEditor (470)
[2019.01.02-22.41.48:765][204]LogModuleManager: Shutting down and abandoning module MergeActors (468)
[2019.01.02-22.41.48:783][204]LogModuleManager: Shutting down and abandoning module LocalizationDashboard (466)
[2019.01.02-22.41.48:796][204]LogModuleManager: Shutting down and abandoning module LocalizationService (465)
[2019.01.02-22.41.48:798][204]LogModuleManager: Shutting down and abandoning module HardwareTargeting (462)
[2019.01.02-22.41.48:798][204]LogModuleManager: Shutting down and abandoning module DeviceProfileEditor (460)
[2019.01.02-22.41.48:810][204]LogModuleManager: Shutting down and abandoning module UndoHistory (458)
[2019.01.02-22.41.48:810][204]LogModuleManager: Shutting down and abandoning module XmlParser (456)
[2019.01.02-22.41.48:818][204]LogModuleManager: Shutting down and abandoning module Blutility (454)
[2019.01.02-22.41.48:818][204]LogModuleManager: Shutting down and abandoning module ProjectSettingsViewer (452)
[2019.01.02-22.41.48:818][204]LogModuleManager: Shutting down and abandoning module ProjectTargetPlatformEditor (451)
[2019.01.02-22.41.48:818][204]LogModuleManager: Shutting down and abandoning module EditorSettingsViewer (448)
[2019.01.02-22.41.48:818][204]LogModuleManager: Shutting down and abandoning module SettingsEditor (446)
[2019.01.02-22.41.48:840][204]LogModuleManager: Shutting down and abandoning module ProjectLauncher (444)
[2019.01.02-22.41.48:850][204]LogModuleManager: Shutting down and abandoning module SessionFrontend (442)
[2019.01.02-22.41.48:856][204]LogModuleManager: Shutting down and abandoning module ProfilerClient (440)
[2019.01.02-22.41.48:870][204]LogModuleManager: Shutting down and abandoning module DeviceManager (438)
[2019.01.02-22.41.48:880][204]LogModuleManager: Shutting down and abandoning module TargetDeviceServices (437)
[2019.01.02-22.41.48:944][204]LogModuleManager: Shutting down and abandoning module AutomationController (434)
[2019.01.02-22.41.48:955][204]LogModuleManager: Shutting down and abandoning module AutomationWindow (432)
[2019.01.02-22.41.48:980][204]LogModuleManager: Shutting down and abandoning module Layers (430)
[2019.01.02-22.41.49:007][204]LogModuleManager: Shutting down and abandoning module ComponentVisualizers (428)
[2019.01.02-22.41.49:008][204]LogModuleManager: Shutting down and abandoning module DetailCustomizations (426)
[2019.01.02-22.41.49:008][204]LogModuleManager: Shutting down and abandoning module PackagesDialog (424)
[2019.01.02-22.41.49:026][204]LogModuleManager: Shutting down and abandoning module Persona (422)
[2019.01.02-22.41.49:048][204]LogModuleManager: Shutting down and abandoning module AdvancedPreviewScene (421)
[2019.01.02-22.41.49:049][204]LogModuleManager: Shutting down and abandoning module AnimGraph (419)
[2019.01.02-22.41.49:049][204]LogModuleManager: Shutting down and abandoning module Kismet (416)
[2019.01.02-22.41.49:077][204]LogModuleManager: Shutting down and abandoning module GraphEditor (414)
[2019.01.02-22.41.49:097][204]LogModuleManager: Shutting down and abandoning module ClassViewer (412)
[2019.01.02-22.41.49:097][204]LogModuleManager: Shutting down and abandoning module Toolbox (410)
[2019.01.02-22.41.49:097][204]LogModuleManager: Shutting down and abandoning module ModuleUI (408)
[2019.01.02-22.41.49:104][204]LogModuleManager: Shutting down and abandoning module MovieSceneTools (406)
[2019.01.02-22.41.49:105][204]LogModuleManager: Shutting down and abandoning module OutputLog (404)
[2019.01.02-22.41.49:114][204]LogModuleManager: Shutting down and abandoning module GammaUI (402)
[2019.01.02-22.41.49:127][204]LogModuleManager: Shutting down and abandoning module Documentation (400)
[2019.01.02-22.41.49:127][204]LogModuleManager: Shutting down and abandoning module MovieSceneTracks (398)
[2019.01.02-22.41.49:127][204]LogModuleManager: Shutting down and abandoning module MovieScene (396)
[2019.01.02-22.41.49:127][204]LogModuleManager: Shutting down and abandoning module StreamingPauseRendering (394)
[2019.01.02-22.41.49:127][204]LogModuleManager: Shutting down and abandoning module LauncherPlatform (392)
[2019.01.02-22.41.49:127][204]LogModuleManager: Shutting down and abandoning module AnalyticsET (390)
[2019.01.02-22.41.49:127][204]LogModuleManager: Shutting down and abandoning module PortalServices (388)
[2019.01.02-22.41.49:127][204]LogModuleManager: Shutting down and abandoning module PortalRpc (386)
[2019.01.02-22.41.49:127][204]LogModuleManager: Shutting down and abandoning module MessagingRpc (384)
[2019.01.02-22.41.49:127][204]LogModuleManager: Shutting down and abandoning module AIModule (382)
[2019.01.02-22.41.49:128][204]LogModuleManager: Shutting down and abandoning module GameplayDebugger (381)
[2019.01.02-22.41.49:137][204]LogModuleManager: Shutting down and abandoning module AITestSuite (379)
[2019.01.02-22.41.49:148][204]LogModuleManager: Shutting down and abandoning module DesktopPlatform (376)
[2019.01.02-22.41.49:156][204]LogModuleManager: Shutting down and abandoning module ProfilerService (374)
[2019.01.02-22.41.49:293][204]LogModuleManager: Shutting down and abandoning module TaskGraph (372)
[2019.01.02-22.41.49:317][204]LogModuleManager: Shutting down and abandoning module SteamVRController (370)
[2019.01.02-22.41.49:317][204]LogModuleManager: Shutting down and abandoning module ProceduralMeshComponentEditor (368)
[2019.01.02-22.41.49:317][204]LogModuleManager: Shutting down and abandoning module ProceduralMeshComponent (366)
[2019.01.02-22.41.49:325][204]LogModuleManager: Shutting down and abandoning module OculusInput (364)
[2019.01.02-22.41.49:339][204]LogModuleManager: Shutting down and abandoning module MobilePatchingUtils (362)
[2019.01.02-22.41.49:339][204]LogModuleManager: Shutting down and abandoning module CustomMeshComponent (360)
[2019.01.02-22.41.49:339][204]LogModuleManager: Shutting down and abandoning module CableComponent (358)
[2019.01.02-22.41.49:353][204]LogModuleManager: Shutting down and abandoning module AudioCapture (356)
[2019.01.02-22.41.49:353][204]LogModuleManager: Shutting down and abandoning module ArchVisCharacter (354)
[2019.01.02-22.41.49:353][204]LogModuleManager: Shutting down and abandoning module AndroidPermission (352)
[2019.01.02-22.41.49:353][204]LogModuleManager: Shutting down and abandoning module NUTUnrealEngine4 (348)
[2019.01.02-22.41.49:353][204]LogModuleManager: Shutting down and abandoning module NetcodeUnitTest (346)
[2019.01.02-22.41.49:378][204]LogModuleManager: Shutting down and abandoning module MediaCompositingEditor (344)
[2019.01.02-22.41.49:378][204]LogModuleManager: Shutting down and abandoning module MediaCompositing (342)
[2019.01.02-22.41.49:378][204]LogModuleManager: Shutting down and abandoning module LinearTimecode (340)
[2019.01.02-22.41.49:378][204]LogModuleManager: Shutting down and abandoning module ImgMedia (338)
[2019.01.02-22.41.49:393][204]LogModuleManager: Shutting down and abandoning module HTML5Networking (336)
[2019.01.02-22.41.49:393][204]LogModuleManager: Shutting down and abandoning module AlembicImporter (334)
[2019.01.02-22.41.49:394][204]LogModuleManager: Shutting down and abandoning module AlembicLibrary (333)
[2019.01.02-22.41.49:394][204]LogModuleManager: Shutting down and abandoning module GeometryCache (332)
[2019.01.02-22.41.49:394][204]LogModuleManager: Shutting down and abandoning module GeometryCacheEd (331)
[2019.01.02-22.41.49:394][204]LogModuleManager: Shutting down and abandoning module DatasmithContent (326)
[2019.01.02-22.41.49:394][204]LogModuleManager: Shutting down and abandoning module SpeedTreeImporter (324)
[2019.01.02-22.41.49:394][204]LogModuleManager: Shutting down and abandoning module PluginBrowser (322)
[2019.01.02-22.41.49:442][204]LogModuleManager: Shutting down and abandoning module MobileLauncherProfileWizard (320)
[2019.01.02-22.41.49:448][204]LogModuleManager: Shutting down and abandoning module CryptoKeysOpenSSL (318)
[2019.01.02-22.41.49:464][204]LogModuleManager: Shutting down and abandoning module CryptoKeys (316)
[2019.01.02-22.41.49:464][204]LogModuleManager: Shutting down and abandoning module VisualStudioSourceCodeAccess (314)
[2019.01.02-22.41.49:464][204]LogModuleManager: Shutting down and abandoning module VisualStudioCodeSourceCodeAccess (312)
[2019.01.02-22.41.49:464][204]LogModuleManager: Shutting down and abandoning module UObjectPlugin (310)
[2019.01.02-22.41.49:464][204]LogModuleManager: Shutting down and abandoning module SubversionSourceControl (308)
[2019.01.02-22.41.49:470][204]LogModuleManager: Shutting down and abandoning module PerforceSourceControl (306)
[2019.01.02-22.41.49:476][204]LogModuleManager: Shutting down and abandoning module GitSourceControl (304)
[2019.01.02-22.41.49:487][204]LogModuleManager: Shutting down and abandoning module SourceControl (303)
[2019.01.02-22.41.49:495][204]LogModuleManager: Shutting down and abandoning module CLionSourceCodeAccess (300)
[2019.01.02-22.41.49:501][204]LogModuleManager: Shutting down and abandoning module LightPropagationVolumeEditor (298)
[2019.01.02-22.41.49:501][204]LogModuleManager: Shutting down and abandoning module PaperTiledImporter (296)
[2019.01.02-22.41.49:501][204]LogModuleManager: Shutting down and abandoning module PaperSpriteSheetImporter (294)
[2019.01.02-22.41.49:501][204]LogModuleManager: Shutting down and abandoning module Paper2DEditor (292)
[2019.01.02-22.41.49:516][204]LogModuleManager: Shutting down and abandoning module MeshPaint (291)
[2019.01.02-22.41.49:517][204]LogModuleManager: Shutting down and abandoning module RuntimePhysXCooking (288)
[2019.01.02-22.41.49:517][204]LogModuleManager: Shutting down and abandoning module PhysXVehiclesEditor (286)
[2019.01.02-22.41.49:517][204]LogModuleManager: Shutting down and abandoning module PhysXVehicles (284)
[2019.01.02-22.41.49:517][204]LogModuleManager: Shutting down and abandoning module OculusEditor (282)
[2019.01.02-22.41.49:517][204]LogModuleManager: Shutting down and abandoning module LocationServicesBPLibrary (280)
[2019.01.02-22.41.49:517][204]LogModuleManager: Shutting down and abandoning module ImmediatePhysicsEditor (278)
[2019.01.02-22.41.49:517][204]LogModuleManager: Shutting down and abandoning module ImmediatePhysics (276)
[2019.01.02-22.41.49:529][204]LogModuleManager: Shutting down and abandoning module ActorSequence (274)
[2019.01.02-22.41.49:529][204]LogModuleManager: Shutting down and abandoning module UdpMessaging (272)
[2019.01.02-22.41.49:647][204]LogModuleManager: Shutting down and abandoning module TcpMessaging (270)
[2019.01.02-22.41.49:756][204]LogModuleManager: Shutting down and abandoning module GameplayTagsEditor (268)
[2019.01.02-22.41.49:771][204]LogModuleManager: Shutting down and abandoning module FacialAnimationEditor (266)
[2019.01.02-22.41.49:771][204]LogModuleManager: Shutting down and abandoning module FacialAnimation (264)
[2019.01.02-22.41.49:771][204]LogModuleManager: Shutting down and abandoning module DataValidation (262)
[2019.01.02-22.41.49:771][204]LogModuleManager: Shutting down and abandoning module AssetManagerEditor (260)
[2019.01.02-22.41.49:784][204]LogModuleManager: Shutting down and abandoning module LevelEditor (259)
[2019.01.02-22.41.49:786][204]LogModuleManager: Shutting down and abandoning module PixelInspectorModule (258)
[2019.01.02-22.41.49:794][204]LogModuleManager: Shutting down and abandoning module CommonMenuExtensions (256)
[2019.01.02-22.41.49:794][204]LogModuleManager: Shutting down and abandoning module MainFrame (254)
[2019.01.02-22.41.49:794][204]LogModuleManager: Shutting down and abandoning module HotReload (253)
[2019.01.02-22.41.49:806][204]LogModuleManager: Shutting down and abandoning module ContentBrowser (249)
[2019.01.02-22.41.49:807][204]LogModuleManager: Shutting down and abandoning module TreeMap (247)
[2019.01.02-22.41.49:817][204]LogModuleManager: Shutting down and abandoning module LightPropagationVolumeRuntime (244)
[2019.01.02-22.41.49:817][204]LogModuleManager: Shutting down and abandoning module LiveLinkEditor (242)
[2019.01.02-22.41.49:819][204]LogModuleManager: Shutting down and abandoning module LiveLink (240)
[2019.01.02-22.41.50:793][204]LogModuleManager: Shutting down and abandoning module Paper2D (238)
[2019.01.02-22.41.50:811][204]LogModuleManager: Shutting down and abandoning module WindowsMoviePlayer (236)
[2019.01.02-22.41.50:820][204]LogModuleManager: Shutting down and abandoning module WmfMedia (234)
[2019.01.02-22.41.50:832][204]LogModuleManager: Shutting down and abandoning module Media (233)
[2019.01.02-22.41.50:838][204]LogModuleManager: Shutting down and abandoning module PacketHandler (230)
[2019.01.02-22.41.50:838][204]LogModuleManager: Shutting down and abandoning module ClothingSystemEditor (228)
[2019.01.02-22.41.50:838][204]LogModuleManager: Shutting down and abandoning module ClothingSystemRuntime (226)
[2019.01.02-22.41.50:858][204]LogModuleManager: Shutting down and abandoning module MediaAssets (224)
[2019.01.02-22.41.50:858][204]LogModuleManager: Shutting down and abandoning module Overlay (222)
[2019.01.02-22.41.50:858][204]LogModuleManager: Shutting down and abandoning module OverlayEditor (221)
[2019.01.02-22.41.50:858][204]LogModuleManager: Shutting down and abandoning module VREditor (218)
[2019.01.02-22.41.50:873][204]LogModuleManager: Shutting down and abandoning module StringTableEditor (216)
[2019.01.02-22.41.50:873][204]LogModuleManager: Shutting down and abandoning module GameplayTasksEditor (214)
[2019.01.02-22.41.50:873][204]LogModuleManager: Shutting down and abandoning module BehaviorTreeEditor (212)
[2019.01.02-22.41.50:924][204]LogModuleManager: Shutting down and abandoning module FunctionalTesting (210)
[2019.01.02-22.41.50:938][204]LogModuleManager: Shutting down and abandoning module CollisionAnalyzer (208)
[2019.01.02-22.41.50:960][204]LogModuleManager: Shutting down and abandoning module WorkspaceMenuStructure (207)
[2019.01.02-22.41.50:961][204]LogModuleManager: Shutting down and abandoning module UMG (204)
[2019.01.02-22.41.50:981][204]LogModuleManager: Shutting down and abandoning module UMGEditor (203)
[2019.01.02-22.41.51:013][204]LogModuleManager: Shutting down and abandoning module Sequencer (202)
[2019.01.02-22.41.51:032][204]LogModuleManager: Shutting down and abandoning module MessageLog (199)
[2019.01.02-22.41.51:032][204]LogModuleManager: Shutting down and abandoning module SlateReflector (194)
[2019.01.02-22.41.51:050][204]LogModuleManager: Shutting down and abandoning module Slate (192)
[2019.01.02-22.41.51:050][204]LogModuleManager: Shutting down and abandoning module EditorStyle (190)
[2019.01.02-22.41.51:053][204]LogModuleManager: Shutting down and abandoning module MRMesh (188)
[2019.01.02-22.41.51:053][204]LogModuleManager: Shutting down and abandoning module SourceCodeAccess (186)
[2019.01.02-22.41.51:053][204]LogModuleManager: Shutting down and abandoning module HeadMountedDisplay (184)
[2019.01.02-22.41.51:053][204]LogModuleManager: Shutting down and abandoning module XAudio2 (182)
[2019.01.02-22.41.51:053][204]LogModuleManager: Shutting down and abandoning module Networking (180)
[2019.01.02-22.41.51:053][204]LogModuleManager: Shutting down and abandoning module Core (178)
[2019.01.02-22.41.51:053][204]LogModuleManager: Shutting down and abandoning module LevelSequence (176)
[2019.01.02-22.41.51:063][204]LogModuleManager: Shutting down and abandoning module KismetCompiler (174)
[2019.01.02-22.41.51:063][204]LogModuleManager: Shutting down and abandoning module MeshUtilities (172)
[2019.01.02-22.41.51:084][204]LogModuleManager: Shutting down and abandoning module MeshMergeUtilities (171)
[2019.01.02-22.41.51:084][204]LogModuleManager: Shutting down and abandoning module MeshReductionInterface (170)
[2019.01.02-22.41.51:084][204]LogModuleManager: Shutting down and abandoning module SimplygonSwarm (169)
[2019.01.02-22.41.51:091][204]LogModuleManager: Shutting down and abandoning module SimplygonMeshReduction (167)
[2019.01.02-22.41.51:112][204]LogModuleManager: Shutting down and abandoning module QuadricMeshReduction (165)
[2019.01.02-22.41.51:123][204]LogModuleManager: Shutting down and abandoning module MaterialBaking (161)
[2019.01.02-22.41.51:132][204]LogModuleManager: Shutting down and abandoning module DirectoryWatcher (157)
[2019.01.02-22.41.51:133][204]LogModuleManager: Shutting down and abandoning module DerivedDataCache (154)
[2019.01.02-22.41.51:161][204]LogDerivedDataCache: Shutdown
[2019.01.02-22.41.51:161][204]LogModuleManager: Shutting down and abandoning module XGEController (152)
[2019.01.02-22.41.51:161][204]LogXGEController: Cleaning working directory: C:/Users/User/AppData/Local/Temp/UnrealXGEWorkingDir/
[2019.01.02-22.41.51:162][204]LogModuleManager: Shutting down and abandoning module TargetPlatform (150)
[2019.01.02-22.41.51:162][204]LogModuleManager: Shutting down and abandoning module VulkanShaderFormat (149)
[2019.01.02-22.41.51:170][204]LogModuleManager: Shutting down and abandoning module ShaderFormatVectorVM (147)
[2019.01.02-22.41.51:179][204]LogModuleManager: Shutting down and abandoning module ShaderFormatOpenGL (145)
[2019.01.02-22.41.51:186][204]LogModuleManager: Shutting down and abandoning module ShaderFormatD3D (143)
[2019.01.02-22.41.51:194][204]LogModuleManager: Shutting down and abandoning module MetalShaderFormat (141)
[2019.01.02-22.41.51:213][204]LogModuleManager: Shutting down and abandoning module TextureFormatUncompressed (139)
[2019.01.02-22.41.51:213][204]LogModuleManager: Shutting down and abandoning module TextureFormatPVR (137)
[2019.01.02-22.41.51:213][204]LogModuleManager: Shutting down and abandoning module TextureFormatDXT (135)
[2019.01.02-22.41.51:224][204]LogModuleManager: Shutting down and abandoning module TextureFormatIntelISPCTexComp (133)
[2019.01.02-22.41.51:229][204]LogModuleManager: Shutting down and abandoning module TextureFormatASTC (131)
[2019.01.02-22.41.51:229][204]LogModuleManager: Shutting down and abandoning module ImageWrapper (130)
[2019.01.02-22.41.51:229][204]LogModuleManager: Shutting down and abandoning module TextureFormatAndroid (127)
[2019.01.02-22.41.51:229][204]LogModuleManager: Shutting down and abandoning module AudioFormatOpus (125)
[2019.01.02-22.41.51:229][204]LogModuleManager: Shutting down and abandoning module AudioFormatOgg (123)
[2019.01.02-22.41.51:229][204]LogModuleManager: Shutting down and abandoning module AudioFormatADPCM (121)
[2019.01.02-22.41.51:229][204]LogModuleManager: Shutting down and abandoning module LinuxTargetPlatform (119)
[2019.01.02-22.41.51:229][204]LogModuleManager: Shutting down and abandoning module LinuxServerTargetPlatform (117)
[2019.01.02-22.41.51:229][204]LogModuleManager: Shutting down and abandoning module LinuxNoEditorTargetPlatform (115)
[2019.01.02-22.41.51:229][204]LogModuleManager: Shutting down and abandoning module LinuxClientTargetPlatform (113)
[2019.01.02-22.41.51:229][204]LogModuleManager: Shutting down and abandoning module TVOSTargetPlatform (111)
[2019.01.02-22.41.51:229][204]LogModuleManager: Shutting down and abandoning module Messaging (109)
[2019.01.02-22.41.51:230][204]LogModuleManager: Shutting down and abandoning module IOSTargetPlatform (107)
[2019.01.02-22.41.51:230][204]LogModuleManager: Shutting down and abandoning module HTML5TargetPlatform (105)
[2019.01.02-22.41.51:230][204]LogModuleManager: Shutting down and abandoning module AndroidTargetPlatform (103)
[2019.01.02-22.41.51:230][204]LogModuleManager: Shutting down and abandoning module Android_PVRTCTargetPlatform (101)
[2019.01.02-22.41.51:230][204]LogModuleManager: Shutting down and abandoning module Android_MultiTargetPlatform (99)
[2019.01.02-22.41.51:230][204]LogModuleManager: Shutting down and abandoning module Android_ETC2TargetPlatform (97)
[2019.01.02-22.41.51:230][204]LogModuleManager: Shutting down and abandoning module Android_ETC1TargetPlatform (95)
[2019.01.02-22.41.51:230][204]LogModuleManager: Shutting down and abandoning module Android_ETC1aTargetPlatform (93)
[2019.01.02-22.41.51:230][204]LogModuleManager: Shutting down and abandoning module Android_DXTTargetPlatform (91)
[2019.01.02-22.41.51:230][204]LogModuleManager: Shutting down and abandoning module Android_ATCTargetPlatform (89)
[2019.01.02-22.41.51:230][204]LogModuleManager: Shutting down and abandoning module Android_ASTCTargetPlatform (87)
[2019.01.02-22.41.51:230][204]LogModuleManager: Shutting down and abandoning module WindowsTargetPlatform (85)
[2019.01.02-22.41.51:230][204]LogModuleManager: Shutting down and abandoning module WindowsServerTargetPlatform (83)
[2019.01.02-22.41.51:230][204]LogModuleManager: Shutting down and abandoning module WindowsNoEditorTargetPlatform (81)
[2019.01.02-22.41.51:230][204]LogModuleManager: Shutting down and abandoning module WindowsClientTargetPlatform (79)
[2019.01.02-22.41.51:230][204]LogModuleManager: Shutting down and abandoning module MacTargetPlatform (77)
[2019.01.02-22.41.51:230][204]LogModuleManager: Shutting down and abandoning module MacServerTargetPlatform (75)
[2019.01.02-22.41.51:230][204]LogModuleManager: Shutting down and abandoning module MacNoEditorTargetPlatform (73)
[2019.01.02-22.41.51:230][204]LogModuleManager: Shutting down and abandoning module MacClientTargetPlatform (71)
[2019.01.02-22.41.51:230][204]LogModuleManager: Shutting down and abandoning module AllDesktopTargetPlatform (69)
[2019.01.02-22.41.51:230][204]LogModuleManager: Shutting down and abandoning module InputCore (66)
[2019.01.02-22.41.51:230][204]LogModuleManager: Shutting down and abandoning module Settings (64)
[2019.01.02-22.41.51:230][204]LogModuleManager: Shutting down and abandoning module PhysXCooking (62)
[2019.01.02-22.41.51:230][204]LogModuleManager: Shutting down and abandoning module SteamVR (60)
[2019.01.02-22.41.51:230][204]LogModuleManager: Shutting down and abandoning module OculusHMD (58)
[2019.01.02-22.41.51:249][204]LogModuleManager: Shutting down and abandoning module ExampleDeviceProfileSelector (56)
[2019.01.02-22.41.51:249][204]LogModuleManager: Shutting down and abandoning module AppleARKit (54)
[2019.01.02-22.41.51:249][204]LogModuleManager: Shutting down and abandoning module AugmentedReality (51)
[2019.01.02-22.41.51:249][204]LogModuleManager: Shutting down and abandoning module OnlineBlueprintSupport (48)
[2019.01.02-22.41.51:249][204]LogModuleManager: Shutting down and abandoning module OnlineSubsystem (44)
[2019.01.02-22.41.51:286][204]LogModuleManager: Shutting down and abandoning module XMPP (43)
[2019.01.02-22.41.51:308][204]LogModuleManager: Shutting down and abandoning module HTTP (41)
[2019.01.02-22.41.51:319][204]LogHttp: Display: Http module shutting down, but needs to wait on 1 outstanding Http requests:
[2019.01.02-22.41.51:319][204]LogHttp: Display: 	verb=[POST] url=[https://datarouter.ol.epicgames.com/datarouter/api/v1/public/data?SessionID=%7BE5EB31F0-428C-B340-1303-A092C038A25A%7D&AppID=UEEditor.Rocket.Release&AppVersion=4.19.2-4033788%2B%2B%2BUE4%2BRelease-4.19&UserID=484636684161da8322017982f7c3f94d%7C076371b90f624121a03553dc2fb79ee8%7C47796286-ef2a-464a-b3cb-eb94106f420e&AppEnvironment=datacollector-binary&UploadType=eteventstream] status=Processing
[2019.01.02-22.41.51:354][204]LogModuleManager: Shutting down and abandoning module SSL (40)
[2019.01.02-22.41.51:381][204]LogModuleManager: Shutting down and abandoning module AnimationModifiers (36)
[2019.01.02-22.41.51:402][204]LogModuleManager: Shutting down and abandoning module PropertyEditor (35)
[2019.01.02-22.41.51:417][204]LogModuleManager: Shutting down and abandoning module AudioEditor (32)
[2019.01.02-22.41.51:428][204]LogModuleManager: Shutting down and abandoning module TextureCompressor (30)
[2019.01.02-22.41.51:446][204]LogModuleManager: Shutting down and abandoning module ShaderCore (28)
[2019.01.02-22.41.51:446][204]LogModuleManager: Shutting down and abandoning module Landscape (26)
[2019.01.02-22.41.51:446][204]LogModuleManager: Shutting down and abandoning module SlateRHIRenderer (24)
[2019.01.02-22.41.51:462][204]LogModuleManager: Shutting down and abandoning module OpenGLDrv (22)
[2019.01.02-22.41.51:482][204]LogModuleManager: Shutting down and abandoning module D3D11RHI (20)
[2019.01.02-22.41.51:482][204]LogModuleManager: Shutting down and abandoning module AnimGraphRuntime (18)
[2019.01.02-22.41.51:502][204]LogModuleManager: Shutting down and abandoning module Renderer (16)
[2019.01.02-22.41.51:502][204]LogModuleManager: Shutting down and abandoning module Engine (14)
[2019.01.02-22.41.51:502][204]LogModuleManager: Shutting down and abandoning module CoreUObject (12)
[2019.01.02-22.41.51:503][204]LogModuleManager: Shutting down and abandoning module NetworkFile (10)
[2019.01.02-22.41.51:516][204]LogModuleManager: Shutting down and abandoning module CookedIterativeFile (8)
[2019.01.02-22.41.51:516][204]LogModuleManager: Shutting down and abandoning module StreamingFile (6)
[2019.01.02-22.41.51:528][204]LogModuleManager: Shutting down and abandoning module SandboxFile (4)
[2019.01.02-22.41.51:541][204]LogModuleManager: Shutting down and abandoning module PakFile (2)
[2019.01.02-22.41.51:570][204]LogExit: Exiting.
[2019.01.02-22.41.51:608][204]Log file closed, 01/02/19 22:41:51
